#
# A fatal error has been detected by the Java Runtime Environment:
#
#  EXCEPTION_ACCESS_VIOLATION (0xc0000005) at pc=0x000007fb96435520, pid=8496, tid=0x0000000000001ddc
#
# JRE version: Java(TM) SE Runtime Environment (8.0_102-b14) (build 1.8.0_102-b14)
# Java VM: Java HotSpot(TM) 64-Bit Server VM (25.102-b14 mixed mode windows-amd64 compressed oops)
# Problematic frame:
# C  [KinectPV2.dll+0x5520]
#
# Failed to write core dump. Minidumps are not enabled by default on client versions of Windows
#
# If you would like to submit a bug report, please visit:
#   http://bugreport.java.com/bugreport/crash.jsp
# The crash happened outside the Java Virtual Machine in native code.
# See problematic frame for where to report the bug.
#

---------------  T H R E A D  ---------------

Current thread (0x0000000019ae0000):  JavaThread "Animation Thread" [_thread_in_native, id=7644, stack(0x000000001af00000,0x000000001b000000)]

siginfo: ExceptionCode=0xc0000005, reading address 0xffffffffffffffff

Registers:
RAX=0x0000000000000001, RBX=0x0000000000d37ee0, RCX=0x306e00200045004d, RDX=0x0000000000000000
RSP=0x000000001affe700, RBP=0x0000000000000000, RSI=0x0000000000000006, RDI=0x0000000000d38110
R8 =0x000000001affe3c8, R9 =0x0000000000000000, R10=0x0000000000000000, R11=0x0000000000000286
R12=0x0000000000000000, R13=0x000000001aacbd38, R14=0x000000001affe7f0, R15=0x0000000019ae0000
RIP=0x000007fb96435520, EFLAGS=0x0000000000010206

Top of Stack: (sp=0x000000001affe700)
0x000000001affe700:   0000000000d37ee0 000000001aacbd38
0x000000001affe710:   0000000000000000 0000000019ad4440
0x000000001affe720:   0000000019ad4440 000007fb9643177a
0x000000001affe730:   000000001affe7f0 000000001affe7d0
0x000000001affe740:   0000000019ae01f8 0000000019ae0000
0x000000001affe750:   0000000002c483fd 0000000002c60fec
0x000000001affe760:   000000001aacbd38 0000000019ae0000
0x000000001affe770:   0000000019ae0000 0000000019ae0000
0x000000001affe780:   000000001affe848 0000000002c60a02
0x000000001affe790:   000000001affe790 000000001aacbd38
0x000000001affe7a0:   000000001affe7f0 000000001aacdb88
0x000000001affe7b0:   0000000000000000 000000001aacbd38
0x000000001affe7c0:   0000000000000000 000000001affe7f0
0x000000001affe7d0:   000000001affe838 0000000002c47bd0
0x000000001affe7e0:   0000000000000000 0000000002c571a0
0x000000001affe7f0:   000000008453b460 000000001affe7f8 

Instructions: (pc=0x000007fb96435520)
0x000007fb96435500:   89 6f d0 48 8b 0f 48 85 c9 74 09 48 8b 01 ff 50
0x000007fb96435510:   10 48 89 2f 48 8b 8f 90 00 00 00 48 85 c9 74 0d
0x000007fb96435520:   48 8b 01 ff 50 10 48 89 af 90 00 00 00 48 8b 4f
0x000007fb96435530:   30 48 85 c9 74 0a 48 8b 01 ff 50 10 48 89 6f 30 


Register to memory mapping:

RAX=0x0000000000000001 is an unknown value
RBX=0x0000000000d37ee0 is an unknown value
RCX=0x306e00200045004d is an unknown value
RDX=0x0000000000000000 is an unknown value
RSP=0x000000001affe700 is pointing into the stack for thread: 0x0000000019ae0000
RBP=0x0000000000000000 is an unknown value
RSI=0x0000000000000006 is an unknown value
RDI=0x0000000000d38110 is an unknown value
R8 =0x000000001affe3c8 is pointing into the stack for thread: 0x0000000019ae0000
R9 =0x0000000000000000 is an unknown value
R10=0x0000000000000000 is an unknown value
R11=0x0000000000000286 is an unknown value
R12=0x0000000000000000 is an unknown value
R13={method} {0x000000001aacbd40} 'jniStopSignal' '()Z' in 'KinectPV2/Device'
R14=0x000000001affe7f0 is pointing into the stack for thread: 0x0000000019ae0000
R15=0x0000000019ae0000 is a thread


Stack: [0x000000001af00000,0x000000001b000000],  sp=0x000000001affe700,  free space=1017k
Native frames: (J=compiled Java code, j=interpreted, Vv=VM code, C=native code)

Java frames: (J=compiled Java code, j=interpreted, Vv=VM code)
j  KinectPV2.Device.jniStopSignal()Z+0
j  KinectPV2.Device.cleanDevice()Z+1
j  KinectPV2.KinectPV2.dispose()V+10
v  ~StubRoutines::call_stub
j  sun.reflect.NativeMethodAccessorImpl.invoke0(Ljava/lang/reflect/Method;Ljava/lang/Object;[Ljava/lang/Object;)Ljava/lang/Object;+0
j  sun.reflect.NativeMethodAccessorImpl.invoke(Ljava/lang/Object;[Ljava/lang/Object;)Ljava/lang/Object;+100
j  sun.reflect.DelegatingMethodAccessorImpl.invoke(Ljava/lang/Object;[Ljava/lang/Object;)Ljava/lang/Object;+6
j  java.lang.reflect.Method.invoke(Ljava/lang/Object;[Ljava/lang/Object;)Ljava/lang/Object;+56
j  processing.core.PApplet$RegisteredMethods.handle([Ljava/lang/Object;)V+18
J 579 C1 processing.core.PApplet.handleMethods(Ljava/lang/String;)V (21 bytes) @ 0x0000000002e86234 [0x0000000002e85f60+0x2d4]
j  processing.core.PApplet.dispose()V+35
j  processing.core.PSurfaceNone$AnimationThread.run()V+156
v  ~StubRoutines::call_stub

---------------  P R O C E S S  ---------------

Java Threads: ( => current thread )
  0x0000000019b16800 JavaThread "Thread-2" [_thread_blocked, id=7384, stack(0x0000000064450000,0x0000000064550000)]
  0x0000000002a53800 JavaThread "DestroyJavaVM" [_thread_blocked, id=7704, stack(0x00000000025c0000,0x00000000026c0000)]
=>0x0000000019ae0000 JavaThread "Animation Thread" [_thread_in_native, id=7644, stack(0x000000001af00000,0x000000001b000000)]
  0x0000000019ac3800 JavaThread "AWT-EventQueue-0" [_thread_blocked, id=7440, stack(0x000000001ad00000,0x000000001ae00000)]
  0x00000000190c9800 JavaThread "AWT-Windows" daemon [_thread_in_native, id=4140, stack(0x000000001a350000,0x000000001a450000)]
  0x00000000190c7000 JavaThread "AWT-Shutdown" [_thread_blocked, id=2904, stack(0x000000001a250000,0x000000001a350000)]
  0x00000000190c6000 JavaThread "Java2D Disposer" daemon [_thread_blocked, id=4020, stack(0x000000001a150000,0x000000001a250000)]
  0x0000000018d6d800 JavaThread "Service Thread" daemon [_thread_blocked, id=5232, stack(0x00000000196d0000,0x00000000197d0000)]
  0x0000000018cee800 JavaThread "C1 CompilerThread2" daemon [_thread_blocked, id=7444, stack(0x00000000195d0000,0x00000000196d0000)]
  0x0000000018cec000 JavaThread "C2 CompilerThread1" daemon [_thread_blocked, id=8240, stack(0x00000000194d0000,0x00000000195d0000)]
  0x0000000018cea000 JavaThread "C2 CompilerThread0" daemon [_thread_blocked, id=1688, stack(0x00000000193d0000,0x00000000194d0000)]
  0x0000000018cdf000 JavaThread "JDWP Command Reader" daemon [_thread_in_native, id=7052, stack(0x00000000192d0000,0x00000000193d0000)]
  0x0000000018cdb800 JavaThread "JDWP Event Helper Thread" daemon [_thread_blocked, id=3356, stack(0x00000000191d0000,0x00000000192d0000)]
  0x00000000177de800 JavaThread "JDWP Transport Listener: dt_socket" daemon [_thread_blocked, id=6384, stack(0x00000000190d0000,0x00000000191d0000)]
  0x00000000177d4800 JavaThread "Attach Listener" daemon [_thread_blocked, id=8088, stack(0x0000000018bd0000,0x0000000018cd0000)]
  0x000000001778f800 JavaThread "Signal Dispatcher" daemon [_thread_blocked, id=1760, stack(0x0000000018ad0000,0x0000000018bd0000)]
  0x0000000002b4d800 JavaThread "Finalizer" daemon [_thread_blocked, id=6108, stack(0x00000000189d0000,0x0000000018ad0000)]
  0x0000000002b42000 JavaThread "Reference Handler" daemon [_thread_blocked, id=7160, stack(0x00000000188d0000,0x00000000189d0000)]

Other Threads:
  0x0000000017746800 VMThread [stack: 0x00000000187d0000,0x00000000188d0000] [id=2712]
  0x0000000018db2800 WatcherThread [stack: 0x00000000197d0000,0x00000000198d0000] [id=3592]

VM state:not at safepoint (normal execution)

VM Mutex/Monitor currently owned by a thread: None

Heap:
 PSYoungGen      total 71680K, used 43864K [0x00000000d5e00000, 0x00000000da900000, 0x0000000100000000)
  eden space 66560K, 65% used [0x00000000d5e00000,0x00000000d88d6140,0x00000000d9f00000)
  from space 5120K, 0% used [0x00000000da400000,0x00000000da400000,0x00000000da900000)
  to   space 5120K, 0% used [0x00000000d9f00000,0x00000000d9f00000,0x00000000da400000)
 ParOldGen       total 128000K, used 48998K [0x0000000081a00000, 0x0000000089700000, 0x00000000d5e00000)
  object space 128000K, 38% used [0x0000000081a00000,0x00000000849d9930,0x0000000089700000)
 Metaspace       used 10713K, capacity 10902K, committed 11264K, reserved 1058816K
  class space    used 1156K, capacity 1221K, committed 1280K, reserved 1048576K

Card table byte_map: [0x0000000012000000,0x0000000012400000] byte_map_base: 0x0000000011bf3000

Marking Bits: (ParMarkBitMap*) 0x000000006cc8a6c0
 Begin Bits: [0x0000000012ab0000, 0x0000000014a48000)
 End Bits:   [0x0000000014a48000, 0x00000000169e0000)

Polling page: 0x0000000000e70000

CodeCache: size=245760Kb used=3306Kb max_used=3317Kb free=242453Kb
 bounds [0x0000000002c40000, 0x0000000002f90000, 0x0000000011c40000]
 total_blobs=1356 nmethods=868 adapters=409
 compilation: enabled

Compilation events (10 events):
Event: 15.708 Thread 0x0000000018cea000  864   !   4       sun.dc.pr.Rasterizer::beginSubpath (59 bytes)
Event: 15.710 Thread 0x0000000018cea000 nmethod 864 0x0000000002f5b310 code [0x0000000002f5b460, 0x0000000002f5b588]
Event: 15.756 Thread 0x0000000018cec000  865       4       sun.java2d.pipe.AAShapePipe::draw (42 bytes)
Event: 15.763 Thread 0x0000000018cec000 nmethod 865 0x0000000002f5a9d0 code [0x0000000002f5ab40, 0x0000000002f5ae78]
Event: 17.461 Thread 0x0000000018cea000  866       4       java.util.HashMap::getNode (148 bytes)
Event: 17.466 Thread 0x0000000018cea000 nmethod 866 0x0000000002f7e950 code [0x0000000002f7eaa0, 0x0000000002f7ed58]
Event: 17.490 Thread 0x0000000018cee800  867       3       sun.reflect.ClassFileAssembler::emitByte (11 bytes)
Event: 17.491 Thread 0x0000000018cee800 nmethod 867 0x0000000002f7e510 code [0x0000000002f7e680, 0x0000000002f7e868]
Event: 17.491 Thread 0x0000000018cee800  868       3       sun.reflect.ByteVectorImpl::add (38 bytes)
Event: 17.491 Thread 0x0000000018cee800 nmethod 868 0x0000000002f7e050 code [0x0000000002f7e1c0, 0x0000000002f7e3e8]

GC Heap History (6 events):
Event: 1.146 GC heap before
{Heap before GC invocations=1 (full 0):
 PSYoungGen      total 38400K, used 27536K [0x00000000d5e00000, 0x00000000d8880000, 0x0000000100000000)
  eden space 33280K, 82% used [0x00000000d5e00000,0x00000000d78e4140,0x00000000d7e80000)
  from space 5120K, 0% used [0x00000000d8380000,0x00000000d8380000,0x00000000d8880000)
  to   space 5120K, 0% used [0x00000000d7e80000,0x00000000d7e80000,0x00000000d8380000)
 ParOldGen       total 87552K, used 0K [0x0000000081a00000, 0x0000000086f80000, 0x00000000d5e00000)
  object space 87552K, 0% used [0x0000000081a00000,0x0000000081a00000,0x0000000086f80000)
 Metaspace       used 10079K, capacity 10280K, committed 10496K, reserved 1058816K
  class space    used 1096K, capacity 1188K, committed 1280K, reserved 1048576K
Event: 1.161 GC heap after
Heap after GC invocations=1 (full 0):
 PSYoungGen      total 38400K, used 2436K [0x00000000d5e00000, 0x00000000da900000, 0x0000000100000000)
  eden space 33280K, 0% used [0x00000000d5e00000,0x00000000d5e00000,0x00000000d7e80000)
  from space 5120K, 47% used [0x00000000d7e80000,0x00000000d80e1128,0x00000000d8380000)
  to   space 5120K, 0% used [0x00000000da400000,0x00000000da400000,0x00000000da900000)
 ParOldGen       total 87552K, used 40508K [0x0000000081a00000, 0x0000000086f80000, 0x00000000d5e00000)
  object space 87552K, 46% used [0x0000000081a00000,0x000000008418f050,0x0000000086f80000)
 Metaspace       used 10079K, capacity 10280K, committed 10496K, reserved 1058816K
  class space    used 1096K, capacity 1188K, committed 1280K, reserved 1048576K
}
Event: 1.168 GC heap before
{Heap before GC invocations=2 (full 0):
 PSYoungGen      total 38400K, used 35716K [0x00000000d5e00000, 0x00000000da900000, 0x0000000100000000)
  eden space 33280K, 100% used [0x00000000d5e00000,0x00000000d7e80000,0x00000000d7e80000)
  from space 5120K, 47% used [0x00000000d7e80000,0x00000000d80e1128,0x00000000d8380000)
  to   space 5120K, 0% used [0x00000000da400000,0x00000000da400000,0x00000000da900000)
 ParOldGen       total 87552K, used 40508K [0x0000000081a00000, 0x0000000086f80000, 0x00000000d5e00000)
  object space 87552K, 46% used [0x0000000081a00000,0x000000008418f050,0x0000000086f80000)
 Metaspace       used 10080K, capacity 10280K, committed 10496K, reserved 1058816K
  class space    used 1096K, capacity 1188K, committed 1280K, reserved 1048576K
Event: 1.180 GC heap after
Heap after GC invocations=2 (full 0):
 PSYoungGen      total 71680K, used 4861K [0x00000000d5e00000, 0x00000000da900000, 0x0000000100000000)
  eden space 66560K, 0% used [0x00000000d5e00000,0x00000000d5e00000,0x00000000d9f00000)
  from space 5120K, 94% used [0x00000000da400000,0x00000000da8bf690,0x00000000da900000)
  to   space 5120K, 0% used [0x00000000d9f00000,0x00000000d9f00000,0x00000000da400000)
 ParOldGen       total 87552K, used 68537K [0x0000000081a00000, 0x0000000086f80000, 0x00000000d5e00000)
  object space 87552K, 78% used [0x0000000081a00000,0x0000000085cee4b0,0x0000000086f80000)
 Metaspace       used 10080K, capacity 10280K, committed 10496K, reserved 1058816K
  class space    used 1096K, capacity 1188K, committed 1280K, reserved 1048576K
}
Event: 1.180 GC heap before
{Heap before GC invocations=3 (full 1):
 PSYoungGen      total 71680K, used 4861K [0x00000000d5e00000, 0x00000000da900000, 0x0000000100000000)
  eden space 66560K, 0% used [0x00000000d5e00000,0x00000000d5e00000,0x00000000d9f00000)
  from space 5120K, 94% used [0x00000000da400000,0x00000000da8bf690,0x00000000da900000)
  to   space 5120K, 0% used [0x00000000d9f00000,0x00000000d9f00000,0x00000000da400000)
 ParOldGen       total 87552K, used 68537K [0x0000000081a00000, 0x0000000086f80000, 0x00000000d5e00000)
  object space 87552K, 78% used [0x0000000081a00000,0x0000000085cee4b0,0x0000000086f80000)
 Metaspace       used 10080K, capacity 10280K, committed 10496K, reserved 1058816K
  class space    used 1096K, capacity 1188K, committed 1280K, reserved 1048576K
Event: 1.201 GC heap after
Heap after GC invocations=3 (full 1):
 PSYoungGen      total 71680K, used 0K [0x00000000d5e00000, 0x00000000da900000, 0x0000000100000000)
  eden space 66560K, 0% used [0x00000000d5e00000,0x00000000d5e00000,0x00000000d9f00000)
  from space 5120K, 0% used [0x00000000da400000,0x00000000da400000,0x00000000da900000)
  to   space 5120K, 0% used [0x00000000d9f00000,0x00000000d9f00000,0x00000000da400000)
 ParOldGen       total 128000K, used 48998K [0x0000000081a00000, 0x0000000089700000, 0x00000000d5e00000)
  object space 128000K, 38% used [0x0000000081a00000,0x00000000849d9930,0x0000000089700000)
 Metaspace       used 10080K, capacity 10280K, committed 10496K, reserved 1058816K
  class space    used 1096K, capacity 1188K, committed 1280K, reserved 1048576K
}

Deoptimization events (5 events):
Event: 9.092 Thread 0x0000000019ae0000 Uncommon trap: reason=unstable_if action=reinterpret pc=0x0000000002ef9234 method=java.lang.StrictMath.floorOrCeil(DDDD)D @ 90
Event: 12.623 Thread 0x0000000019ae0000 Uncommon trap: reason=unstable_if action=reinterpret pc=0x0000000002eb2520 method=sun.java2d.pipe.AAShapePipe.renderTiles(Lsun/java2d/SunGraphics2D;Ljava/awt/Shape;Lsun/java2d/pipe/AATileGenerator;[I)V @ 148
Event: 15.189 Thread 0x0000000019ae0000 Uncommon trap: reason=unstable_if action=reinterpret pc=0x0000000002f63c58 method=java.lang.StrictMath.floorOrCeil(DDDD)D @ 115
Event: 15.206 Thread 0x0000000019ae0000 Uncommon trap: reason=unstable_if action=reinterpret pc=0x0000000002f1e038 method=java.lang.StrictMath.floorOrCeil(DDDD)D @ 115
Event: 15.222 Thread 0x0000000019ae0000 Uncommon trap: reason=unstable_if action=reinterpret pc=0x0000000002f407d8 method=java.lang.StrictMath.floorOrCeil(DDDD)D @ 115

Internal exceptions (10 events):
Event: 0.351 Thread 0x0000000002a53800 Exception <a 'java/security/PrivilegedActionException'> (0x00000000d622b828) thrown at [C:\re\workspace\8-2-build-windows-amd64-cygwin\jdk8u102\7268\hotspot\src\share\vm\prims\jvm.cpp, line 1386]
Event: 0.351 Thread 0x0000000002a53800 Exception <a 'java/security/PrivilegedActionException'> (0x00000000d622ba38) thrown at [C:\re\workspace\8-2-build-windows-amd64-cygwin\jdk8u102\7268\hotspot\src\share\vm\prims\jvm.cpp, line 1386]
Event: 0.358 Thread 0x0000000002a53800 Exception <a 'java/io/FileNotFoundException'> (0x00000000d622eac0) thrown at [C:\re\workspace\8-2-build-windows-amd64-cygwin\jdk8u102\7268\hotspot\src\share\vm\prims\jni.cpp, line 709]
Event: 0.436 Thread 0x0000000002a53800 Exception <a 'java/lang/NoSuchFieldError': method resolution failed> (0x00000000d62fbd68) thrown at [C:\re\workspace\8-2-build-windows-amd64-cygwin\jdk8u102\7268\hotspot\src\share\vm\prims\methodHandles.cpp, line 1146]
Event: 0.443 Thread 0x0000000002a53800 Exception <a 'java/lang/NoSuchFieldError': method resolution failed> (0x00000000d63090b8) thrown at [C:\re\workspace\8-2-build-windows-amd64-cygwin\jdk8u102\7268\hotspot\src\share\vm\prims\methodHandles.cpp, line 1146]
Event: 0.537 Thread 0x0000000002a53800 Exception <a 'java/io/FileNotFoundException'> (0x00000000d63a7d80) thrown at [C:\re\workspace\8-2-build-windows-amd64-cygwin\jdk8u102\7268\hotspot\src\share\vm\prims\jni.cpp, line 709]
Event: 0.713 Thread 0x0000000002a53800 Exception <a 'java/io/FileNotFoundException'> (0x00000000d65a3970) thrown at [C:\re\workspace\8-2-build-windows-amd64-cygwin\jdk8u102\7268\hotspot\src\share\vm\prims\jni.cpp, line 709]
Event: 0.713 Thread 0x0000000002a53800 Exception <a 'java/lang/NullPointerException'> (0x00000000d65a4020) thrown at [C:\re\workspace\8-2-build-windows-amd64-cygwin\jdk8u102\7268\hotspot\src\share\vm\interpreter\linkResolver.cpp, line 1178]
Event: 0.746 Thread 0x0000000002a53800 Exception <a 'java/security/PrivilegedActionException'> (0x00000000d65ef408) thrown at [C:\re\workspace\8-2-build-windows-amd64-cygwin\jdk8u102\7268\hotspot\src\share\vm\prims\jvm.cpp, line 1386]
Event: 0.746 Thread 0x0000000002a53800 Exception <a 'java/security/PrivilegedActionException'> (0x00000000d65ef800) thrown at [C:\re\workspace\8-2-build-windows-amd64-cygwin\jdk8u102\7268\hotspot\src\share\vm\prims\jvm.cpp, line 1386]

Events (10 events):
Event: 17.491 loading class sun/reflect/Label
Event: 17.491 loading class sun/reflect/Label done
Event: 17.491 loading class sun/reflect/Label$PatchInfo
Event: 17.492 loading class sun/reflect/Label$PatchInfo done
Event: 17.492 loading class sun/reflect/MethodAccessorGenerator$1
Event: 17.492 loading class sun/reflect/MethodAccessorGenerator$1 done
Event: 17.492 loading class sun/reflect/ClassDefiner
Event: 17.492 loading class sun/reflect/ClassDefiner done
Event: 17.492 loading class sun/reflect/ClassDefiner$1
Event: 17.493 loading class sun/reflect/ClassDefiner$1 done


Dynamic libraries:
0x000007f6cc160000 - 0x000007f6cc197000 	C:\processing-3.2.1-windows64\processing-3.2.1\java\bin\java.exe
0x000007fba3640000 - 0x000007fba3800000 	C:\windows\SYSTEM32\ntdll.dll
0x000007fb9fea0000 - 0x000007fb9ffd6000 	C:\windows\system32\KERNEL32.DLL
0x000007fb92540000 - 0x000007fb92572000 	C:\Program Files (x86)\AVG\AVG2015\avghooka.dll
0x000007fb9f550000 - 0x000007fb9f643000 	C:\windows\system32\KERNELBASE.dll
0x000007fba02d0000 - 0x000007fba03ae000 	C:\windows\system32\ADVAPI32.dll
0x000007fba0180000 - 0x000007fba02cc000 	C:\windows\system32\USER32.dll
0x000007fb9ba10000 - 0x000007fb9bc7a000 	C:\windows\WinSxS\amd64_microsoft.windows.common-controls_6595b64144ccf1df_6.0.9200.16579_none_418ab7ef718b27ef\COMCTL32.dll
0x000007fba07d0000 - 0x000007fba0875000 	C:\windows\system32\msvcrt.dll
0x000007fba06f0000 - 0x000007fba0738000 	C:\windows\SYSTEM32\sechost.dll
0x000007fba0880000 - 0x000007fba09c0000 	C:\windows\system32\RPCRT4.dll
0x000007fba0db0000 - 0x000007fba0ef0000 	C:\windows\system32\GDI32.dll
0x000007fba0cc0000 - 0x000007fba0cf9000 	C:\windows\system32\IMM32.DLL
0x000007fb9f930000 - 0x000007fb9fa45000 	C:\windows\system32\MSCTF.dll
0x000000006cd10000 - 0x000000006cde1000 	C:\processing-3.2.1-windows64\processing-3.2.1\java\bin\msvcr100.dll
0x000000006c470000 - 0x000000006cd0a000 	C:\processing-3.2.1-windows64\processing-3.2.1\java\bin\server\jvm.dll
0x000007fb8c9a0000 - 0x000007fb8c9a9000 	C:\windows\SYSTEM32\WSOCK32.dll
0x000007fb9d4d0000 - 0x000007fb9d4f0000 	C:\windows\SYSTEM32\WINMM.dll
0x000007fb995d0000 - 0x000007fb995d9000 	C:\windows\SYSTEM32\VERSION.dll
0x000007fba09c0000 - 0x000007fba09c7000 	C:\windows\system32\PSAPI.DLL
0x000007fba0a30000 - 0x000007fba0a88000 	C:\windows\system32\WS2_32.dll
0x000007fb9d490000 - 0x000007fb9d4c2000 	C:\windows\SYSTEM32\WINMMBASE.dll
0x000007fba2340000 - 0x000007fba2349000 	C:\windows\system32\NSI.dll
0x000000006c460000 - 0x000000006c46f000 	C:\processing-3.2.1-windows64\processing-3.2.1\java\bin\verify.dll
0x000000006c430000 - 0x000000006c459000 	C:\processing-3.2.1-windows64\processing-3.2.1\java\bin\java.dll
0x000000006d650000 - 0x000000006d685000 	C:\processing-3.2.1-windows64\processing-3.2.1\java\bin\jdwp.dll
0x000000006d640000 - 0x000000006d648000 	C:\processing-3.2.1-windows64\processing-3.2.1\java\bin\npt.dll
0x000000006c410000 - 0x000000006c426000 	C:\processing-3.2.1-windows64\processing-3.2.1\java\bin\zip.dll
0x000007fba0ef0000 - 0x000007fba21d0000 	C:\windows\system32\SHELL32.dll
0x000007fba0540000 - 0x000007fba06f0000 	C:\windows\SYSTEM32\combase.dll
0x000007fb9fa50000 - 0x000007fb9faa0000 	C:\windows\system32\SHLWAPI.dll
0x000007fb9d3f0000 - 0x000007fb9d486000 	C:\windows\SYSTEM32\SHCORE.dll
0x000007fb9f220000 - 0x000007fb9f235000 	C:\windows\SYSTEM32\profapi.dll
0x000000006d630000 - 0x000000006d639000 	C:\processing-3.2.1-windows64\processing-3.2.1\java\bin\dt_socket.dll
0x000007fb9ea70000 - 0x000007fb9eacc000 	C:\windows\system32\mswsock.dll
0x000000006c270000 - 0x000000006c408000 	C:\processing-3.2.1-windows64\processing-3.2.1\java\bin\awt.dll
0x000007fb9fd30000 - 0x000007fb9fdf3000 	C:\windows\system32\OLEAUT32.dll
0x000007fb997a0000 - 0x000007fb9983f000 	C:\windows\system32\apphelp.dll
0x000007fb9e0b0000 - 0x000007fb9e196000 	C:\windows\system32\uxtheme.dll
0x000007fb9cbc0000 - 0x000007fb9cbe1000 	C:\windows\SYSTEM32\dwmapi.dll
0x000007fba03b0000 - 0x000007fba052e000 	C:\windows\system32\ole32.dll
0x000007fb9f060000 - 0x000007fb9f06a000 	C:\windows\SYSTEM32\CRYPTBASE.dll
0x000007fb9f000000 - 0x000007fb9f05c000 	C:\windows\SYSTEM32\bcryptPrimitives.dll
0x000000006c1e0000 - 0x000000006c227000 	C:\processing-3.2.1-windows64\processing-3.2.1\java\bin\fontmanager.dll
0x0000000064940000 - 0x0000000064955000 	C:\Users\SADAYOSHI!\Documents\Processing\libraries\sound\library\windows64\libwinpthread-1.dll
0x0000000070440000 - 0x00000000705c1000 	C:\Users\SADAYOSHI!\Documents\Processing\libraries\sound\library\windows64\libsndfile-1.dll
0x0000000063c80000 - 0x0000000063e0e000 	C:\Users\SADAYOSHI!\Documents\Processing\libraries\sound\library\windows64\libmpg123-0.dll
0x0000000065880000 - 0x0000000065f32000 	C:\Users\SADAYOSHI!\Documents\Processing\libraries\sound\library\windows64\libmethcla.dll
0x000000006b980000 - 0x000000006bb8e000 	C:\Users\SADAYOSHI!\Documents\Processing\libraries\sound\library\windows64\libMethClaInterface.dll
0x000007fb9fe00000 - 0x000007fb9fe96000 	C:\windows\SYSTEM32\clbcatq.dll
0x000007fb9d5f0000 - 0x000007fb9d652000 	C:\windows\System32\MMDevApi.dll
0x000007fb9f340000 - 0x000007fb9f362000 	C:\windows\system32\DEVOBJ.dll
0x000007fb9f2f0000 - 0x000007fb9f33f000 	C:\windows\SYSTEM32\cfgmgr32.dll
0x000007fb99f20000 - 0x000007fb99f92000 	C:\windows\SYSTEM32\AUDIOSES.DLL
0x000007fb9f1c0000 - 0x000007fb9f203000 	C:\windows\SYSTEM32\powrprof.dll
0x000000006be90000 - 0x000000006c119000 	C:\Program Files (x86)\Google\Google Japanese Input\GoogleIMEJaTIP64.dll
0x000007fb967c0000 - 0x000007fb96802000 	C:\windows\SYSTEM32\input.dll
0x000007fb8af80000 - 0x000007fb8b0e3000 	C:\windows\SYSTEM32\dbghelp.dll
0x000007fb99a10000 - 0x000007fb99dbf000 	C:\windows\SYSTEM32\d2d1.dll
0x000007fb9c1c0000 - 0x000007fb9c385000 	C:\windows\SYSTEM32\DWrite.dll
0x000007fb9e850000 - 0x000007fb9e86f000 	C:\windows\SYSTEM32\USERENV.dll
0x000007fb881a0000 - 0x000007fb8833c000 	C:\Users\SADAYOSHI!\Documents\Processing\libraries\KinectPV2\library\Kinect20.Face.dll
0x000007fb978f0000 - 0x000007fb97997000 	C:\windows\SYSTEM32\MSVCP110.dll
0x000007fb98eb0000 - 0x000007fb98f84000 	C:\windows\SYSTEM32\MSVCR110.dll
0x000007fb96430000 - 0x000007fb96441000 	C:\Users\SADAYOSHI!\Documents\Processing\libraries\KinectPV2\library\KinectPV2.dll
0x000007fb880e0000 - 0x000007fb8819a000 	C:\windows\SYSTEM32\Kinect20.dll
0x000007fb8daf0000 - 0x000007fb8dbb1000 	C:\windows\SYSTEM32\MFPlat.DLL
0x000007fb9d5c0000 - 0x000007fb9d5c9000 	C:\windows\SYSTEM32\AVRT.dll
0x000000006c160000 - 0x000000006c18a000 	C:\processing-3.2.1-windows64\processing-3.2.1\java\bin\dcpr.dll

VM Arguments:
jvm_args: -agentlib:jdwp=transport=dt_socket,address=8879,server=y,suspend=y,quiet=y -Djna.nosys=true -Djava.ext.dirs=C:\processing-3.2.1-windows64\processing-3.2.1\java\lib\ext -Djava.library.path=;C:\processing-3.2.1-windows64\processing-3.2.1\core\library;C:\Users\SADAYOSHI!\Documents\Processing\libraries\KinectPV2\library;C:\Users\SADAYOSHI!\Documents\Processing\libraries\sound\library\windows64;C:\processing-3.2.1-windows64\processing-3.2.1\java\bin;C:\windows\system32;C:\windows;C:\ProgramData\Oracle\Java\javapath;C:\Program Files (x86)\Intel\iCLS Client;C:\Program Files\Intel\iCLS Client;C:\windows\system32;C:\windows;C:\windows\System32\Wbem;C:\windows\System32\WindowsPowerShell\v1.0;C:\Program Files\Intel\Intel(R) Management Engine Components\DAL;C:\Program Files\Intel\Intel(R) Management Engine Components\IPT;C:\Program Files (x86)\Intel\Intel(R) Management Engine Components\DAL;C:\Program Files (x86)\Intel\Intel(R) Management Engine Components\IPT;C:\Program Files (x86)\Intel\OpenCL SDK\2.0\bin\x86;C:\Program Files (x86)\Intel\OpenCL SDK\2.0\bin\x64;C:\Program Files\Java\jre6\bin;C:\borland\bcc55\Bin;C:\Program Files (x86)\QuickTime\QTSystem;C:\apache-ant-1.9.4\bin;C:\Program Files (x86)\Skype\Phone;C:\MinGW\bin;C:\processing-3.2.1-windows64\processing-3.2.1\java\bin;. -ea 
java_command: processing.core.PApplet --location=0,0 --external --display=1 --present --stop-color=#cccccc --window-color=#666666 --sketch-path=C:\Users\SADAYOSHI!\Documents\GitHub\Sound-Motion_Mod\SoundMotion_v5a SoundMotion_v5a
java_class_path (initial): C:\Users\SADAYO~1\AppData\Local\Temp\SoundMotion_v5a7294367433774398262temp;C:\processing-3.2.1-windows64\processing-3.2.1\core\library\core.jar;C:\processing-3.2.1-windows64\processing-3.2.1\core\library\gluegen-rt-natives-linux-amd64.jar;C:\processing-3.2.1-windows64\processing-3.2.1\core\library\gluegen-rt-natives-linux-armv6hf.jar;C:\processing-3.2.1-windows64\processing-3.2.1\core\library\gluegen-rt-natives-linux-i586.jar;C:\processing-3.2.1-windows64\processing-3.2.1\core\library\gluegen-rt-natives-macosx-universal.jar;C:\processing-3.2.1-windows64\processing-3.2.1\core\library\gluegen-rt-natives-windows-amd64.jar;C:\processing-3.2.1-windows64\processing-3.2.1\core\library\gluegen-rt-natives-windows-i586.jar;C:\processing-3.2.1-windows64\processing-3.2.1\core\library\gluegen-rt.jar;C:\processing-3.2.1-windows64\processing-3.2.1\core\library\jogl-all-natives-linux-amd64.jar;C:\processing-3.2.1-windows64\processing-3.2.1\core\library\jogl-all-natives-linux-armv6hf.jar;C:\processing-3.2.1-windows64\processing-3.2.1\core\library\jogl-all-natives-linux-i586.jar;C:\processing-3.2.1-windows64\processing-3.2.1\core\library\jogl-all-natives-macosx-universal.jar;C:\processing-3.2.1-windows64\processing-3.2.1\core\library\jogl-all-natives-windows-amd64.jar;C:\processing-3.2.1-windows64\processing-3.2.1\core\library\jogl-all-natives-windows-i586.jar;C:\processing-3.2.1-windows64\processing-3.2.1\core\library\jogl-all.jar;C:\Users\SADAYOSHI!\Documents\Processing\libraries\KinectPV2\library\KinectPV2.jar;C:\Users\SADAYOSHI!\Documents\Processing\libraries\sound\library\sound.jar;lib;lib\pde.jar;core\library\core.jar;lib\jna.jar;lib\jna-platform.jar;lib\antlr.jar;lib\ant.jar;lib\ant-launcher.jar
Launcher Type: SUN_STANDARD

Environment Variables:
CLASSPATH=.;C:\Program Files (x86)\Java\jre7\lib\ext\QTJava.zip
PATH=C:\ProgramData\Oracle\Java\javapath;C:\Program Files (x86)\Intel\iCLS Client\;C:\Program Files\Intel\iCLS Client\;C:\windows\system32;C:\windows;C:\windows\System32\Wbem;C:\windows\System32\WindowsPowerShell\v1.0\;C:\Program Files\Intel\Intel(R) Management Engine Components\DAL;C:\Program Files\Intel\Intel(R) Management Engine Components\IPT;C:\Program Files (x86)\Intel\Intel(R) Management Engine Components\DAL;C:\Program Files (x86)\Intel\Intel(R) Management Engine Components\IPT;C:\Program Files (x86)\Intel\OpenCL SDK\2.0\bin\x86;C:\Program Files (x86)\Intel\OpenCL SDK\2.0\bin\x64;C:\Program Files\Java\jre6\bin;C:\borland\bcc55\Bin;C:\Program Files (x86)\QuickTime\QTSystem\;C:\apache-ant-1.9.4\bin;C:\Users\by_sK\AppData\Local\Android\sdk\platform-tools;C:\Program Files (x86)\Skype\Phone\;C:\MinGW\bin;;C:\processing-3.2.1-windows64\processing-3.2.1\java\bin
USERNAME=SADAYOSHI!
OS=Windows_NT
PROCESSOR_IDENTIFIER=Intel64 Family 6 Model 58 Stepping 9, GenuineIntel



---------------  S Y S T E M  ---------------

OS: Windows 8 , 64 bit Build 9200 (6.2.9200.16384)

CPU:total 4 (2 cores per cpu, 2 threads per core) family 6 model 58 stepping 9, cmov, cx8, fxsr, mmx, sse, sse2, sse3, ssse3, sse4.1, sse4.2, popcnt, avx, clmul, erms, ht, tsc, tscinvbit, tscinv

Memory: 4k page, physical 8280212k(4486360k free), swap 11163796k(5494196k free)

vm_info: Java HotSpot(TM) 64-Bit Server VM (25.102-b14) for windows-amd64 JRE (1.8.0_102-b14), built on Jun 22 2016 13:15:21 by "java_re" with MS VC++ 10.0 (VS2010)

time: Mon Nov 21 17:48:53 2016
elapsed time: 17 seconds (0d 0h 0m 17s)

