#
# A fatal error has been detected by the Java Runtime Environment:
#
#  EXCEPTION_ACCESS_VIOLATION (0xc0000005) at pc=0x000007fafd525520, pid=31920, tid=0x0000000000007da8
#
# JRE version: Java(TM) SE Runtime Environment (8.0_102-b14) (build 1.8.0_102-b14)
# Java VM: Java HotSpot(TM) 64-Bit Server VM (25.102-b14 mixed mode windows-amd64 compressed oops)
# Problematic frame:
# C  [KinectPV2.dll+0x5520]
#
# Failed to write core dump. Minidumps are not enabled by default on client versions of Windows
#
# If you would like to submit a bug report, please visit:
#   http://bugreport.java.com/bugreport/crash.jsp
# The crash happened outside the Java Virtual Machine in native code.
# See problematic frame for where to report the bug.
#

---------------  T H R E A D  ---------------

Current thread (0x000000001a276800):  JavaThread "Animation Thread" [_thread_in_native, id=32168, stack(0x000000001b560000,0x000000001b660000)]

siginfo: ExceptionCode=0xc0000005, reading address 0xffffffffffffffff

Registers:
RAX=0x0000000000000001, RBX=0x00000000011594a0, RCX=0xa87a7a7a9e616161, RDX=0x0000000000000000
RSP=0x000000001b65e2e0, RBP=0x0000000000000000, RSI=0x0000000000000006, RDI=0x00000000011596d0
R8 =0x000000001b65dfa8, R9 =0x0000000000000000, R10=0x0000000000000000, R11=0x0000000000000286
R12=0x0000000000000000, R13=0x000000001b11be18, R14=0x000000001b65e3d0, R15=0x000000001a276800
RIP=0x000007fafd525520, EFLAGS=0x0000000000010282

Top of Stack: (sp=0x000000001b65e2e0)
0x000000001b65e2e0:   00000000011594a0 000000001b11be18
0x000000001b65e2f0:   0000000000000000 000000001a131930
0x000000001b65e300:   000000001a131930 000007fafd52177a
0x000000001b65e310:   000000001b65e3d0 000000001b65e3b0
0x000000001b65e320:   000000001a2769f8 000000001a276800
0x000000001b65e330:   0000000002fc83fd 0000000002fe0fec
0x000000001b65e340:   000000001b11be18 000000001a276800
0x000000001b65e350:   000000001a276800 000000001a276800
0x000000001b65e360:   000000001b65e428 0000000002fe0a02
0x000000001b65e370:   000000001b65e370 000000001b11be18
0x000000001b65e380:   000000001b65e3d0 000000001b11dc68
0x000000001b65e390:   0000000000000000 000000001b11be18
0x000000001b65e3a0:   0000000000000000 000000001b65e3d0
0x000000001b65e3b0:   000000001b65e418 0000000002fc7bd0
0x000000001b65e3c0:   0000000000000000 0000000002fd71a0
0x000000001b65e3d0:   0000000084541aa0 000000001b65e3d8 

Instructions: (pc=0x000007fafd525520)
0x000007fafd525500:   89 6f d0 48 8b 0f 48 85 c9 74 09 48 8b 01 ff 50
0x000007fafd525510:   10 48 89 2f 48 8b 8f 90 00 00 00 48 85 c9 74 0d
0x000007fafd525520:   48 8b 01 ff 50 10 48 89 af 90 00 00 00 48 8b 4f
0x000007fafd525530:   30 48 85 c9 74 0a 48 8b 01 ff 50 10 48 89 6f 30 


Register to memory mapping:

RAX=0x0000000000000001 is an unknown value
RBX=0x00000000011594a0 is an unknown value
RCX=0xa87a7a7a9e616161 is an unknown value
RDX=0x0000000000000000 is an unknown value
RSP=0x000000001b65e2e0 is pointing into the stack for thread: 0x000000001a276800
RBP=0x0000000000000000 is an unknown value
RSI=0x0000000000000006 is an unknown value
RDI=0x00000000011596d0 is an unknown value
R8 =0x000000001b65dfa8 is pointing into the stack for thread: 0x000000001a276800
R9 =0x0000000000000000 is an unknown value
R10=0x0000000000000000 is an unknown value
R11=0x0000000000000286 is an unknown value
R12=0x0000000000000000 is an unknown value
R13={method} {0x000000001b11be20} 'jniStopSignal' '()Z' in 'KinectPV2/Device'
R14=0x000000001b65e3d0 is pointing into the stack for thread: 0x000000001a276800
R15=0x000000001a276800 is a thread


Stack: [0x000000001b560000,0x000000001b660000],  sp=0x000000001b65e2e0,  free space=1016k
Native frames: (J=compiled Java code, j=interpreted, Vv=VM code, C=native code)

Java frames: (J=compiled Java code, j=interpreted, Vv=VM code)
j  KinectPV2.Device.jniStopSignal()Z+0
j  KinectPV2.Device.cleanDevice()Z+1
j  KinectPV2.KinectPV2.dispose()V+10
v  ~StubRoutines::call_stub
j  sun.reflect.NativeMethodAccessorImpl.invoke0(Ljava/lang/reflect/Method;Ljava/lang/Object;[Ljava/lang/Object;)Ljava/lang/Object;+0
j  sun.reflect.NativeMethodAccessorImpl.invoke(Ljava/lang/Object;[Ljava/lang/Object;)Ljava/lang/Object;+100
j  sun.reflect.DelegatingMethodAccessorImpl.invoke(Ljava/lang/Object;[Ljava/lang/Object;)Ljava/lang/Object;+6
j  java.lang.reflect.Method.invoke(Ljava/lang/Object;[Ljava/lang/Object;)Ljava/lang/Object;+56
j  processing.core.PApplet$RegisteredMethods.handle([Ljava/lang/Object;)V+18
J 551 C1 processing.core.PApplet.handleMethods(Ljava/lang/String;)V (21 bytes) @ 0x00000000031efbf4 [0x00000000031ef920+0x2d4]
j  processing.core.PApplet.dispose()V+35
j  processing.core.PSurfaceNone$AnimationThread.run()V+156
v  ~StubRoutines::call_stub

---------------  P R O C E S S  ---------------

Java Threads: ( => current thread )
  0x0000000002ec3800 JavaThread "DestroyJavaVM" [_thread_blocked, id=35056, stack(0x0000000002dc0000,0x0000000002ec0000)]
=>0x000000001a276800 JavaThread "Animation Thread" [_thread_in_native, id=32168, stack(0x000000001b560000,0x000000001b660000)]
  0x000000001a23d000 JavaThread "AWT-EventQueue-0" [_thread_blocked, id=34072, stack(0x000000001b360000,0x000000001b460000)]
  0x000000001a108000 JavaThread "AWT-Windows" daemon [_thread_in_native, id=34048, stack(0x000000001aa80000,0x000000001ab80000)]
  0x000000001a107800 JavaThread "AWT-Shutdown" [_thread_blocked, id=34056, stack(0x000000001a980000,0x000000001aa80000)]
  0x000000001a106800 JavaThread "Java2D Disposer" daemon [_thread_blocked, id=35124, stack(0x000000001a880000,0x000000001a980000)]
  0x00000000191b3800 JavaThread "Service Thread" daemon [_thread_blocked, id=35012, stack(0x0000000019b10000,0x0000000019c10000)]
  0x000000001912c800 JavaThread "C1 CompilerThread2" daemon [_thread_blocked, id=33540, stack(0x0000000019a10000,0x0000000019b10000)]
  0x000000001912c000 JavaThread "C2 CompilerThread1" daemon [_thread_blocked, id=31684, stack(0x0000000019910000,0x0000000019a10000)]
  0x000000001912a000 JavaThread "C2 CompilerThread0" daemon [_thread_blocked, id=32384, stack(0x0000000019810000,0x0000000019910000)]
  0x000000001911f800 JavaThread "JDWP Command Reader" daemon [_thread_in_native, id=31564, stack(0x0000000019710000,0x0000000019810000)]
  0x000000001911c000 JavaThread "JDWP Event Helper Thread" daemon [_thread_blocked, id=32844, stack(0x0000000019610000,0x0000000019710000)]
  0x0000000017b8c800 JavaThread "JDWP Transport Listener: dt_socket" daemon [_thread_blocked, id=35908, stack(0x0000000019510000,0x0000000019610000)]
  0x0000000017b85800 JavaThread "Attach Listener" daemon [_thread_blocked, id=34744, stack(0x0000000019010000,0x0000000019110000)]
  0x0000000017b41000 JavaThread "Signal Dispatcher" daemon [_thread_blocked, id=35920, stack(0x0000000018f10000,0x0000000019010000)]
  0x0000000017b1a000 JavaThread "Finalizer" daemon [_thread_blocked, id=30704, stack(0x0000000018d90000,0x0000000018e90000)]
  0x0000000017af9000 JavaThread "Reference Handler" daemon [_thread_blocked, id=35372, stack(0x0000000018c90000,0x0000000018d90000)]

Other Threads:
  0x0000000017af7800 VMThread [stack: 0x0000000018b90000,0x0000000018c90000] [id=35248]
  0x00000000191fe000 WatcherThread [stack: 0x0000000019c10000,0x0000000019d10000] [id=33240]

VM state:not at safepoint (normal execution)

VM Mutex/Monitor currently owned by a thread: None

Heap:
 PSYoungGen      total 71680K, used 8701K [0x00000000d5e00000, 0x00000000de580000, 0x0000000100000000)
  eden space 66560K, 5% used [0x00000000d5e00000,0x00000000d6182bf8,0x00000000d9f00000)
  from space 5120K, 99% used [0x00000000d9f00000,0x00000000da3fc820,0x00000000da400000)
  to   space 5120K, 0% used [0x00000000de080000,0x00000000de080000,0x00000000de580000)
 ParOldGen       total 128000K, used 79645K [0x0000000081a00000, 0x0000000089700000, 0x00000000d5e00000)
  object space 128000K, 62% used [0x0000000081a00000,0x00000000867c7580,0x0000000089700000)
 Metaspace       used 10750K, capacity 10944K, committed 11264K, reserved 1058816K
  class space    used 1164K, capacity 1256K, committed 1280K, reserved 1048576K

Card table byte_map: [0x0000000012380000,0x0000000012780000] byte_map_base: 0x0000000011f73000

Marking Bits: (ParMarkBitMap*) 0x000000006576a6c0
 Begin Bits: [0x0000000012e30000, 0x0000000014dc8000)
 End Bits:   [0x0000000014dc8000, 0x0000000016d60000)

Polling page: 0x0000000001300000

CodeCache: size=245760Kb used=3514Kb max_used=3518Kb free=242245Kb
 bounds [0x0000000002fc0000, 0x0000000003340000, 0x0000000011fc0000]
 total_blobs=1380 nmethods=893 adapters=408
 compilation: enabled

Compilation events (10 events):
Event: 57.421 Thread 0x000000001912c800  889       3       java.awt.event.InputEvent::getModifiers (8 bytes)
Event: 57.421 Thread 0x000000001912c800 nmethod 889 0x00000000033265d0 code [0x0000000003326720, 0x0000000003326870]
Event: 57.596 Thread 0x000000001912c800  890       1       java.beans.PropertyChangeEvent::getOldValue (5 bytes)
Event: 57.596 Thread 0x000000001912c800 nmethod 890 0x0000000003326310 code [0x0000000003326460, 0x0000000003326570]
Event: 57.596 Thread 0x000000001912c800  891       3       sun.util.locale.LocaleUtils::toLower (17 bytes)
Event: 57.597 Thread 0x000000001912c800 nmethod 891 0x0000000003325e90 code [0x0000000003326000, 0x0000000003326270]
Event: 58.470 Thread 0x000000001912c800  892       3       sun.reflect.ClassFileAssembler::emitByte (11 bytes)
Event: 58.471 Thread 0x000000001912c800 nmethod 892 0x0000000003325810 code [0x0000000003325980, 0x0000000003325b68]
Event: 58.471 Thread 0x000000001912c800  893       3       sun.reflect.ByteVectorImpl::add (38 bytes)
Event: 58.471 Thread 0x000000001912c800 nmethod 893 0x0000000003325350 code [0x00000000033254c0, 0x00000000033256e8]

GC Heap History (8 events):
Event: 1.091 GC heap before
{Heap before GC invocations=1 (full 0):
 PSYoungGen      total 38400K, used 27535K [0x00000000d5e00000, 0x00000000d8880000, 0x0000000100000000)
  eden space 33280K, 82% used [0x00000000d5e00000,0x00000000d78e3ed8,0x00000000d7e80000)
  from space 5120K, 0% used [0x00000000d8380000,0x00000000d8380000,0x00000000d8880000)
  to   space 5120K, 0% used [0x00000000d7e80000,0x00000000d7e80000,0x00000000d8380000)
 ParOldGen       total 87552K, used 0K [0x0000000081a00000, 0x0000000086f80000, 0x00000000d5e00000)
  object space 87552K, 0% used [0x0000000081a00000,0x0000000081a00000,0x0000000086f80000)
 Metaspace       used 10072K, capacity 10216K, committed 10496K, reserved 1058816K
  class space    used 1096K, capacity 1188K, committed 1280K, reserved 1048576K
Event: 1.107 GC heap after
Heap after GC invocations=1 (full 0):
 PSYoungGen      total 38400K, used 2422K [0x00000000d5e00000, 0x00000000da900000, 0x0000000100000000)
  eden space 33280K, 0% used [0x00000000d5e00000,0x00000000d5e00000,0x00000000d7e80000)
  from space 5120K, 47% used [0x00000000d7e80000,0x00000000d80dd860,0x00000000d8380000)
  to   space 5120K, 0% used [0x00000000da400000,0x00000000da400000,0x00000000da900000)
 ParOldGen       total 87552K, used 40508K [0x0000000081a00000, 0x0000000086f80000, 0x00000000d5e00000)
  object space 87552K, 46% used [0x0000000081a00000,0x000000008418f050,0x0000000086f80000)
 Metaspace       used 10072K, capacity 10216K, committed 10496K, reserved 1058816K
  class space    used 1096K, capacity 1188K, committed 1280K, reserved 1048576K
}
Event: 1.111 GC heap before
{Heap before GC invocations=2 (full 0):
 PSYoungGen      total 38400K, used 35179K [0x00000000d5e00000, 0x00000000da900000, 0x0000000100000000)
  eden space 33280K, 98% used [0x00000000d5e00000,0x00000000d7dfd700,0x00000000d7e80000)
  from space 5120K, 47% used [0x00000000d7e80000,0x00000000d80dd860,0x00000000d8380000)
  to   space 5120K, 0% used [0x00000000da400000,0x00000000da400000,0x00000000da900000)
 ParOldGen       total 87552K, used 40508K [0x0000000081a00000, 0x0000000086f80000, 0x00000000d5e00000)
  object space 87552K, 46% used [0x0000000081a00000,0x000000008418f050,0x0000000086f80000)
 Metaspace       used 10074K, capacity 10216K, committed 10496K, reserved 1058816K
  class space    used 1096K, capacity 1188K, committed 1280K, reserved 1048576K
Event: 1.122 GC heap after
Heap after GC invocations=2 (full 0):
 PSYoungGen      total 71680K, used 4829K [0x00000000d5e00000, 0x00000000da900000, 0x0000000100000000)
  eden space 66560K, 0% used [0x00000000d5e00000,0x00000000d5e00000,0x00000000d9f00000)
  from space 5120K, 94% used [0x00000000da400000,0x00000000da8b7690,0x00000000da900000)
  to   space 5120K, 0% used [0x00000000d9f00000,0x00000000d9f00000,0x00000000da400000)
 ParOldGen       total 87552K, used 68537K [0x0000000081a00000, 0x0000000086f80000, 0x00000000d5e00000)
  object space 87552K, 78% used [0x0000000081a00000,0x0000000085cee4b0,0x0000000086f80000)
 Metaspace       used 10074K, capacity 10216K, committed 10496K, reserved 1058816K
  class space    used 1096K, capacity 1188K, committed 1280K, reserved 1048576K
}
Event: 1.122 GC heap before
{Heap before GC invocations=3 (full 1):
 PSYoungGen      total 71680K, used 4829K [0x00000000d5e00000, 0x00000000da900000, 0x0000000100000000)
  eden space 66560K, 0% used [0x00000000d5e00000,0x00000000d5e00000,0x00000000d9f00000)
  from space 5120K, 94% used [0x00000000da400000,0x00000000da8b7690,0x00000000da900000)
  to   space 5120K, 0% used [0x00000000d9f00000,0x00000000d9f00000,0x00000000da400000)
 ParOldGen       total 87552K, used 68537K [0x0000000081a00000, 0x0000000086f80000, 0x00000000d5e00000)
  object space 87552K, 78% used [0x0000000081a00000,0x0000000085cee4b0,0x0000000086f80000)
 Metaspace       used 10074K, capacity 10216K, committed 10496K, reserved 1058816K
  class space    used 1096K, capacity 1188K, committed 1280K, reserved 1048576K
Event: 1.143 GC heap after
Heap after GC invocations=3 (full 1):
 PSYoungGen      total 71680K, used 0K [0x00000000d5e00000, 0x00000000da900000, 0x0000000100000000)
  eden space 66560K, 0% used [0x00000000d5e00000,0x00000000d5e00000,0x00000000d9f00000)
  from space 5120K, 0% used [0x00000000da400000,0x00000000da400000,0x00000000da900000)
  to   space 5120K, 0% used [0x00000000d9f00000,0x00000000d9f00000,0x00000000da400000)
 ParOldGen       total 128000K, used 48996K [0x0000000081a00000, 0x0000000089700000, 0x00000000d5e00000)
  object space 128000K, 38% used [0x0000000081a00000,0x00000000849d91d8,0x0000000089700000)
 Metaspace       used 10074K, capacity 10216K, committed 10496K, reserved 1058816K
  class space    used 1096K, capacity 1188K, committed 1280K, reserved 1048576K
}
Event: 55.634 GC heap before
{Heap before GC invocations=4 (full 1):
 PSYoungGen      total 71680K, used 66560K [0x00000000d5e00000, 0x00000000da900000, 0x0000000100000000)
  eden space 66560K, 100% used [0x00000000d5e00000,0x00000000d9f00000,0x00000000d9f00000)
  from space 5120K, 0% used [0x00000000da400000,0x00000000da400000,0x00000000da900000)
  to   space 5120K, 0% used [0x00000000d9f00000,0x00000000d9f00000,0x00000000da400000)
 ParOldGen       total 128000K, used 48996K [0x0000000081a00000, 0x0000000089700000, 0x00000000d5e00000)
  object space 128000K, 38% used [0x0000000081a00000,0x00000000849d91d8,0x0000000089700000)
 Metaspace       used 10580K, capacity 10778K, committed 11008K, reserved 1058816K
  class space    used 1138K, capacity 1223K, committed 1280K, reserved 1048576K
Event: 55.645 GC heap after
Heap after GC invocations=4 (full 1):
 PSYoungGen      total 71680K, used 5106K [0x00000000d5e00000, 0x00000000de580000, 0x0000000100000000)
  eden space 66560K, 0% used [0x00000000d5e00000,0x00000000d5e00000,0x00000000d9f00000)
  from space 5120K, 99% used [0x00000000d9f00000,0x00000000da3fc820,0x00000000da400000)
  to   space 5120K, 0% used [0x00000000de080000,0x00000000de080000,0x00000000de580000)
 ParOldGen       total 128000K, used 79645K [0x0000000081a00000, 0x0000000089700000, 0x00000000d5e00000)
  object space 128000K, 62% used [0x0000000081a00000,0x00000000867c7580,0x0000000089700000)
 Metaspace       used 10580K, capacity 10778K, committed 11008K, reserved 1058816K
  class space    used 1138K, capacity 1223K, committed 1280K, reserved 1048576K
}

Deoptimization events (10 events):
Event: 36.254 Thread 0x000000001a276800 Uncommon trap: reason=class_check action=maybe_recompile pc=0x00000000032a145c method=sun.java2d.pipe.PixelToParallelogramConverter.draw(Lsun/java2d/SunGraphics2D;Ljava/awt/Shape;)V @ 109
Event: 36.254 Thread 0x000000001a276800 Uncommon trap: reason=class_check action=maybe_recompile pc=0x00000000032b64c8 method=sun.dc.DuctusRenderingEngine.getAATileGenerator(Ljava/awt/Shape;Ljava/awt/geom/AffineTransform;Lsun/java2d/pipe/Region;Ljava/awt/BasicStroke;ZZ[I)Lsun/java2d/pipe/AATileG¤]‡8ƒhB@
Event: 36.817 Thread 0x000000001a276800 Uncommon trap: reason=unstable_if action=reinterpret pc=0x00000000032ca534 method=java.lang.StrictMath.floorOrCeil(DDDD)D @ 38
Event: 36.817 Thread 0x000000001a276800 Uncommon trap: reason=unstable_if action=reinterpret pc=0x00000000032a8f64 method=java.lang.StrictMath.floorOrCeil(DDDD)D @ 38
Event: 46.090 Thread 0x000000001a23d000 Uncommon trap: reason=unstable_if action=reinterpret pc=0x000000000329d988 method=sun.java2d.SunGraphics2D.validateCompClip()V @ 9
Event: 46.091 Thread 0x000000001a23d000 Uncommon trap: reason=class_check action=maybe_recompile pc=0x000000000329dff8 method=java.awt.Component.getBackground()Ljava/awt/Color; @ 21
Event: 46.094 Thread 0x000000001a23d000 Uncommon trap: reason=unstable_if action=reinterpret pc=0x00000000032a2620 method=sun.java2d.SunGraphics2D.setComposite(Ljava/awt/Composite;)V @ 5
Event: 46.094 Thread 0x000000001a23d000 Uncommon trap: reason=unstable_if action=reinterpret pc=0x000000000329ac3c method=sun.java2d.SunGraphics2D.validateColor()V @ 38
Event: 46.095 Thread 0x000000001a23d000 Uncommon trap: reason=unstable_if action=reinterpret pc=0x00000000032ddaf4 method=sun.java2d.SurfaceData.canRenderParallelograms(Lsun/java2d/SunGraphics2D;)Z @ 91
Event: 46.098 Thread 0x000000001a23d000 Uncommon trap: reason=class_check action=maybe_recompile pc=0x000000000329dff8 method=java.awt.Component.getBackground()Ljava/awt/Color; @ 21

Internal exceptions (10 events):
Event: 0.599 Thread 0x0000000002ec3800 Exception <a 'java/security/PrivilegedActionException'> (0x00000000d622ba40) thrown at [C:\re\workspace\8-2-build-windows-amd64-cygwin\jdk8u102\7268\hotspot\src\share\vm\prims\jvm.cpp, line 1386]
Event: 0.599 Thread 0x0000000002ec3800 Exception <a 'java/security/PrivilegedActionException'> (0x00000000d622bc50) thrown at [C:\re\workspace\8-2-build-windows-amd64-cygwin\jdk8u102\7268\hotspot\src\share\vm\prims\jvm.cpp, line 1386]
Event: 0.603 Thread 0x0000000002ec3800 Exception <a 'java/io/FileNotFoundException'> (0x00000000d622ecd8) thrown at [C:\re\workspace\8-2-build-windows-amd64-cygwin\jdk8u102\7268\hotspot\src\share\vm\prims\jni.cpp, line 709]
Event: 0.645 Thread 0x0000000002ec3800 Exception <a 'java/lang/NoSuchFieldError': method resolution failed> (0x00000000d62fc188) thrown at [C:\re\workspace\8-2-build-windows-amd64-cygwin\jdk8u102\7268\hotspot\src\share\vm\prims\methodHandles.cpp, line 1146]
Event: 0.647 Thread 0x0000000002ec3800 Exception <a 'java/lang/NoSuchFieldError': method resolution failed> (0x00000000d63094d8) thrown at [C:\re\workspace\8-2-build-windows-amd64-cygwin\jdk8u102\7268\hotspot\src\share\vm\prims\methodHandles.cpp, line 1146]
Event: 0.707 Thread 0x0000000002ec3800 Exception <a 'java/io/FileNotFoundException'> (0x00000000d63a81a8) thrown at [C:\re\workspace\8-2-build-windows-amd64-cygwin\jdk8u102\7268\hotspot\src\share\vm\prims\jni.cpp, line 709]
Event: 0.811 Thread 0x0000000002ec3800 Exception <a 'java/io/FileNotFoundException'> (0x00000000d65a3678) thrown at [C:\re\workspace\8-2-build-windows-amd64-cygwin\jdk8u102\7268\hotspot\src\share\vm\prims\jni.cpp, line 709]
Event: 0.811 Thread 0x0000000002ec3800 Exception <a 'java/lang/NullPointerException'> (0x00000000d65a3d28) thrown at [C:\re\workspace\8-2-build-windows-amd64-cygwin\jdk8u102\7268\hotspot\src\share\vm\interpreter\linkResolver.cpp, line 1178]
Event: 0.828 Thread 0x0000000002ec3800 Exception <a 'java/security/PrivilegedActionException'> (0x00000000d65ef1a0) thrown at [C:\re\workspace\8-2-build-windows-amd64-cygwin\jdk8u102\7268\hotspot\src\share\vm\prims\jvm.cpp, line 1386]
Event: 0.828 Thread 0x0000000002ec3800 Exception <a 'java/security/PrivilegedActionException'> (0x00000000d65ef598) thrown at [C:\re\workspace\8-2-build-windows-amd64-cygwin\jdk8u102\7268\hotspot\src\share\vm\prims\jvm.cpp, line 1386]

Events (10 events):
Event: 58.471 loading class sun/reflect/Label
Event: 58.471 loading class sun/reflect/Label done
Event: 58.471 loading class sun/reflect/Label$PatchInfo
Event: 58.471 loading class sun/reflect/Label$PatchInfo done
Event: 58.471 loading class sun/reflect/MethodAccessorGenerator$1
Event: 58.471 loading class sun/reflect/MethodAccessorGenerator$1 done
Event: 58.472 loading class sun/reflect/ClassDefiner
Event: 58.472 loading class sun/reflect/ClassDefiner done
Event: 58.472 loading class sun/reflect/ClassDefiner$1
Event: 58.472 loading class sun/reflect/ClassDefiner$1 done


Dynamic libraries:
0x000007f7081d0000 - 0x000007f708207000 	C:\processing-3.2.1-windows64\processing-3.2.1\java\bin\java.exe
0x000007fb0a2f0000 - 0x000007fb0a4b0000 	C:\windows\SYSTEM32\ntdll.dll
0x000007fb081f0000 - 0x000007fb08326000 	C:\windows\system32\KERNEL32.DLL
0x000007faf5790000 - 0x000007faf57c2000 	C:\Program Files (x86)\AVG\AVG2015\avghooka.dll
0x000007fb06080000 - 0x000007fb06173000 	C:\windows\system32\KERNELBASE.dll
0x000007fb07c70000 - 0x000007fb07d4e000 	C:\windows\system32\ADVAPI32.dll
0x000007fb07740000 - 0x000007fb0788c000 	C:\windows\system32\USER32.dll
0x000007fb03b30000 - 0x000007fb03d9a000 	C:\windows\WinSxS\amd64_microsoft.windows.common-controls_6595b64144ccf1df_6.0.9200.16579_none_418ab7ef718b27ef\COMCTL32.dll
0x000007fb08d90000 - 0x000007fb08e35000 	C:\windows\system32\msvcrt.dll
0x000007fb07c20000 - 0x000007fb07c68000 	C:\windows\SYSTEM32\sechost.dll
0x000007fb08760000 - 0x000007fb088a0000 	C:\windows\system32\RPCRT4.dll
0x000007fb07890000 - 0x000007fb079d0000 	C:\windows\system32\GDI32.dll
0x000007fb08720000 - 0x000007fb08759000 	C:\windows\system32\IMM32.DLL
0x000007fb07f30000 - 0x000007fb08045000 	C:\windows\system32\MSCTF.dll
0x0000000065e70000 - 0x0000000065f41000 	C:\processing-3.2.1-windows64\processing-3.2.1\java\bin\msvcr100.dll
0x0000000064f50000 - 0x00000000657ea000 	C:\processing-3.2.1-windows64\processing-3.2.1\java\bin\server\jvm.dll
0x000007fb034c0000 - 0x000007fb034c9000 	C:\windows\SYSTEM32\WSOCK32.dll
0x000007fb02b20000 - 0x000007fb02b40000 	C:\windows\SYSTEM32\WINMM.dll
0x000007fb00280000 - 0x000007fb00289000 	C:\windows\SYSTEM32\VERSION.dll
0x000007fb08d80000 - 0x000007fb08d87000 	C:\windows\system32\PSAPI.DLL
0x000007fb08fa0000 - 0x000007fb08ff8000 	C:\windows\system32\WS2_32.dll
0x000007fb02ae0000 - 0x000007fb02b12000 	C:\windows\SYSTEM32\WINMMBASE.dll
0x000007fb07d50000 - 0x000007fb07d59000 	C:\windows\system32\NSI.dll
0x0000000065e60000 - 0x0000000065e6f000 	C:\processing-3.2.1-windows64\processing-3.2.1\java\bin\verify.dll
0x0000000065e30000 - 0x0000000065e59000 	C:\processing-3.2.1-windows64\processing-3.2.1\java\bin\java.dll
0x0000000065b20000 - 0x0000000065b55000 	C:\processing-3.2.1-windows64\processing-3.2.1\java\bin\jdwp.dll
0x0000000065b10000 - 0x0000000065b18000 	C:\processing-3.2.1-windows64\processing-3.2.1\java\bin\npt.dll
0x0000000065e10000 - 0x0000000065e26000 	C:\processing-3.2.1-windows64\processing-3.2.1\java\bin\zip.dll
0x000007fb06460000 - 0x000007fb07740000 	C:\windows\system32\SHELL32.dll
0x000007fb079d0000 - 0x000007fb07b80000 	C:\windows\SYSTEM32\combase.dll
0x000007fb06410000 - 0x000007fb06460000 	C:\windows\system32\SHLWAPI.dll
0x000007fb03f90000 - 0x000007fb04026000 	C:\windows\SYSTEM32\SHCORE.dll
0x000007fb05ed0000 - 0x000007fb05ee5000 	C:\windows\SYSTEM32\profapi.dll
0x0000000065b00000 - 0x0000000065b09000 	C:\processing-3.2.1-windows64\processing-3.2.1\java\bin\dt_socket.dll
0x000007fb05720000 - 0x000007fb0577c000 	C:\windows\system32\mswsock.dll
0x0000000065c70000 - 0x0000000065e08000 	C:\processing-3.2.1-windows64\processing-3.2.1\java\bin\awt.dll
0x000007fb085f0000 - 0x000007fb086b3000 	C:\windows\system32\OLEAUT32.dll
0x000007fb00440000 - 0x000007fb004df000 	C:\windows\system32\apphelp.dll
0x000007fb04d60000 - 0x000007fb04e46000 	C:\windows\system32\uxtheme.dll
0x000007fb04d30000 - 0x000007fb04d51000 	C:\windows\SYSTEM32\dwmapi.dll
0x000007fb088a0000 - 0x000007fb08a1e000 	C:\windows\system32\ole32.dll
0x000007fb05d10000 - 0x000007fb05d1a000 	C:\windows\SYSTEM32\CRYPTBASE.dll
0x000007fb05cb0000 - 0x000007fb05d0c000 	C:\windows\SYSTEM32\bcryptPrimitives.dll
0x0000000065be0000 - 0x0000000065c27000 	C:\processing-3.2.1-windows64\processing-3.2.1\java\bin\fontmanager.dll
0x0000000064940000 - 0x0000000064955000 	C:\Users\SADAYOSHI!\Documents\Processing\libraries\sound\library\windows64\libwinpthread-1.dll
0x0000000070440000 - 0x00000000705c1000 	C:\Users\SADAYOSHI!\Documents\Processing\libraries\sound\library\windows64\libsndfile-1.dll
0x0000000063c80000 - 0x0000000063e0e000 	C:\Users\SADAYOSHI!\Documents\Processing\libraries\sound\library\windows64\libmpg123-0.dll
0x000000001b660000 - 0x000000001bd12000 	C:\Users\SADAYOSHI!\Documents\Processing\libraries\sound\library\windows64\libmethcla.dll
0x000000006b980000 - 0x000000006bb8e000 	C:\Users\SADAYOSHI!\Documents\Processing\libraries\sound\library\windows64\libMethClaInterface.dll
0x000007fb07b80000 - 0x000007fb07c16000 	C:\windows\SYSTEM32\clbcatq.dll
0x000007fb042b0000 - 0x000007fb04312000 	C:\windows\System32\MMDevApi.dll
0x000007fb06000000 - 0x000007fb06022000 	C:\windows\system32\DEVOBJ.dll
0x000007fb06030000 - 0x000007fb0607f000 	C:\windows\SYSTEM32\cfgmgr32.dll
0x000007fb01920000 - 0x000007fb01992000 	C:\windows\SYSTEM32\AUDIOSES.DLL
0x000007fb05e70000 - 0x000007fb05eb3000 	C:\windows\SYSTEM32\powrprof.dll
0x000007faf1bf0000 - 0x000007faf1d8c000 	C:\Users\SADAYOSHI!\Documents\Processing\libraries\KinectPV2\library\Kinect20.Face.dll
0x000007fafe680000 - 0x000007fafe727000 	C:\windows\SYSTEM32\MSVCP110.dll
0x000007fafe5a0000 - 0x000007fafe674000 	C:\windows\SYSTEM32\MSVCR110.dll
0x000007fafd520000 - 0x000007fafd531000 	C:\Users\SADAYOSHI!\Documents\Processing\libraries\KinectPV2\library\KinectPV2.dll
0x000007fafcfc0000 - 0x000007fafd07a000 	C:\windows\SYSTEM32\Kinect20.dll
0x000007fafd140000 - 0x000007fafd201000 	C:\windows\SYSTEM32\MFPlat.DLL
0x000007fb04280000 - 0x000007fb04289000 	C:\windows\SYSTEM32\AVRT.dll
0x000007faf60a0000 - 0x000007faf62c7000 	C:\Windows\System32\IME\IMEJP\imjptip.dll
0x000007fb03150000 - 0x000007fb031b9000 	C:\windows\SYSTEM32\OLEACC.dll
0x000007fb01d20000 - 0x000007fb01e7a000 	C:\windows\SYSTEM32\PROPSYS.dll
0x000007fb00ca0000 - 0x000007fb00cce000 	C:\windows\SYSTEM32\ntmarta.dll
0x000007fafdd40000 - 0x000007fafdeed000 	C:\Windows\System32\IME\IMEJP\imjpapi.dll
0x000007fb02b50000 - 0x000007fb02b7f000 	C:\Windows\System32\IME\shared\imjkapi.dll
0x000007fb00aa0000 - 0x000007fb00b50000 	C:\Windows\System32\IME\IMEJP\imjppred.dll
0x000007fafe790000 - 0x000007fafe856000 	C:\Windows\System32\IME\shared\imetip.dll
0x000007fb035e0000 - 0x000007fb03799000 	C:\windows\SYSTEM32\DUI70.dll
0x000007fb03e00000 - 0x000007fb03e1b000 	C:\Windows\System32\IME\shared\imecfm.dll
0x000007faf3ee0000 - 0x000007faf3f4e000 	C:\windows\SYSTEM32\wer.dll
0x0000000065b60000 - 0x0000000065b8a000 	C:\processing-3.2.1-windows64\processing-3.2.1\java\bin\dcpr.dll
0x000007fb037b0000 - 0x000007fb037ce000 	C:\Windows\System32\IME\SHARED\imesearchdll.dll
0x000007fafe190000 - 0x000007fafe2f3000 	C:\windows\SYSTEM32\dbghelp.dll

VM Arguments:
jvm_args: -agentlib:jdwp=transport=dt_socket,address=8672,server=y,suspend=y,quiet=y -Djna.nosys=true -Djava.ext.dirs=C:\processing-3.2.1-windows64\processing-3.2.1\java\lib\ext -Djava.library.path=;C:\processing-3.2.1-windows64\processing-3.2.1\core\library;C:\Users\SADAYOSHI!\Documents\Processing\libraries\KinectPV2\library;C:\Users\SADAYOSHI!\Documents\Processing\libraries\sound\library\windows64;C:\processing-3.2.1-windows64\processing-3.2.1\java\bin;C:\windows\system32;C:\windows;C:\ProgramData\Oracle\Java\javapath;C:\Program Files (x86)\Intel\iCLS Client;C:\Program Files\Intel\iCLS Client;C:\windows\system32;C:\windows;C:\windows\System32\Wbem;C:\windows\System32\WindowsPowerShell\v1.0;C:\Program Files\Intel\Intel(R) Management Engine Components\DAL;C:\Program Files\Intel\Intel(R) Management Engine Components\IPT;C:\Program Files (x86)\Intel\Intel(R) Management Engine Components\DAL;C:\Program Files (x86)\Intel\Intel(R) Management Engine Components\IPT;C:\Program Files (x86)\Intel\OpenCL SDK\2.0\bin\x86;C:\Program Files (x86)\Intel\OpenCL SDK\2.0\bin\x64;C:\Program Files\Java\jre6\bin;C:\borland\bcc55\Bin;C:\Program Files (x86)\QuickTime\QTSystem;C:\apache-ant-1.9.4\bin;C:\Program Files (x86)\Skype\Phone;C:\MinGW\bin;C:\processing-3.2.1-windows64\processing-3.2.1\java\bin;. -ea 
java_command: processing.core.PApplet --location=1364,0 --external --display=1 --present --stop-color=#cccccc --window-color=#666666 --sketch-path=C:\Users\SADAYOSHI!\Documents\GitHub\Sound-Motion_Mod\SoundMotion_v5a SoundMotion_v5a
java_class_path (initial): C:\Users\SADAYO~1\AppData\Local\Temp\SoundMotion_v5a2445211702080819867temp;C:\processing-3.2.1-windows64\processing-3.2.1\core\library\core.jar;C:\processing-3.2.1-windows64\processing-3.2.1\core\library\gluegen-rt-natives-linux-amd64.jar;C:\processing-3.2.1-windows64\processing-3.2.1\core\library\gluegen-rt-natives-linux-armv6hf.jar;C:\processing-3.2.1-windows64\processing-3.2.1\core\library\gluegen-rt-natives-linux-i586.jar;C:\processing-3.2.1-windows64\processing-3.2.1\core\library\gluegen-rt-natives-macosx-universal.jar;C:\processing-3.2.1-windows64\processing-3.2.1\core\library\gluegen-rt-natives-windows-amd64.jar;C:\processing-3.2.1-windows64\processing-3.2.1\core\library\gluegen-rt-natives-windows-i586.jar;C:\processing-3.2.1-windows64\processing-3.2.1\core\library\gluegen-rt.jar;C:\processing-3.2.1-windows64\processing-3.2.1\core\library\jogl-all-natives-linux-amd64.jar;C:\processing-3.2.1-windows64\processing-3.2.1\core\library\jogl-all-natives-linux-armv6hf.jar;C:\processing-3.2.1-windows64\processing-3.2.1\core\library\jogl-all-natives-linux-i586.jar;C:\processing-3.2.1-windows64\processing-3.2.1\core\library\jogl-all-natives-macosx-universal.jar;C:\processing-3.2.1-windows64\processing-3.2.1\core\library\jogl-all-natives-windows-amd64.jar;C:\processing-3.2.1-windows64\processing-3.2.1\core\library\jogl-all-natives-windows-i586.jar;C:\processing-3.2.1-windows64\processing-3.2.1\core\library\jogl-all.jar;C:\Users\SADAYOSHI!\Documents\Processing\libraries\KinectPV2\library\KinectPV2.jar;C:\Users\SADAYOSHI!\Documents\Processing\libraries\sound\library\sound.jar;lib;lib\pde.jar;core\library\core.jar;lib\jna.jar;lib\jna-platform.jar;lib\antlr.jar;lib\ant.jar;lib\ant-launcher.jar
Launcher Type: SUN_STANDARD

Environment Variables:
CLASSPATH=.;C:\Program Files (x86)\Java\jre7\lib\ext\QTJava.zip
PATH=C:\ProgramData\Oracle\Java\javapath;C:\Program Files (x86)\Intel\iCLS Client\;C:\Program Files\Intel\iCLS Client\;C:\windows\system32;C:\windows;C:\windows\System32\Wbem;C:\windows\System32\WindowsPowerShell\v1.0\;C:\Program Files\Intel\Intel(R) Management Engine Components\DAL;C:\Program Files\Intel\Intel(R) Management Engine Components\IPT;C:\Program Files (x86)\Intel\Intel(R) Management Engine Components\DAL;C:\Program Files (x86)\Intel\Intel(R) Management Engine Components\IPT;C:\Program Files (x86)\Intel\OpenCL SDK\2.0\bin\x86;C:\Program Files (x86)\Intel\OpenCL SDK\2.0\bin\x64;C:\Program Files\Java\jre6\bin;C:\borland\bcc55\Bin;C:\Program Files (x86)\QuickTime\QTSystem\;C:\apache-ant-1.9.4\bin;C:\Users\by_sK\AppData\Local\Android\sdk\platform-tools;C:\Program Files (x86)\Skype\Phone\;C:\MinGW\bin;;C:\processing-3.2.1-windows64\processing-3.2.1\java\bin
USERNAME=SADAYOSHI!
OS=Windows_NT
PROCESSOR_IDENTIFIER=Intel64 Family 6 Model 58 Stepping 9, GenuineIntel



---------------  S Y S T E M  ---------------

OS: Windows 8 , 64 bit Build 9200 (6.2.9200.16384)

CPU:total 4 (2 cores per cpu, 2 threads per core) family 6 model 58 stepping 9, cmov, cx8, fxsr, mmx, sse, sse2, sse3, ssse3, sse4.1, sse4.2, popcnt, avx, clmul, erms, ht, tsc, tscinvbit, tscinv

Memory: 4k page, physical 8280212k(5439996k free), swap 11467356k(6936852k free)

vm_info: Java HotSpot(TM) 64-Bit Server VM (25.102-b14) for windows-amd64 JRE (1.8.0_102-b14), built on Jun 22 2016 13:15:21 by "java_re" with MS VC++ 10.0 (VS2010)

time: Thu Oct 27 13:13:13 2016
elapsed time: 58 seconds (0d 0h 0m 58s)

