#
# A fatal error has been detected by the Java Runtime Environment:
#
#  EXCEPTION_ACCESS_VIOLATION (0xc0000005) at pc=0x000007fafd505520, pid=36380, tid=0x0000000000008454
#
# JRE version: Java(TM) SE Runtime Environment (8.0_102-b14) (build 1.8.0_102-b14)
# Java VM: Java HotSpot(TM) 64-Bit Server VM (25.102-b14 mixed mode windows-amd64 compressed oops)
# Problematic frame:
# C  [KinectPV2.dll+0x5520]
#
# Failed to write core dump. Minidumps are not enabled by default on client versions of Windows
#
# If you would like to submit a bug report, please visit:
#   http://bugreport.java.com/bugreport/crash.jsp
# The crash happened outside the Java Virtual Machine in native code.
# See problematic frame for where to report the bug.
#

---------------  T H R E A D  ---------------

Current thread (0x0000000019826800):  JavaThread "Animation Thread" [_thread_in_native, id=33876, stack(0x000000001abc0000,0x000000001acc0000)]

siginfo: ExceptionCode=0xc0000005, reading address 0xffffffffffffffff

Registers:
RAX=0x0000000000000001, RBX=0x0000000000759e80, RCX=0xffffffffffffffff, RDX=0x0000000000000000
RSP=0x000000001acbe5f0, RBP=0x0000000000000000, RSI=0x0000000000000006, RDI=0x000000000075a0b0
R8 =0x000000001acbe2b8, R9 =0x0000000000000000, R10=0x0000000000000000, R11=0x0000000000000286
R12=0x0000000000000000, R13=0x000000001a79bd18, R14=0x000000001acbe6e0, R15=0x0000000019826800
RIP=0x000007fafd505520, EFLAGS=0x0000000000010286

Top of Stack: (sp=0x000000001acbe5f0)
0x000000001acbe5f0:   0000000000759e80 000000001a79bd18
0x000000001acbe600:   0000000000000000 000000001988ef60
0x000000001acbe610:   000000001988ef60 000007fafd50177a
0x000000001acbe620:   000000001acbe6e0 000000001acbe6c0
0x000000001acbe630:   00000000198269f8 0000000019826800
0x000000001acbe640:   00000000026783fd 0000000002690fec
0x000000001acbe650:   000000001a79bd18 0000000019826800
0x000000001acbe660:   0000000019826800 0000000019826800
0x000000001acbe670:   000000001acbe738 0000000002690a02
0x000000001acbe680:   000000001acbe680 000000001a79bd18
0x000000001acbe690:   000000001acbe6e0 000000001a79db68
0x000000001acbe6a0:   0000000000000000 000000001a79bd18
0x000000001acbe6b0:   0000000000000000 000000001acbe6e0
0x000000001acbe6c0:   000000001acbe728 0000000002677bd0
0x000000001acbe6d0:   0000000000000000 00000000026871a0
0x000000001acbe6e0:   00000000845a08a8 000000001acbe6e8 

Instructions: (pc=0x000007fafd505520)
0x000007fafd505500:   89 6f d0 48 8b 0f 48 85 c9 74 09 48 8b 01 ff 50
0x000007fafd505510:   10 48 89 2f 48 8b 8f 90 00 00 00 48 85 c9 74 0d
0x000007fafd505520:   48 8b 01 ff 50 10 48 89 af 90 00 00 00 48 8b 4f
0x000007fafd505530:   30 48 85 c9 74 0a 48 8b 01 ff 50 10 48 89 6f 30 


Register to memory mapping:

RAX=0x0000000000000001 is an unknown value
RBX=0x0000000000759e80 is an unknown value
RCX=0xffffffffffffffff is an unknown value
RDX=0x0000000000000000 is an unknown value
RSP=0x000000001acbe5f0 is pointing into the stack for thread: 0x0000000019826800
RBP=0x0000000000000000 is an unknown value
RSI=0x0000000000000006 is an unknown value
RDI=0x000000000075a0b0 is an unknown value
R8 =0x000000001acbe2b8 is pointing into the stack for thread: 0x0000000019826800
R9 =0x0000000000000000 is an unknown value
R10=0x0000000000000000 is an unknown value
R11=0x0000000000000286 is an unknown value
R12=0x0000000000000000 is an unknown value
R13={method} {0x000000001a79bd20} 'jniStopSignal' '()Z' in 'KinectPV2/Device'
R14=0x000000001acbe6e0 is pointing into the stack for thread: 0x0000000019826800
R15=0x0000000019826800 is a thread


Stack: [0x000000001abc0000,0x000000001acc0000],  sp=0x000000001acbe5f0,  free space=1017k
Native frames: (J=compiled Java code, j=interpreted, Vv=VM code, C=native code)

Java frames: (J=compiled Java code, j=interpreted, Vv=VM code)
j  KinectPV2.Device.jniStopSignal()Z+0
j  KinectPV2.Device.cleanDevice()Z+1
j  KinectPV2.KinectPV2.dispose()V+10
v  ~StubRoutines::call_stub
j  sun.reflect.NativeMethodAccessorImpl.invoke0(Ljava/lang/reflect/Method;Ljava/lang/Object;[Ljava/lang/Object;)Ljava/lang/Object;+0
j  sun.reflect.NativeMethodAccessorImpl.invoke(Ljava/lang/Object;[Ljava/lang/Object;)Ljava/lang/Object;+100
j  sun.reflect.DelegatingMethodAccessorImpl.invoke(Ljava/lang/Object;[Ljava/lang/Object;)Ljava/lang/Object;+6
j  java.lang.reflect.Method.invoke(Ljava/lang/Object;[Ljava/lang/Object;)Ljava/lang/Object;+56
j  processing.core.PApplet$RegisteredMethods.handle([Ljava/lang/Object;)V+18
J 552 C1 processing.core.PApplet.handleMethods(Ljava/lang/String;)V (21 bytes) @ 0x00000000028a13f4 [0x00000000028a1120+0x2d4]
j  processing.core.PApplet.dispose()V+35
j  processing.core.PSurfaceNone$AnimationThread.run()V+156
v  ~StubRoutines::call_stub

---------------  P R O C E S S  ---------------

Java Threads: ( => current thread )
  0x000000001988d000 JavaThread "Thread-2" [_thread_blocked, id=35832, stack(0x00000000658f0000,0x00000000659f0000)]
  0x0000000002573800 JavaThread "DestroyJavaVM" [_thread_blocked, id=39456, stack(0x0000000002390000,0x0000000002490000)]
=>0x0000000019826800 JavaThread "Animation Thread" [_thread_in_native, id=33876, stack(0x000000001abc0000,0x000000001acc0000)]
  0x0000000019850000 JavaThread "AWT-EventQueue-0" [_thread_blocked, id=36292, stack(0x000000001a9c0000,0x000000001aac0000)]
  0x0000000019706800 JavaThread "AWT-Windows" daemon [_thread_in_native, id=36844, stack(0x000000001a0f0000,0x000000001a1f0000)]
  0x0000000019705800 JavaThread "AWT-Shutdown" [_thread_blocked, id=39628, stack(0x0000000019ff0000,0x000000001a0f0000)]
  0x0000000019705000 JavaThread "Java2D Disposer" daemon [_thread_blocked, id=32180, stack(0x0000000019ef0000,0x0000000019ff0000)]
  0x000000001881d000 JavaThread "Service Thread" daemon [_thread_blocked, id=36816, stack(0x0000000019180000,0x0000000019280000)]
  0x000000001879e000 JavaThread "C1 CompilerThread2" daemon [_thread_blocked, id=32832, stack(0x0000000019080000,0x0000000019180000)]
  0x000000001879c000 JavaThread "C2 CompilerThread1" daemon [_thread_blocked, id=36524, stack(0x0000000018f80000,0x0000000019080000)]
  0x000000001879a000 JavaThread "C2 CompilerThread0" daemon [_thread_blocked, id=31516, stack(0x0000000018e80000,0x0000000018f80000)]
  0x000000001878f800 JavaThread "JDWP Command Reader" daemon [_thread_in_native, id=39428, stack(0x0000000018d80000,0x0000000018e80000)]
  0x000000001878c000 JavaThread "JDWP Event Helper Thread" daemon [_thread_blocked, id=35260, stack(0x0000000018c80000,0x0000000018d80000)]
  0x000000001720c800 JavaThread "JDWP Transport Listener: dt_socket" daemon [_thread_blocked, id=36840, stack(0x0000000018b80000,0x0000000018c80000)]
  0x0000000017205800 JavaThread "Attach Listener" daemon [_thread_blocked, id=36408, stack(0x0000000018680000,0x0000000018780000)]
  0x00000000171c1800 JavaThread "Signal Dispatcher" daemon [_thread_blocked, id=36020, stack(0x0000000018580000,0x0000000018680000)]
  0x000000000266d800 JavaThread "Finalizer" daemon [_thread_blocked, id=17244, stack(0x0000000018400000,0x0000000018500000)]
  0x0000000002662000 JavaThread "Reference Handler" daemon [_thread_blocked, id=31552, stack(0x0000000018300000,0x0000000018400000)]

Other Threads:
  0x0000000017177800 VMThread [stack: 0x0000000018200000,0x0000000018300000] [id=39388]
  0x0000000018861000 WatcherThread [stack: 0x0000000019280000,0x0000000019380000] [id=34076]

VM state:not at safepoint (normal execution)

VM Mutex/Monitor currently owned by a thread: None

Heap:
 PSYoungGen      total 530944K, used 203437K [0x00000000d5e00000, 0x00000000f8c00000, 0x0000000100000000)
  eden space 527360K, 38% used [0x00000000d5e00000,0x00000000e249b680,0x00000000f6100000)
  from space 3584K, 1% used [0x00000000f8880000,0x00000000f8890000,0x00000000f8c00000)
  to   space 22016K, 0% used [0x00000000f6100000,0x00000000f6100000,0x00000000f7680000)
 ParOldGen       total 129536K, used 80710K [0x0000000081a00000, 0x0000000089880000, 0x00000000d5e00000)
  object space 129536K, 62% used [0x0000000081a00000,0x00000000868d18f0,0x0000000089880000)
 Metaspace       used 10984K, capacity 11208K, committed 11520K, reserved 1058816K
  class space    used 1164K, capacity 1256K, committed 1280K, reserved 1048576K

Card table byte_map: [0x0000000011a30000,0x0000000011e30000] byte_map_base: 0x0000000011623000

Marking Bits: (ParMarkBitMap*) 0x000000006576a6c0
 Begin Bits: [0x00000000124e0000, 0x0000000014478000)
 End Bits:   [0x0000000014478000, 0x0000000016410000)

Polling page: 0x0000000002490000

CodeCache: size=245760Kb used=4690Kb max_used=4690Kb free=241069Kb
 bounds [0x0000000002670000, 0x0000000002b10000, 0x0000000011670000]
 total_blobs=1649 nmethods=1161 adapters=409
 compilation: enabled

Compilation events (10 events):
Event: 3560.261 Thread 0x000000001879e000 1165       3       java.awt.Component::dispatchEvent (6 bytes)
Event: 3560.262 Thread 0x000000001879e000 nmethod 1165 0x0000000002b05210 code [0x0000000002b05380, 0x0000000002b055a8]
Event: 3560.262 Thread 0x000000001879e000 1166       3       processing.event.Event::<init> (27 bytes)
Event: 3560.262 Thread 0x000000001879e000 nmethod 1166 0x0000000002b059d0 code [0x0000000002b05b20, 0x0000000002b05cf0]
Event: 3560.262 Thread 0x000000001879e000 1167       3       sun.reflect.UnsafeBooleanFieldAccessorImpl::setBoolean (30 bytes)
Event: 3560.263 Thread 0x000000001879e000 nmethod 1167 0x0000000002b05dd0 code [0x0000000002b06000, 0x0000000002b06ed8]
Event: 3560.293 Thread 0x000000001879e000 1169       3       sun.reflect.ClassFileAssembler::emitByte (11 bytes)
Event: 3560.293 Thread 0x000000001879e000 nmethod 1169 0x0000000002b07610 code [0x0000000002b07780, 0x0000000002b07968]
Event: 3560.293 Thread 0x000000001879e000 1170       3       sun.reflect.ByteVectorImpl::add (38 bytes)
Event: 3560.293 Thread 0x000000001879e000 nmethod 1170 0x0000000002b07a50 code [0x0000000002b07bc0, 0x0000000002b07de8]

GC Heap History (10 events):
Event: 1377.610 GC heap before
{Heap before GC invocations=9 (full 1):
 PSYoungGen      total 242176K, used 220516K [0x00000000d5e00000, 0x00000000eee80000, 0x0000000100000000)
  eden space 215552K, 100% used [0x00000000d5e00000,0x00000000e3080000,0x00000000e3080000)
  from space 26624K, 18% used [0x00000000e3080000,0x00000000e3559060,0x00000000e4a80000)
  to   space 25088K, 0% used [0x00000000ed600000,0x00000000ed600000,0x00000000eee80000)
 ParOldGen       total 129536K, used 75786K [0x0000000081a00000, 0x0000000089880000, 0x00000000d5e00000)
  object space 129536K, 58% used [0x0000000081a00000,0x0000000086402930,0x0000000089880000)
 Metaspace       used 10670K, capacity 10896K, committed 11008K, reserved 1058816K
  class space    used 1148K, capacity 1220K, committed 1280K, reserved 1048576K
Event: 1377.700 GC heap after
Heap after GC invocations=9 (full 1):
 PSYoungGen      total 355328K, used 64K [0x00000000d5e00000, 0x00000000edf80000, 0x0000000100000000)
  eden space 345600K, 0% used [0x00000000d5e00000,0x00000000d5e00000,0x00000000eaf80000)
  from space 9728K, 0% used [0x00000000ed600000,0x00000000ed610000,0x00000000edf80000)
  to   space 24576K, 0% used [0x00000000eaf80000,0x00000000eaf80000,0x00000000ec780000)
 ParOldGen       total 129536K, used 80646K [0x0000000081a00000, 0x0000000089880000, 0x00000000d5e00000)
  object space 129536K, 62% used [0x0000000081a00000,0x00000000868c18f0,0x0000000089880000)
 Metaspace       used 10670K, capacity 10896K, committed 11008K, reserved 1058816K
  class space    used 1148K, capacity 1220K, committed 1280K, reserved 1048576K
}
Event: 1815.440 GC heap before
{Heap before GC invocations=10 (full 1):
 PSYoungGen      total 355328K, used 345664K [0x00000000d5e00000, 0x00000000edf80000, 0x0000000100000000)
  eden space 345600K, 100% used [0x00000000d5e00000,0x00000000eaf80000,0x00000000eaf80000)
  from space 9728K, 0% used [0x00000000ed600000,0x00000000ed610000,0x00000000edf80000)
  to   space 24576K, 0% used [0x00000000eaf80000,0x00000000eaf80000,0x00000000ec780000)
 ParOldGen       total 129536K, used 80646K [0x0000000081a00000, 0x0000000089880000, 0x00000000d5e00000)
  object space 129536K, 62% used [0x0000000081a00000,0x00000000868c18f0,0x0000000089880000)
 Metaspace       used 10670K, capacity 10896K, committed 11008K, reserved 1058816K
  class space    used 1148K, capacity 1220K, committed 1280K, reserved 1048576K
Event: 1815.441 GC heap after
Heap after GC invocations=10 (full 1):
 PSYoungGen      total 370176K, used 96K [0x00000000d5e00000, 0x00000000f4a80000, 0x0000000100000000)
  eden space 345600K, 0% used [0x00000000d5e00000,0x00000000d5e00000,0x00000000eaf80000)
  from space 24576K, 0% used [0x00000000eaf80000,0x00000000eaf98000,0x00000000ec780000)
  to   space 24064K, 0% used [0x00000000f3300000,0x00000000f3300000,0x00000000f4a80000)
 ParOldGen       total 129536K, used 80662K [0x0000000081a00000, 0x0000000089880000, 0x00000000d5e00000)
  object space 129536K, 62% used [0x0000000081a00000,0x00000000868c58f0,0x0000000089880000)
 Metaspace       used 10670K, capacity 10896K, committed 11008K, reserved 1058816K
  class space    used 1148K, capacity 1220K, committed 1280K, reserved 1048576K
}
Event: 2233.316 GC heap before
{Heap before GC invocations=11 (full 1):
 PSYoungGen      total 370176K, used 345696K [0x00000000d5e00000, 0x00000000f4a80000, 0x0000000100000000)
  eden space 345600K, 100% used [0x00000000d5e00000,0x00000000eaf80000,0x00000000eaf80000)
  from space 24576K, 0% used [0x00000000eaf80000,0x00000000eaf98000,0x00000000ec780000)
  to   space 24064K, 0% used [0x00000000f3300000,0x00000000f3300000,0x00000000f4a80000)
 ParOldGen       total 129536K, used 80662K [0x0000000081a00000, 0x0000000089880000, 0x00000000d5e00000)
  object space 129536K, 62% used [0x0000000081a00000,0x00000000868c58f0,0x0000000089880000)
 Metaspace       used 10682K, capacity 10896K, committed 11008K, reserved 1058816K
  class space    used 1148K, capacity 1220K, committed 1280K, reserved 1048576K
Event: 2233.317 GC heap after
Heap after GC invocations=11 (full 1):
 PSYoungGen      total 449536K, used 96K [0x00000000d5e00000, 0x00000000f3b00000, 0x0000000100000000)
  eden space 441344K, 0% used [0x00000000d5e00000,0x00000000d5e00000,0x00000000f0d00000)
  from space 8192K, 1% used [0x00000000f3300000,0x00000000f3318000,0x00000000f3b00000)
  to   space 23552K, 0% used [0x00000000f0d00000,0x00000000f0d00000,0x00000000f2400000)
 ParOldGen       total 129536K, used 80694K [0x0000000081a00000, 0x0000000089880000, 0x00000000d5e00000)
  object space 129536K, 62% used [0x0000000081a00000,0x00000000868cd8f0,0x0000000089880000)
 Metaspace       used 10682K, capacity 10896K, committed 11008K, reserved 1058816K
  class space    used 1148K, capacity 1220K, committed 1280K, reserved 1048576K
}
Event: 2750.563 GC heap before
{Heap before GC invocations=12 (full 1):
 PSYoungGen      total 449536K, used 441440K [0x00000000d5e00000, 0x00000000f3b00000, 0x0000000100000000)
  eden space 441344K, 100% used [0x00000000d5e00000,0x00000000f0d00000,0x00000000f0d00000)
  from space 8192K, 1% used [0x00000000f3300000,0x00000000f3318000,0x00000000f3b00000)
  to   space 23552K, 0% used [0x00000000f0d00000,0x00000000f0d00000,0x00000000f2400000)
 ParOldGen       total 129536K, used 80694K [0x0000000081a00000, 0x0000000089880000, 0x00000000d5e00000)
  object space 129536K, 62% used [0x0000000081a00000,0x00000000868cd8f0,0x0000000089880000)
 Metaspace       used 10690K, capacity 10896K, committed 11008K, reserved 1058816K
  class space    used 1148K, capacity 1220K, committed 1280K, reserved 1048576K
Event: 2750.565 GC heap after
Heap after GC invocations=12 (full 1):
 PSYoungGen      total 464896K, used 128K [0x00000000d5e00000, 0x00000000f9f00000, 0x0000000100000000)
  eden space 441344K, 0% used [0x00000000d5e00000,0x00000000d5e00000,0x00000000f0d00000)
  from space 23552K, 0% used [0x00000000f0d00000,0x00000000f0d20000,0x00000000f2400000)
  to   space 23040K, 0% used [0x00000000f8880000,0x00000000f8880000,0x00000000f9f00000)
 ParOldGen       total 129536K, used 80702K [0x0000000081a00000, 0x0000000089880000, 0x00000000d5e00000)
  object space 129536K, 62% used [0x0000000081a00000,0x00000000868cf8f0,0x0000000089880000)
 Metaspace       used 10690K, capacity 10896K, committed 11008K, reserved 1058816K
  class space    used 1148K, capacity 1220K, committed 1280K, reserved 1048576K
}
Event: 3336.807 GC heap before
{Heap before GC invocations=13 (full 1):
 PSYoungGen      total 464896K, used 441472K [0x00000000d5e00000, 0x00000000f9f00000, 0x0000000100000000)
  eden space 441344K, 100% used [0x00000000d5e00000,0x00000000f0d00000,0x00000000f0d00000)
  from space 23552K, 0% used [0x00000000f0d00000,0x00000000f0d20000,0x00000000f2400000)
  to   space 23040K, 0% used [0x00000000f8880000,0x00000000f8880000,0x00000000f9f00000)
 ParOldGen       total 129536K, used 80702K [0x0000000081a00000, 0x0000000089880000, 0x00000000d5e00000)
  object space 129536K, 62% used [0x0000000081a00000,0x00000000868cf8f0,0x0000000089880000)
 Metaspace       used 10854K, capacity 11032K, committed 11264K, reserved 1058816K
  class space    used 1148K, capacity 1220K, committed 1280K, reserved 1048576K
Event: 3336.808 GC heap after
Heap after GC invocations=13 (full 1):
 PSYoungGen      total 530944K, used 64K [0x00000000d5e00000, 0x00000000f8c00000, 0x0000000100000000)
  eden space 527360K, 0% used [0x00000000d5e00000,0x00000000d5e00000,0x00000000f6100000)
  from space 3584K, 1% used [0x00000000f8880000,0x00000000f8890000,0x00000000f8c00000)
  to   space 22016K, 0% used [0x00000000f6100000,0x00000000f6100000,0x00000000f7680000)
 ParOldGen       total 129536K, used 80710K [0x0000000081a00000, 0x0000000089880000, 0x00000000d5e00000)
  object space 129536K, 62% used [0x0000000081a00000,0x00000000868d18f0,0x0000000089880000)
 Metaspace       used 10854K, capacity 11032K, committed 11264K, reserved 1058816K
  class space    used 1148K, capacity 1220K, committed 1280K, reserved 1048576K
}

Deoptimization events (10 events):
Event: 3554.107 Thread 0x0000000019850000 Uncommon trap: reason=unstable_if action=reinterpret pc=0x00000000029680c8 method=sun.java2d.SunGraphics2D.validateCompClip()V @ 9
Event: 3554.108 Thread 0x0000000019850000 Uncommon trap: reason=class_check action=maybe_recompile pc=0x00000000029686b8 method=java.awt.Component.getBackground()Ljava/awt/Color; @ 21
Event: 3554.109 Thread 0x0000000019850000 Uncommon trap: reason=unstable_if action=reinterpret pc=0x000000000296da4c method=sun.awt.image.SunVolatileImage.getForeground()Ljava/awt/Color; @ 4
Event: 3554.109 Thread 0x0000000019850000 Uncommon trap: reason=unstable_if action=reinterpret pc=0x000000000293b6e0 method=sun.java2d.SunGraphics2D.setComposite(Ljava/awt/Composite;)V @ 5
Event: 3554.109 Thread 0x0000000019850000 Uncommon trap: reason=unstable_if action=reinterpret pc=0x000000000294f5bc method=sun.java2d.SunGraphics2D.validateColor()V @ 38
Event: 3554.109 Thread 0x0000000019850000 Uncommon trap: reason=unstable_if action=reinterpret pc=0x00000000029fa340 method=sun.java2d.SunGraphics2D.validateColor()V @ 38
Event: 3554.109 Thread 0x0000000019850000 Uncommon trap: reason=unstable_if action=reinterpret pc=0x000000000297e400 method=sun.java2d.SurfaceData.canRenderParallelograms(Lsun/java2d/SunGraphics2D;)Z @ 91
Event: 3554.113 Thread 0x0000000019850000 Uncommon trap: reason=unstable_if action=reinterpret pc=0x000000000297cba4 method=sun.awt.image.SunVolatileImage.getForeground()Ljava/awt/Color; @ 4
Event: 3554.113 Thread 0x0000000019850000 Uncommon trap: reason=class_check action=maybe_recompile pc=0x00000000029686b8 method=java.awt.Component.getBackground()Ljava/awt/Color; @ 21
Event: 3560.290 Thread 0x0000000019826800 Uncommon trap: reason=unstable_if action=reinterpret pc=0x0000000002a74b88 method=processing.core.PSurfaceNone$AnimationThread.run()V @ 146

Internal exceptions (10 events):
Event: 0.572 Thread 0x0000000002573800 Exception <a 'java/io/FileNotFoundException'> (0x00000000d622ead0) thrown at [C:\re\workspace\8-2-build-windows-amd64-cygwin\jdk8u102\7268\hotspot\src\share\vm\prims\jni.cpp, line 709]
Event: 0.646 Thread 0x0000000002573800 Exception <a 'java/lang/NoSuchFieldError': method resolution failed> (0x00000000d62fbd80) thrown at [C:\re\workspace\8-2-build-windows-amd64-cygwin\jdk8u102\7268\hotspot\src\share\vm\prims\methodHandles.cpp, line 1146]
Event: 0.650 Thread 0x0000000002573800 Exception <a 'java/lang/NoSuchFieldError': method resolution failed> (0x00000000d63090d0) thrown at [C:\re\workspace\8-2-build-windows-amd64-cygwin\jdk8u102\7268\hotspot\src\share\vm\prims\methodHandles.cpp, line 1146]
Event: 0.743 Thread 0x0000000002573800 Exception <a 'java/io/FileNotFoundException'> (0x00000000d63a8070) thrown at [C:\re\workspace\8-2-build-windows-amd64-cygwin\jdk8u102\7268\hotspot\src\share\vm\prims\jni.cpp, line 709]
Event: 0.895 Thread 0x0000000002573800 Exception <a 'java/io/FileNotFoundException'> (0x00000000d65a3cd8) thrown at [C:\re\workspace\8-2-build-windows-amd64-cygwin\jdk8u102\7268\hotspot\src\share\vm\prims\jni.cpp, line 709]
Event: 0.895 Thread 0x0000000002573800 Exception <a 'java/lang/NullPointerException'> (0x00000000d65a4388) thrown at [C:\re\workspace\8-2-build-windows-amd64-cygwin\jdk8u102\7268\hotspot\src\share\vm\interpreter\linkResolver.cpp, line 1178]
Event: 0.921 Thread 0x0000000002573800 Exception <a 'java/security/PrivilegedActionException'> (0x00000000d65ef808) thrown at [C:\re\workspace\8-2-build-windows-amd64-cygwin\jdk8u102\7268\hotspot\src\share\vm\prims\jvm.cpp, line 1386]
Event: 0.921 Thread 0x0000000002573800 Exception <a 'java/security/PrivilegedActionException'> (0x00000000d65efc00) thrown at [C:\re\workspace\8-2-build-windows-amd64-cygwin\jdk8u102\7268\hotspot\src\share\vm\prims\jvm.cpp, line 1386]
Event: 3554.109 Thread 0x0000000019850000 Implicit null exception at 0x000000000296d759 to 0x000000000296da39
Event: 3554.113 Thread 0x0000000019850000 Implicit null exception at 0x000000000297c8d1 to 0x000000000297cb91

Events (10 events):
Event: 3560.293 loading class sun/reflect/Label
Event: 3560.293 loading class sun/reflect/Label done
Event: 3560.293 loading class sun/reflect/Label$PatchInfo
Event: 3560.293 loading class sun/reflect/Label$PatchInfo done
Event: 3560.294 loading class sun/reflect/MethodAccessorGenerator$1
Event: 3560.294 loading class sun/reflect/MethodAccessorGenerator$1 done
Event: 3560.294 loading class sun/reflect/ClassDefiner
Event: 3560.294 loading class sun/reflect/ClassDefiner done
Event: 3560.294 loading class sun/reflect/ClassDefiner$1
Event: 3560.294 loading class sun/reflect/ClassDefiner$1 done


Dynamic libraries:
0x000007f7081d0000 - 0x000007f708207000 	C:\processing-3.2.1-windows64\processing-3.2.1\java\bin\java.exe
0x000007fb0a2f0000 - 0x000007fb0a4b0000 	C:\windows\SYSTEM32\ntdll.dll
0x000007fb081f0000 - 0x000007fb08326000 	C:\windows\system32\KERNEL32.DLL
0x000007faf5790000 - 0x000007faf57c2000 	C:\Program Files (x86)\AVG\AVG2015\avghooka.dll
0x000007fb06080000 - 0x000007fb06173000 	C:\windows\system32\KERNELBASE.dll
0x000007fb07c70000 - 0x000007fb07d4e000 	C:\windows\system32\ADVAPI32.dll
0x000007fb07740000 - 0x000007fb0788c000 	C:\windows\system32\USER32.dll
0x000007fb03b30000 - 0x000007fb03d9a000 	C:\windows\WinSxS\amd64_microsoft.windows.common-controls_6595b64144ccf1df_6.0.9200.16579_none_418ab7ef718b27ef\COMCTL32.dll
0x000007fb08d90000 - 0x000007fb08e35000 	C:\windows\system32\msvcrt.dll
0x000007fb07c20000 - 0x000007fb07c68000 	C:\windows\SYSTEM32\sechost.dll
0x000007fb08760000 - 0x000007fb088a0000 	C:\windows\system32\RPCRT4.dll
0x000007fb07890000 - 0x000007fb079d0000 	C:\windows\system32\GDI32.dll
0x000007fb08720000 - 0x000007fb08759000 	C:\windows\system32\IMM32.DLL
0x000007fb07f30000 - 0x000007fb08045000 	C:\windows\system32\MSCTF.dll
0x0000000065e70000 - 0x0000000065f41000 	C:\processing-3.2.1-windows64\processing-3.2.1\java\bin\msvcr100.dll
0x0000000064f50000 - 0x00000000657ea000 	C:\processing-3.2.1-windows64\processing-3.2.1\java\bin\server\jvm.dll
0x000007fb034c0000 - 0x000007fb034c9000 	C:\windows\SYSTEM32\WSOCK32.dll
0x000007fb02b20000 - 0x000007fb02b40000 	C:\windows\SYSTEM32\WINMM.dll
0x000007fb00280000 - 0x000007fb00289000 	C:\windows\SYSTEM32\VERSION.dll
0x000007fb08d80000 - 0x000007fb08d87000 	C:\windows\system32\PSAPI.DLL
0x000007fb08fa0000 - 0x000007fb08ff8000 	C:\windows\system32\WS2_32.dll
0x000007fb02ae0000 - 0x000007fb02b12000 	C:\windows\SYSTEM32\WINMMBASE.dll
0x000007fb07d50000 - 0x000007fb07d59000 	C:\windows\system32\NSI.dll
0x0000000065e60000 - 0x0000000065e6f000 	C:\processing-3.2.1-windows64\processing-3.2.1\java\bin\verify.dll
0x0000000065e30000 - 0x0000000065e59000 	C:\processing-3.2.1-windows64\processing-3.2.1\java\bin\java.dll
0x0000000065b20000 - 0x0000000065b55000 	C:\processing-3.2.1-windows64\processing-3.2.1\java\bin\jdwp.dll
0x0000000065b10000 - 0x0000000065b18000 	C:\processing-3.2.1-windows64\processing-3.2.1\java\bin\npt.dll
0x0000000065e10000 - 0x0000000065e26000 	C:\processing-3.2.1-windows64\processing-3.2.1\java\bin\zip.dll
0x000007fb06460000 - 0x000007fb07740000 	C:\windows\system32\SHELL32.dll
0x000007fb079d0000 - 0x000007fb07b80000 	C:\windows\SYSTEM32\combase.dll
0x000007fb06410000 - 0x000007fb06460000 	C:\windows\system32\SHLWAPI.dll
0x000007fb03f90000 - 0x000007fb04026000 	C:\windows\SYSTEM32\SHCORE.dll
0x000007fb05ed0000 - 0x000007fb05ee5000 	C:\windows\SYSTEM32\profapi.dll
0x0000000065b00000 - 0x0000000065b09000 	C:\processing-3.2.1-windows64\processing-3.2.1\java\bin\dt_socket.dll
0x000007fb05720000 - 0x000007fb0577c000 	C:\windows\system32\mswsock.dll
0x0000000065c70000 - 0x0000000065e08000 	C:\processing-3.2.1-windows64\processing-3.2.1\java\bin\awt.dll
0x000007fb085f0000 - 0x000007fb086b3000 	C:\windows\system32\OLEAUT32.dll
0x000007fb00440000 - 0x000007fb004df000 	C:\windows\system32\apphelp.dll
0x000007fb04d60000 - 0x000007fb04e46000 	C:\windows\system32\uxtheme.dll
0x000007fb04d30000 - 0x000007fb04d51000 	C:\windows\SYSTEM32\dwmapi.dll
0x000007fb088a0000 - 0x000007fb08a1e000 	C:\windows\system32\ole32.dll
0x000007fb05d10000 - 0x000007fb05d1a000 	C:\windows\SYSTEM32\CRYPTBASE.dll
0x000007fb05cb0000 - 0x000007fb05d0c000 	C:\windows\SYSTEM32\bcryptPrimitives.dll
0x0000000065be0000 - 0x0000000065c27000 	C:\processing-3.2.1-windows64\processing-3.2.1\java\bin\fontmanager.dll
0x0000000064940000 - 0x0000000064955000 	C:\Users\SADAYOSHI!\Documents\Processing\libraries\sound\library\windows64\libwinpthread-1.dll
0x0000000070440000 - 0x00000000705c1000 	C:\Users\SADAYOSHI!\Documents\Processing\libraries\sound\library\windows64\libsndfile-1.dll
0x0000000063c80000 - 0x0000000063e0e000 	C:\Users\SADAYOSHI!\Documents\Processing\libraries\sound\library\windows64\libmpg123-0.dll
0x000000001acc0000 - 0x000000001b372000 	C:\Users\SADAYOSHI!\Documents\Processing\libraries\sound\library\windows64\libmethcla.dll
0x000000006b980000 - 0x000000006bb8e000 	C:\Users\SADAYOSHI!\Documents\Processing\libraries\sound\library\windows64\libMethClaInterface.dll
0x000007fb07b80000 - 0x000007fb07c16000 	C:\windows\SYSTEM32\clbcatq.dll
0x000007fb042b0000 - 0x000007fb04312000 	C:\windows\System32\MMDevApi.dll
0x000007fb06000000 - 0x000007fb06022000 	C:\windows\system32\DEVOBJ.dll
0x000007fb06030000 - 0x000007fb0607f000 	C:\windows\SYSTEM32\cfgmgr32.dll
0x000007fb01920000 - 0x000007fb01992000 	C:\windows\SYSTEM32\AUDIOSES.DLL
0x000007fb05e70000 - 0x000007fb05eb3000 	C:\windows\SYSTEM32\powrprof.dll
0x000007faed930000 - 0x000007faedacc000 	C:\Users\SADAYOSHI!\Documents\Processing\libraries\KinectPV2\library\Kinect20.Face.dll
0x000007fafe680000 - 0x000007fafe727000 	C:\windows\SYSTEM32\MSVCP110.dll
0x000007fafe5a0000 - 0x000007fafe674000 	C:\windows\SYSTEM32\MSVCR110.dll
0x000007fafd500000 - 0x000007fafd511000 	C:\Users\SADAYOSHI!\Documents\Processing\libraries\KinectPV2\library\KinectPV2.dll
0x000007faed870000 - 0x000007faed92a000 	C:\windows\SYSTEM32\Kinect20.dll
0x000007fafd140000 - 0x000007fafd201000 	C:\windows\SYSTEM32\MFPlat.DLL
0x000007fb04280000 - 0x000007fb04289000 	C:\windows\SYSTEM32\AVRT.dll
0x000007faf60a0000 - 0x000007faf62c7000 	C:\Windows\System32\IME\IMEJP\imjptip.dll
0x000007fb03150000 - 0x000007fb031b9000 	C:\windows\SYSTEM32\OLEACC.dll
0x000007fb01d20000 - 0x000007fb01e7a000 	C:\windows\SYSTEM32\PROPSYS.dll
0x000007fb00ca0000 - 0x000007fb00cce000 	C:\windows\SYSTEM32\ntmarta.dll
0x000007fafdd40000 - 0x000007fafdeed000 	C:\Windows\System32\IME\IMEJP\imjpapi.dll
0x000007fb02b50000 - 0x000007fb02b7f000 	C:\Windows\System32\IME\shared\imjkapi.dll
0x000007fb00aa0000 - 0x000007fb00b50000 	C:\Windows\System32\IME\IMEJP\imjppred.dll
0x000007fafe790000 - 0x000007fafe856000 	C:\Windows\System32\IME\shared\imetip.dll
0x000007fb035e0000 - 0x000007fb03799000 	C:\windows\SYSTEM32\DUI70.dll
0x000007fb03e00000 - 0x000007fb03e1b000 	C:\Windows\System32\IME\shared\imecfm.dll
0x000007faf3ee0000 - 0x000007faf3f4e000 	C:\windows\SYSTEM32\wer.dll
0x000007faf63c0000 - 0x000007faf64b6000 	C:\Windows\System32\IME\IMEJP\imjplmp.dll
0x000007fb03070000 - 0x000007fb030b6000 	C:\Windows\System32\IME\SHARED\imelm.dll
0x000007fb05780000 - 0x000007fb0579a000 	C:\windows\SYSTEM32\CRYPTSP.dll
0x000007fb05400000 - 0x000007fb0544b000 	C:\windows\system32\rsaenh.dll
0x000007fb04290000 - 0x000007fb0429e000 	C:\Windows\System32\IME\SHARED\imebrokerps.dll
0x000007fb037b0000 - 0x000007fb037ce000 	C:\Windows\System32\IME\SHARED\imesearchdll.dll
0x0000000065b60000 - 0x0000000065b8a000 	C:\processing-3.2.1-windows64\processing-3.2.1\java\bin\dcpr.dll
0x000007fafe190000 - 0x000007fafe2f3000 	C:\windows\SYSTEM32\dbghelp.dll

VM Arguments:
jvm_args: -agentlib:jdwp=transport=dt_socket,address=8470,server=y,suspend=y,quiet=y -Djna.nosys=true -Djava.ext.dirs=C:\processing-3.2.1-windows64\processing-3.2.1\java\lib\ext -Djava.library.path=;C:\processing-3.2.1-windows64\processing-3.2.1\core\library;C:\Users\SADAYOSHI!\Documents\Processing\libraries\KinectPV2\library;C:\Users\SADAYOSHI!\Documents\Processing\libraries\sound\library\windows64;C:\processing-3.2.1-windows64\processing-3.2.1\java\bin;C:\windows\system32;C:\windows;C:\ProgramData\Oracle\Java\javapath;C:\Program Files (x86)\Intel\iCLS Client;C:\Program Files\Intel\iCLS Client;C:\windows\system32;C:\windows;C:\windows\System32\Wbem;C:\windows\System32\WindowsPowerShell\v1.0;C:\Program Files\Intel\Intel(R) Management Engine Components\DAL;C:\Program Files\Intel\Intel(R) Management Engine Components\IPT;C:\Program Files (x86)\Intel\Intel(R) Management Engine Components\DAL;C:\Program Files (x86)\Intel\Intel(R) Management Engine Components\IPT;C:\Program Files (x86)\Intel\OpenCL SDK\2.0\bin\x86;C:\Program Files (x86)\Intel\OpenCL SDK\2.0\bin\x64;C:\Program Files\Java\jre6\bin;C:\borland\bcc55\Bin;C:\Program Files (x86)\QuickTime\QTSystem;C:\apache-ant-1.9.4\bin;C:\Program Files (x86)\Skype\Phone;C:\MinGW\bin;C:\processing-3.2.1-windows64\processing-3.2.1\java\bin;. -ea 
java_command: processing.core.PApplet --location=1364,0 --external --display=1 --present --stop-color=#cccccc --window-color=#666666 --sketch-path=C:\Users\SADAYOSHI!\Documents\GitHub\Sound-Motion_Mod\SoundMotion_v5a SoundMotion_v5a
java_class_path (initial): C:\Users\SADAYO~1\AppData\Local\Temp\SoundMotion_v5a771162537265240828temp;C:\processing-3.2.1-windows64\processing-3.2.1\core\library\core.jar;C:\processing-3.2.1-windows64\processing-3.2.1\core\library\gluegen-rt-natives-linux-amd64.jar;C:\processing-3.2.1-windows64\processing-3.2.1\core\library\gluegen-rt-natives-linux-armv6hf.jar;C:\processing-3.2.1-windows64\processing-3.2.1\core\library\gluegen-rt-natives-linux-i586.jar;C:\processing-3.2.1-windows64\processing-3.2.1\core\library\gluegen-rt-natives-macosx-universal.jar;C:\processing-3.2.1-windows64\processing-3.2.1\core\library\gluegen-rt-natives-windows-amd64.jar;C:\processing-3.2.1-windows64\processing-3.2.1\core\library\gluegen-rt-natives-windows-i586.jar;C:\processing-3.2.1-windows64\processing-3.2.1\core\library\gluegen-rt.jar;C:\processing-3.2.1-windows64\processing-3.2.1\core\library\jogl-all-natives-linux-amd64.jar;C:\processing-3.2.1-windows64\processing-3.2.1\core\library\jogl-all-natives-linux-armv6hf.jar;C:\processing-3.2.1-windows64\processing-3.2.1\core\library\jogl-all-natives-linux-i586.jar;C:\processing-3.2.1-windows64\processing-3.2.1\core\library\jogl-all-natives-macosx-universal.jar;C:\processing-3.2.1-windows64\processing-3.2.1\core\library\jogl-all-natives-windows-amd64.jar;C:\processing-3.2.1-windows64\processing-3.2.1\core\library\jogl-all-natives-windows-i586.jar;C:\processing-3.2.1-windows64\processing-3.2.1\core\library\jogl-all.jar;C:\Users\SADAYOSHI!\Documents\Processing\libraries\KinectPV2\library\KinectPV2.jar;C:\Users\SADAYOSHI!\Documents\Processing\libraries\sound\library\sound.jar;lib;lib\pde.jar;core\library\core.jar;lib\jna.jar;lib\jna-platform.jar;lib\antlr.jar;lib\ant.jar;lib\ant-launcher.jar
Launcher Type: SUN_STANDARD

Environment Variables:
CLASSPATH=.;C:\Program Files (x86)\Java\jre7\lib\ext\QTJava.zip
PATH=C:\ProgramData\Oracle\Java\javapath;C:\Program Files (x86)\Intel\iCLS Client\;C:\Program Files\Intel\iCLS Client\;C:\windows\system32;C:\windows;C:\windows\System32\Wbem;C:\windows\System32\WindowsPowerShell\v1.0\;C:\Program Files\Intel\Intel(R) Management Engine Components\DAL;C:\Program Files\Intel\Intel(R) Management Engine Components\IPT;C:\Program Files (x86)\Intel\Intel(R) Management Engine Components\DAL;C:\Program Files (x86)\Intel\Intel(R) Management Engine Components\IPT;C:\Program Files (x86)\Intel\OpenCL SDK\2.0\bin\x86;C:\Program Files (x86)\Intel\OpenCL SDK\2.0\bin\x64;C:\Program Files\Java\jre6\bin;C:\borland\bcc55\Bin;C:\Program Files (x86)\QuickTime\QTSystem\;C:\apache-ant-1.9.4\bin;C:\Users\by_sK\AppData\Local\Android\sdk\platform-tools;C:\Program Files (x86)\Skype\Phone\;C:\MinGW\bin;;C:\processing-3.2.1-windows64\processing-3.2.1\java\bin
USERNAME=SADAYOSHI!
OS=Windows_NT
PROCESSOR_IDENTIFIER=Intel64 Family 6 Model 58 Stepping 9, GenuineIntel



---------------  S Y S T E M  ---------------

OS: Windows 8 , 64 bit Build 9200 (6.2.9200.16384)

CPU:total 4 (2 cores per cpu, 2 threads per core) family 6 model 58 stepping 9, cmov, cx8, fxsr, mmx, sse, sse2, sse3, ssse3, sse4.1, sse4.2, popcnt, avx, clmul, erms, ht, tsc, tscinvbit, tscinv

Memory: 4k page, physical 8280212k(5241244k free), swap 11467356k(6323204k free)

vm_info: Java HotSpot(TM) 64-Bit Server VM (25.102-b14) for windows-amd64 JRE (1.8.0_102-b14), built on Jun 22 2016 13:15:21 by "java_re" with MS VC++ 10.0 (VS2010)

time: Thu Oct 27 14:13:05 2016
elapsed time: 3560 seconds (0d 0h 59m 20s)

