#
# A fatal error has been detected by the Java Runtime Environment:
#
#  EXCEPTION_ACCESS_VIOLATION (0xc0000005) at pc=0x000007fafcfc5520, pid=44460, tid=0x0000000000009d1c
#
# JRE version: Java(TM) SE Runtime Environment (8.0_102-b14) (build 1.8.0_102-b14)
# Java VM: Java HotSpot(TM) 64-Bit Server VM (25.102-b14 mixed mode windows-amd64 compressed oops)
# Problematic frame:
# C  [KinectPV2.dll+0x5520]
#
# Failed to write core dump. Minidumps are not enabled by default on client versions of Windows
#
# If you would like to submit a bug report, please visit:
#   http://bugreport.java.com/bugreport/crash.jsp
# The crash happened outside the Java Virtual Machine in native code.
# See problematic frame for where to report the bug.
#

---------------  T H R E A D  ---------------

Current thread (0x0000000019586000):  JavaThread "Animation Thread" [_thread_in_native, id=40220, stack(0x000000001aa00000,0x000000001ab00000)]

siginfo: ExceptionCode=0xc0000005, reading address 0xffffffffffffffff

Registers:
RAX=0x0000000000000001, RBX=0x000000000040e640, RCX=0xa87a7a7a9e616161, RDX=0x0000000000000000
RSP=0x000000001aafe4a0, RBP=0x0000000000000000, RSI=0x0000000000000006, RDI=0x000000000040e870
R8 =0x000000001aafe168, R9 =0x0000000000000000, R10=0x0000000000000000, R11=0x0000000000000286
R12=0x0000000000000000, R13=0x000000001a5dbe18, R14=0x000000001aafe590, R15=0x0000000019586000
RIP=0x000007fafcfc5520, EFLAGS=0x0000000000010282

Top of Stack: (sp=0x000000001aafe4a0)
0x000000001aafe4a0:   000000000040e640 000000001a5dbe18
0x000000001aafe4b0:   0000000000000000 0000000019411ac0
0x000000001aafe4c0:   0000000019411ac0 000007fafcfc177a
0x000000001aafe4d0:   000000001aafe590 000000001aafe570
0x000000001aafe4e0:   00000000195861f8 0000000019586000
0x000000001aafe4f0:   00000000022f83fd 0000000002310fec
0x000000001aafe500:   000000001a5dbe18 0000000019586000
0x000000001aafe510:   0000000019586000 0000000019586000
0x000000001aafe520:   000000001aafe5e8 0000000002310a02
0x000000001aafe530:   000000001aafe530 000000001a5dbe18
0x000000001aafe540:   000000001aafe590 000000001a5ddc68
0x000000001aafe550:   0000000000000000 000000001a5dbe18
0x000000001aafe560:   0000000000000000 000000001aafe590
0x000000001aafe570:   000000001aafe5d8 00000000022f7bd0
0x000000001aafe580:   0000000000000000 00000000023071a0
0x000000001aafe590:   0000000084541af8 000000001aafe598 

Instructions: (pc=0x000007fafcfc5520)
0x000007fafcfc5500:   89 6f d0 48 8b 0f 48 85 c9 74 09 48 8b 01 ff 50
0x000007fafcfc5510:   10 48 89 2f 48 8b 8f 90 00 00 00 48 85 c9 74 0d
0x000007fafcfc5520:   48 8b 01 ff 50 10 48 89 af 90 00 00 00 48 8b 4f
0x000007fafcfc5530:   30 48 85 c9 74 0a 48 8b 01 ff 50 10 48 89 6f 30 


Register to memory mapping:

RAX=0x0000000000000001 is an unknown value
RBX=0x000000000040e640 is an unknown value
RCX=0xa87a7a7a9e616161 is an unknown value
RDX=0x0000000000000000 is an unknown value
RSP=0x000000001aafe4a0 is pointing into the stack for thread: 0x0000000019586000
RBP=0x0000000000000000 is an unknown value
RSI=0x0000000000000006 is an unknown value
RDI=0x000000000040e870 is an unknown value
R8 =0x000000001aafe168 is pointing into the stack for thread: 0x0000000019586000
R9 =0x0000000000000000 is an unknown value
R10=0x0000000000000000 is an unknown value
R11=0x0000000000000286 is an unknown value
R12=0x0000000000000000 is an unknown value
R13={method} {0x000000001a5dbe20} 'jniStopSignal' '()Z' in 'KinectPV2/Device'
R14=0x000000001aafe590 is pointing into the stack for thread: 0x0000000019586000
R15=0x0000000019586000 is a thread


Stack: [0x000000001aa00000,0x000000001ab00000],  sp=0x000000001aafe4a0,  free space=1017k
Native frames: (J=compiled Java code, j=interpreted, Vv=VM code, C=native code)

Java frames: (J=compiled Java code, j=interpreted, Vv=VM code)
j  KinectPV2.Device.jniStopSignal()Z+0
j  KinectPV2.Device.cleanDevice()Z+1
j  KinectPV2.KinectPV2.dispose()V+10
v  ~StubRoutines::call_stub
j  sun.reflect.NativeMethodAccessorImpl.invoke0(Ljava/lang/reflect/Method;Ljava/lang/Object;[Ljava/lang/Object;)Ljava/lang/Object;+0
j  sun.reflect.NativeMethodAccessorImpl.invoke(Ljava/lang/Object;[Ljava/lang/Object;)Ljava/lang/Object;+100
j  sun.reflect.DelegatingMethodAccessorImpl.invoke(Ljava/lang/Object;[Ljava/lang/Object;)Ljava/lang/Object;+6
j  java.lang.reflect.Method.invoke(Ljava/lang/Object;[Ljava/lang/Object;)Ljava/lang/Object;+56
j  processing.core.PApplet$RegisteredMethods.handle([Ljava/lang/Object;)V+18
J 560 C1 processing.core.PApplet.handleMethods(Ljava/lang/String;)V (21 bytes) @ 0x000000000252bf34 [0x000000000252bc60+0x2d4]
j  processing.core.PApplet.dispose()V+35
j  processing.core.PSurfaceNone$AnimationThread.run()V+156
v  ~StubRoutines::call_stub

---------------  P R O C E S S  ---------------

Java Threads: ( => current thread )
  0x000000001958a800 JavaThread "Thread-2" [_thread_blocked, id=39748, stack(0x0000000064700000,0x0000000064800000)]
  0x00000000021f4000 JavaThread "DestroyJavaVM" [_thread_blocked, id=41632, stack(0x00000000020a0000,0x00000000021a0000)]
=>0x0000000019586000 JavaThread "Animation Thread" [_thread_in_native, id=40220, stack(0x000000001aa00000,0x000000001ab00000)]
  0x000000001953a000 JavaThread "AWT-EventQueue-0" [_thread_blocked, id=43524, stack(0x000000001a800000,0x000000001a900000)]
  0x00000000193ee000 JavaThread "AWT-Windows" daemon [_thread_in_native, id=41664, stack(0x0000000019d80000,0x0000000019e80000)]
  0x00000000193ed800 JavaThread "AWT-Shutdown" [_thread_blocked, id=7036, stack(0x0000000019c80000,0x0000000019d80000)]
  0x00000000193df000 JavaThread "Java2D Disposer" daemon [_thread_blocked, id=44540, stack(0x0000000019b80000,0x0000000019c80000)]
  0x00000000182b0000 JavaThread "Service Thread" daemon [_thread_blocked, id=41956, stack(0x0000000018e10000,0x0000000018f10000)]
  0x0000000016e6f000 JavaThread "C1 CompilerThread2" daemon [_thread_blocked, id=44040, stack(0x0000000018d10000,0x0000000018e10000)]
  0x0000000016e6e000 JavaThread "C2 CompilerThread1" daemon [_thread_blocked, id=44724, stack(0x0000000018c10000,0x0000000018d10000)]
  0x0000000016e67000 JavaThread "C2 CompilerThread0" daemon [_thread_blocked, id=43568, stack(0x0000000018b10000,0x0000000018c10000)]
  0x0000000016e5c000 JavaThread "JDWP Command Reader" daemon [_thread_in_native, id=40628, stack(0x0000000018a10000,0x0000000018b10000)]
  0x0000000016e59000 JavaThread "JDWP Event Helper Thread" daemon [_thread_blocked, id=44628, stack(0x0000000018910000,0x0000000018a10000)]
  0x0000000016e49000 JavaThread "JDWP Transport Listener: dt_socket" daemon [_thread_blocked, id=44424, stack(0x0000000018810000,0x0000000018910000)]
  0x0000000016e41800 JavaThread "Attach Listener" daemon [_thread_blocked, id=42560, stack(0x0000000018710000,0x0000000018810000)]
  0x0000000018252800 JavaThread "Signal Dispatcher" daemon [_thread_blocked, id=44708, stack(0x0000000018610000,0x0000000018710000)]
  0x0000000016e1b000 JavaThread "Finalizer" daemon [_thread_blocked, id=43608, stack(0x0000000018090000,0x0000000018190000)]
  0x00000000022e6000 JavaThread "Reference Handler" daemon [_thread_blocked, id=44200, stack(0x0000000017f90000,0x0000000018090000)]

Other Threads:
  0x0000000016df7000 VMThread [stack: 0x0000000017e90000,0x0000000017f90000] [id=42212]
  0x00000000182fb000 WatcherThread [stack: 0x0000000018f10000,0x0000000019010000] [id=43816]

VM state:not at safepoint (normal execution)

VM Mutex/Monitor currently owned by a thread: None

Heap:
 PSYoungGen      total 71680K, used 55431K [0x00000000d5e00000, 0x00000000da900000, 0x0000000100000000)
  eden space 66560K, 83% used [0x00000000d5e00000,0x00000000d9421e50,0x00000000d9f00000)
  from space 5120K, 0% used [0x00000000da400000,0x00000000da400000,0x00000000da900000)
  to   space 5120K, 0% used [0x00000000d9f00000,0x00000000d9f00000,0x00000000da400000)
 ParOldGen       total 118272K, used 48996K [0x0000000081a00000, 0x0000000088d80000, 0x00000000d5e00000)
  object space 118272K, 41% used [0x0000000081a00000,0x00000000849d9118,0x0000000088d80000)
 Metaspace       used 10727K, capacity 10966K, committed 11264K, reserved 1058816K
  class space    used 1156K, capacity 1221K, committed 1280K, reserved 1048576K

Card table byte_map: [0x00000000116b0000,0x0000000011ab0000] byte_map_base: 0x00000000112a3000

Marking Bits: (ParMarkBitMap*) 0x0000000065d9a6c0
 Begin Bits: [0x0000000012160000, 0x00000000140f8000)
 End Bits:   [0x00000000140f8000, 0x0000000016090000)

Polling page: 0x0000000001d40000

CodeCache: size=245760Kb used=3445Kb max_used=3445Kb free=242314Kb
 bounds [0x00000000022f0000, 0x0000000002650000, 0x00000000112f0000]
 total_blobs=1401 nmethods=913 adapters=409
 compilation: enabled

Compilation events (10 events):
Event: 34.795 Thread 0x0000000016e6f000  909       1       java.beans.PropertyChangeEvent::getOldValue (5 bytes)
Event: 34.795 Thread 0x0000000016e6f000 nmethod 909 0x0000000002649b90 code [0x0000000002649ce0, 0x0000000002649df0]
Event: 34.956 Thread 0x0000000016e6f000  911   !   3       sun.awt.PostEventQueue::flush (168 bytes)
Event: 34.957 Thread 0x0000000016e6f000 nmethod 911 0x000000000264c890 code [0x000000000264cae0, 0x000000000264dc88]
Event: 34.957 Thread 0x0000000016e6f000  910       3       sun.awt.SunToolkit::flushPendingEvents (19 bytes)
Event: 34.958 Thread 0x0000000016e6f000 nmethod 910 0x000000000264e4d0 code [0x000000000264e660, 0x000000000264e9d8]
Event: 35.734 Thread 0x0000000016e6f000  912       3       sun.reflect.ClassFileAssembler::emitByte (11 bytes)
Event: 35.734 Thread 0x0000000016e6f000 nmethod 912 0x000000000264eb10 code [0x000000000264ec80, 0x000000000264ee68]
Event: 35.734 Thread 0x0000000016e6f000  913       3       sun.reflect.ByteVectorImpl::add (38 bytes)
Event: 35.734 Thread 0x0000000016e6f000 nmethod 913 0x000000000264ef50 code [0x000000000264f0c0, 0x000000000264f2e8]

GC Heap History (6 events):
Event: 1.032 GC heap before
{Heap before GC invocations=1 (full 0):
 PSYoungGen      total 38400K, used 27539K [0x00000000d5e00000, 0x00000000d8880000, 0x0000000100000000)
  eden space 33280K, 82% used [0x00000000d5e00000,0x00000000d78e4ce0,0x00000000d7e80000)
  from space 5120K, 0% used [0x00000000d8380000,0x00000000d8380000,0x00000000d8880000)
  to   space 5120K, 0% used [0x00000000d7e80000,0x00000000d7e80000,0x00000000d8380000)
 ParOldGen       total 87552K, used 0K [0x0000000081a00000, 0x0000000086f80000, 0x00000000d5e00000)
  object space 87552K, 0% used [0x0000000081a00000,0x0000000081a00000,0x0000000086f80000)
 Metaspace       used 10083K, capacity 10280K, committed 10496K, reserved 1058816K
  class space    used 1096K, capacity 1188K, committed 1280K, reserved 1048576K
Event: 1.046 GC heap after
Heap after GC invocations=1 (full 0):
 PSYoungGen      total 38400K, used 2437K [0x00000000d5e00000, 0x00000000da900000, 0x0000000100000000)
  eden space 33280K, 0% used [0x00000000d5e00000,0x00000000d5e00000,0x00000000d7e80000)
  from space 5120K, 47% used [0x00000000d7e80000,0x00000000d80e17e8,0x00000000d8380000)
  to   space 5120K, 0% used [0x00000000da400000,0x00000000da400000,0x00000000da900000)
 ParOldGen       total 87552K, used 32408K [0x0000000081a00000, 0x0000000086f80000, 0x00000000d5e00000)
  object space 87552K, 37% used [0x0000000081a00000,0x00000000839a6040,0x0000000086f80000)
 Metaspace       used 10083K, capacity 10280K, committed 10496K, reserved 1058816K
  class space    used 1096K, capacity 1188K, committed 1280K, reserved 1048576K
}
Event: 1.052 GC heap before
{Heap before GC invocations=2 (full 0):
 PSYoungGen      total 38400K, used 35195K [0x00000000d5e00000, 0x00000000da900000, 0x0000000100000000)
  eden space 33280K, 98% used [0x00000000d5e00000,0x00000000d7dfd710,0x00000000d7e80000)
  from space 5120K, 47% used [0x00000000d7e80000,0x00000000d80e17e8,0x00000000d8380000)
  to   space 5120K, 0% used [0x00000000da400000,0x00000000da400000,0x00000000da900000)
 ParOldGen       total 87552K, used 32408K [0x0000000081a00000, 0x0000000086f80000, 0x00000000d5e00000)
  object space 87552K, 37% used [0x0000000081a00000,0x00000000839a6040,0x0000000086f80000)
 Metaspace       used 10085K, capacity 10280K, committed 10496K, reserved 1058816K
  class space    used 1096K, capacity 1188K, committed 1280K, reserved 1048576K
Event: 1.066 GC heap after
Heap after GC invocations=2 (full 0):
 PSYoungGen      total 71680K, used 4829K [0x00000000d5e00000, 0x00000000da900000, 0x0000000100000000)
  eden space 66560K, 0% used [0x00000000d5e00000,0x00000000d5e00000,0x00000000d9f00000)
  from space 5120K, 94% used [0x00000000da400000,0x00000000da8b7690,0x00000000da900000)
  to   space 5120K, 0% used [0x00000000d9f00000,0x00000000d9f00000,0x00000000da400000)
 ParOldGen       total 87552K, used 60437K [0x0000000081a00000, 0x0000000086f80000, 0x00000000d5e00000)
  object space 87552K, 69% used [0x0000000081a00000,0x00000000855054a0,0x0000000086f80000)
 Metaspace       used 10085K, capacity 10280K, committed 10496K, reserved 1058816K
  class space    used 1096K, capacity 1188K, committed 1280K, reserved 1048576K
}
Event: 1.066 GC heap before
{Heap before GC invocations=3 (full 1):
 PSYoungGen      total 71680K, used 4829K [0x00000000d5e00000, 0x00000000da900000, 0x0000000100000000)
  eden space 66560K, 0% used [0x00000000d5e00000,0x00000000d5e00000,0x00000000d9f00000)
  from space 5120K, 94% used [0x00000000da400000,0x00000000da8b7690,0x00000000da900000)
  to   space 5120K, 0% used [0x00000000d9f00000,0x00000000d9f00000,0x00000000da400000)
 ParOldGen       total 87552K, used 60437K [0x0000000081a00000, 0x0000000086f80000, 0x00000000d5e00000)
  object space 87552K, 69% used [0x0000000081a00000,0x00000000855054a0,0x0000000086f80000)
 Metaspace       used 10085K, capacity 10280K, committed 10496K, reserved 1058816K
  class space    used 1096K, capacity 1188K, committed 1280K, reserved 1048576K
Event: 1.089 GC heap after
Heap after GC invocations=3 (full 1):
 PSYoungGen      total 71680K, used 0K [0x00000000d5e00000, 0x00000000da900000, 0x0000000100000000)
  eden space 66560K, 0% used [0x00000000d5e00000,0x00000000d5e00000,0x00000000d9f00000)
  from space 5120K, 0% used [0x00000000da400000,0x00000000da400000,0x00000000da900000)
  to   space 5120K, 0% used [0x00000000d9f00000,0x00000000d9f00000,0x00000000da400000)
 ParOldGen       total 118272K, used 48996K [0x0000000081a00000, 0x0000000088d80000, 0x00000000d5e00000)
  object space 118272K, 41% used [0x0000000081a00000,0x00000000849d9118,0x0000000088d80000)
 Metaspace       used 10085K, capacity 10280K, committed 10496K, reserved 1058816K
  class space    used 1096K, capacity 1188K, committed 1280K, reserved 1048576K
}

Deoptimization events (5 events):
Event: 16.374 Thread 0x0000000019586000 Uncommon trap: reason=unstable_if action=reinterpret pc=0x000000000259ebf4 method=java.lang.StrictMath.floorOrCeil(DDDD)D @ 90
Event: 16.375 Thread 0x0000000019586000 Uncommon trap: reason=unstable_if action=reinterpret pc=0x00000000025d15bc method=sun.java2d.SunGraphics2D.setColor(Ljava/awt/Color;)V @ 9
Event: 17.194 Thread 0x0000000019586000 Uncommon trap: reason=unstable_if action=reinterpret pc=0x0000000002557fe0 method=sun.java2d.pipe.AAShapePipe.renderTiles(Lsun/java2d/SunGraphics2D;Ljava/awt/Shape;Lsun/java2d/pipe/AATileGenerator;[I)V @ 148
Event: 25.313 Thread 0x0000000019586000 Uncommon trap: reason=unstable_if action=reinterpret pc=0x0000000002611930 method=java.lang.StrictMath.floorOrCeil(DDDD)D @ 38
Event: 25.313 Thread 0x0000000019586000 Uncommon trap: reason=unstable_if action=reinterpret pc=0x00000000025efffc method=java.lang.StrictMath.floorOrCeil(DDDD)D @ 38

Internal exceptions (10 events):
Event: 0.491 Thread 0x00000000021f4000 Exception <a 'java/security/PrivilegedActionException'> (0x00000000d622bc50) thrown at [C:\re\workspace\8-2-build-windows-amd64-cygwin\jdk8u102\7268\hotspot\src\share\vm\prims\jvm.cpp, line 1386]
Event: 0.491 Thread 0x00000000021f4000 Exception <a 'java/security/PrivilegedActionException'> (0x00000000d622be60) thrown at [C:\re\workspace\8-2-build-windows-amd64-cygwin\jdk8u102\7268\hotspot\src\share\vm\prims\jvm.cpp, line 1386]
Event: 0.498 Thread 0x00000000021f4000 Exception <a 'java/io/FileNotFoundException'> (0x00000000d622eee8) thrown at [C:\re\workspace\8-2-build-windows-amd64-cygwin\jdk8u102\7268\hotspot\src\share\vm\prims\jni.cpp, line 709]
Event: 0.566 Thread 0x00000000021f4000 Exception <a 'java/lang/NoSuchFieldError': method resolution failed> (0x00000000d62fc538) thrown at [C:\re\workspace\8-2-build-windows-amd64-cygwin\jdk8u102\7268\hotspot\src\share\vm\prims\methodHandles.cpp, line 1146]
Event: 0.568 Thread 0x00000000021f4000 Exception <a 'java/lang/NoSuchFieldError': method resolution failed> (0x00000000d6309888) thrown at [C:\re\workspace\8-2-build-windows-amd64-cygwin\jdk8u102\7268\hotspot\src\share\vm\prims\methodHandles.cpp, line 1146]
Event: 0.671 Thread 0x00000000021f4000 Exception <a 'java/io/FileNotFoundException'> (0x00000000d63a8688) thrown at [C:\re\workspace\8-2-build-windows-amd64-cygwin\jdk8u102\7268\hotspot\src\share\vm\prims\jni.cpp, line 709]
Event: 0.832 Thread 0x00000000021f4000 Exception <a 'java/io/FileNotFoundException'> (0x00000000d65a4480) thrown at [C:\re\workspace\8-2-build-windows-amd64-cygwin\jdk8u102\7268\hotspot\src\share\vm\prims\jni.cpp, line 709]
Event: 0.832 Thread 0x00000000021f4000 Exception <a 'java/lang/NullPointerException'> (0x00000000d65a4b30) thrown at [C:\re\workspace\8-2-build-windows-amd64-cygwin\jdk8u102\7268\hotspot\src\share\vm\interpreter\linkResolver.cpp, line 1178]
Event: 0.854 Thread 0x00000000021f4000 Exception <a 'java/security/PrivilegedActionException'> (0x00000000d65effa8) thrown at [C:\re\workspace\8-2-build-windows-amd64-cygwin\jdk8u102\7268\hotspot\src\share\vm\prims\jvm.cpp, line 1386]
Event: 0.855 Thread 0x00000000021f4000 Exception <a 'java/security/PrivilegedActionException'> (0x00000000d65f03a0) thrown at [C:\re\workspace\8-2-build-windows-amd64-cygwin\jdk8u102\7268\hotspot\src\share\vm\prims\jvm.cpp, line 1386]

Events (10 events):
Event: 35.734 loading class sun/reflect/Label
Event: 35.734 loading class sun/reflect/Label done
Event: 35.734 loading class sun/reflect/Label$PatchInfo
Event: 35.734 loading class sun/reflect/Label$PatchInfo done
Event: 35.734 loading class sun/reflect/MethodAccessorGenerator$1
Event: 35.734 loading class sun/reflect/MethodAccessorGenerator$1 done
Event: 35.735 loading class sun/reflect/ClassDefiner
Event: 35.735 loading class sun/reflect/ClassDefiner done
Event: 35.735 loading class sun/reflect/ClassDefiner$1
Event: 35.735 loading class sun/reflect/ClassDefiner$1 done


Dynamic libraries:
0x000007f75e630000 - 0x000007f75e667000 	C:\processing-3.2.1-windows64\processing-3.2.1\java\bin\java.exe
0x000007fb0a2f0000 - 0x000007fb0a4b0000 	C:\windows\SYSTEM32\ntdll.dll
0x000007fb081f0000 - 0x000007fb08326000 	C:\windows\system32\KERNEL32.DLL
0x000007faf5790000 - 0x000007faf57c2000 	C:\Program Files (x86)\AVG\AVG2015\avghooka.dll
0x000007fb06080000 - 0x000007fb06173000 	C:\windows\system32\KERNELBASE.dll
0x000007fb07c70000 - 0x000007fb07d4e000 	C:\windows\system32\ADVAPI32.dll
0x000007fb07740000 - 0x000007fb0788c000 	C:\windows\system32\USER32.dll
0x000007fb03b30000 - 0x000007fb03d9a000 	C:\windows\WinSxS\amd64_microsoft.windows.common-controls_6595b64144ccf1df_6.0.9200.16579_none_418ab7ef718b27ef\COMCTL32.dll
0x000007fb08d90000 - 0x000007fb08e35000 	C:\windows\system32\msvcrt.dll
0x000007fb07c20000 - 0x000007fb07c68000 	C:\windows\SYSTEM32\sechost.dll
0x000007fb08760000 - 0x000007fb088a0000 	C:\windows\system32\RPCRT4.dll
0x000007fb07890000 - 0x000007fb079d0000 	C:\windows\system32\GDI32.dll
0x000007fb08720000 - 0x000007fb08759000 	C:\windows\system32\IMM32.DLL
0x000007fb07f30000 - 0x000007fb08045000 	C:\windows\system32\MSCTF.dll
0x0000000065e20000 - 0x0000000065ef1000 	C:\processing-3.2.1-windows64\processing-3.2.1\java\bin\msvcr100.dll
0x0000000065580000 - 0x0000000065e1a000 	C:\processing-3.2.1-windows64\processing-3.2.1\java\bin\server\jvm.dll
0x000007fb03e80000 - 0x000007fb03e89000 	C:\windows\SYSTEM32\WSOCK32.dll
0x000007fb02b20000 - 0x000007fb02b40000 	C:\windows\SYSTEM32\WINMM.dll
0x000007fb00280000 - 0x000007fb00289000 	C:\windows\SYSTEM32\VERSION.dll
0x000007fb08d80000 - 0x000007fb08d87000 	C:\windows\system32\PSAPI.DLL
0x000007fb08fa0000 - 0x000007fb08ff8000 	C:\windows\system32\WS2_32.dll
0x000007fb02ae0000 - 0x000007fb02b12000 	C:\windows\SYSTEM32\WINMMBASE.dll
0x000007fb07d50000 - 0x000007fb07d59000 	C:\windows\system32\NSI.dll
0x0000000065fd0000 - 0x0000000065fdf000 	C:\processing-3.2.1-windows64\processing-3.2.1\java\bin\verify.dll
0x0000000065fa0000 - 0x0000000065fc9000 	C:\processing-3.2.1-windows64\processing-3.2.1\java\bin\java.dll
0x0000000065210000 - 0x0000000065245000 	C:\processing-3.2.1-windows64\processing-3.2.1\java\bin\jdwp.dll
0x0000000065200000 - 0x0000000065208000 	C:\processing-3.2.1-windows64\processing-3.2.1\java\bin\npt.dll
0x0000000065560000 - 0x0000000065576000 	C:\processing-3.2.1-windows64\processing-3.2.1\java\bin\zip.dll
0x000007fb06460000 - 0x000007fb07740000 	C:\windows\system32\SHELL32.dll
0x000007fb079d0000 - 0x000007fb07b80000 	C:\windows\SYSTEM32\combase.dll
0x000007fb06410000 - 0x000007fb06460000 	C:\windows\system32\SHLWAPI.dll
0x000007fb03f90000 - 0x000007fb04026000 	C:\windows\SYSTEM32\SHCORE.dll
0x000007fb05ed0000 - 0x000007fb05ee5000 	C:\windows\SYSTEM32\profapi.dll
0x00000000651f0000 - 0x00000000651f9000 	C:\processing-3.2.1-windows64\processing-3.2.1\java\bin\dt_socket.dll
0x000007fb05720000 - 0x000007fb0577c000 	C:\windows\system32\mswsock.dll
0x00000000653c0000 - 0x0000000065558000 	C:\processing-3.2.1-windows64\processing-3.2.1\java\bin\awt.dll
0x000007fb085f0000 - 0x000007fb086b3000 	C:\windows\system32\OLEAUT32.dll
0x000007fb00440000 - 0x000007fb004df000 	C:\windows\system32\apphelp.dll
0x000007fb04d60000 - 0x000007fb04e46000 	C:\windows\system32\uxtheme.dll
0x000007fb03da0000 - 0x000007fb03dc1000 	C:\windows\SYSTEM32\dwmapi.dll
0x000007fb088a0000 - 0x000007fb08a1e000 	C:\windows\system32\ole32.dll
0x000007fb05d10000 - 0x000007fb05d1a000 	C:\windows\SYSTEM32\CRYPTBASE.dll
0x000007fb05cb0000 - 0x000007fb05d0c000 	C:\windows\SYSTEM32\bcryptPrimitives.dll
0x0000000065330000 - 0x0000000065377000 	C:\processing-3.2.1-windows64\processing-3.2.1\java\bin\fontmanager.dll
0x0000000064940000 - 0x0000000064955000 	C:\Users\SADAYOSHI!\Documents\Processing\libraries\sound\library\windows64\libwinpthread-1.dll
0x0000000070440000 - 0x00000000705c1000 	C:\Users\SADAYOSHI!\Documents\Processing\libraries\sound\library\windows64\libsndfile-1.dll
0x0000000063c80000 - 0x0000000063e0e000 	C:\Users\SADAYOSHI!\Documents\Processing\libraries\sound\library\windows64\libmpg123-0.dll
0x000000001ab00000 - 0x000000001b1b2000 	C:\Users\SADAYOSHI!\Documents\Processing\libraries\sound\library\windows64\libmethcla.dll
0x000000006b980000 - 0x000000006bb8e000 	C:\Users\SADAYOSHI!\Documents\Processing\libraries\sound\library\windows64\libMethClaInterface.dll
0x000007fb07b80000 - 0x000007fb07c16000 	C:\windows\SYSTEM32\clbcatq.dll
0x000007fb042b0000 - 0x000007fb04312000 	C:\windows\System32\MMDevApi.dll
0x000007fb06000000 - 0x000007fb06022000 	C:\windows\system32\DEVOBJ.dll
0x000007fb06030000 - 0x000007fb0607f000 	C:\windows\SYSTEM32\cfgmgr32.dll
0x000007fb01920000 - 0x000007fb01992000 	C:\windows\SYSTEM32\AUDIOSES.DLL
0x000007fb05e70000 - 0x000007fb05eb3000 	C:\windows\SYSTEM32\powrprof.dll
0x000007fae2480000 - 0x000007fae261c000 	C:\Users\SADAYOSHI!\Documents\Processing\libraries\KinectPV2\library\Kinect20.Face.dll
0x000007fafe680000 - 0x000007fafe727000 	C:\windows\SYSTEM32\MSVCP110.dll
0x000007fafe5a0000 - 0x000007fafe674000 	C:\windows\SYSTEM32\MSVCR110.dll
0x000007fafcfc0000 - 0x000007fafcfd1000 	C:\Users\SADAYOSHI!\Documents\Processing\libraries\KinectPV2\library\KinectPV2.dll
0x000007faeb2e0000 - 0x000007faeb39a000 	C:\windows\SYSTEM32\Kinect20.dll
0x000007fafd140000 - 0x000007fafd201000 	C:\windows\SYSTEM32\MFPlat.DLL
0x000007fb04280000 - 0x000007fb04289000 	C:\windows\SYSTEM32\AVRT.dll
0x000007faf2b90000 - 0x000007faf2db7000 	C:\Windows\System32\IME\IMEJP\imjptip.dll
0x000007fafede0000 - 0x000007fafee49000 	C:\windows\SYSTEM32\OLEACC.dll
0x000007fb01d20000 - 0x000007fb01e7a000 	C:\windows\SYSTEM32\PROPSYS.dll
0x000007fb00ca0000 - 0x000007fb00cce000 	C:\windows\SYSTEM32\ntmarta.dll
0x000007faf29e0000 - 0x000007faf2b8d000 	C:\Windows\System32\IME\IMEJP\imjpapi.dll
0x000007fafe920000 - 0x000007fafe94f000 	C:\Windows\System32\IME\shared\imjkapi.dll
0x000007faf26d0000 - 0x000007faf2780000 	C:\Windows\System32\IME\IMEJP\imjppred.dll
0x000007faf2600000 - 0x000007faf26c6000 	C:\Windows\System32\IME\shared\imetip.dll
0x000007faf2440000 - 0x000007faf25f9000 	C:\windows\SYSTEM32\DUI70.dll
0x000007fb03e50000 - 0x000007fb03e6b000 	C:\Windows\System32\IME\shared\imecfm.dll
0x000007faf3ee0000 - 0x000007faf3f4e000 	C:\windows\SYSTEM32\wer.dll
0x00000000652b0000 - 0x00000000652da000 	C:\processing-3.2.1-windows64\processing-3.2.1\java\bin\dcpr.dll
0x000007fb01bf0000 - 0x000007fb01c0e000 	C:\Windows\System32\IME\SHARED\imesearchdll.dll
0x000007fafe190000 - 0x000007fafe2f3000 	C:\windows\SYSTEM32\dbghelp.dll

VM Arguments:
jvm_args: -agentlib:jdwp=transport=dt_socket,address=8448,server=y,suspend=y,quiet=y -Djna.nosys=true -Djava.ext.dirs=C:\processing-3.2.1-windows64\processing-3.2.1\java\lib\ext -Djava.library.path=;C:\processing-3.2.1-windows64\processing-3.2.1\core\library;C:\Users\SADAYOSHI!\Documents\Processing\libraries\KinectPV2\library;C:\Users\SADAYOSHI!\Documents\Processing\libraries\sound\library\windows64;C:\processing-3.2.1-windows64\processing-3.2.1\java\bin;C:\windows\system32;C:\windows;C:\ProgramData\Oracle\Java\javapath;C:\Program Files (x86)\Intel\iCLS Client;C:\Program Files\Intel\iCLS Client;C:\windows\system32;C:\windows;C:\windows\System32\Wbem;C:\windows\System32\WindowsPowerShell\v1.0;C:\Program Files\Intel\Intel(R) Management Engine Components\DAL;C:\Program Files\Intel\Intel(R) Management Engine Components\IPT;C:\Program Files (x86)\Intel\Intel(R) Management Engine Components\DAL;C:\Program Files (x86)\Intel\Intel(R) Management Engine Components\IPT;C:\Program Files (x86)\Intel\OpenCL SDK\2.0\bin\x86;C:\Program Files (x86)\Intel\OpenCL SDK\2.0\bin\x64;C:\Program Files\Java\jre6\bin;C:\borland\bcc55\Bin;C:\Program Files (x86)\QuickTime\QTSystem;C:\apache-ant-1.9.4\bin;C:\Program Files (x86)\Skype\Phone;C:\MinGW\bin;C:\processing-3.2.1-windows64\processing-3.2.1\java\bin;. -ea 
java_command: processing.core.PApplet --location=-9,0 --external --display=1 --present --stop-color=#cccccc --window-color=#666666 --sketch-path=C:\Users\SADAYOSHI!\Documents\GitHub\Sound-Motion_Mod\SoundMotion_v5a SoundMotion_v5a
java_class_path (initial): C:\Users\SADAYO~1\AppData\Local\Temp\SoundMotion_v5a3065408114568470750temp;C:\processing-3.2.1-windows64\processing-3.2.1\core\library\core.jar;C:\processing-3.2.1-windows64\processing-3.2.1\core\library\gluegen-rt-natives-linux-amd64.jar;C:\processing-3.2.1-windows64\processing-3.2.1\core\library\gluegen-rt-natives-linux-armv6hf.jar;C:\processing-3.2.1-windows64\processing-3.2.1\core\library\gluegen-rt-natives-linux-i586.jar;C:\processing-3.2.1-windows64\processing-3.2.1\core\library\gluegen-rt-natives-macosx-universal.jar;C:\processing-3.2.1-windows64\processing-3.2.1\core\library\gluegen-rt-natives-windows-amd64.jar;C:\processing-3.2.1-windows64\processing-3.2.1\core\library\gluegen-rt-natives-windows-i586.jar;C:\processing-3.2.1-windows64\processing-3.2.1\core\library\gluegen-rt.jar;C:\processing-3.2.1-windows64\processing-3.2.1\core\library\jogl-all-natives-linux-amd64.jar;C:\processing-3.2.1-windows64\processing-3.2.1\core\library\jogl-all-natives-linux-armv6hf.jar;C:\processing-3.2.1-windows64\processing-3.2.1\core\library\jogl-all-natives-linux-i586.jar;C:\processing-3.2.1-windows64\processing-3.2.1\core\library\jogl-all-natives-macosx-universal.jar;C:\processing-3.2.1-windows64\processing-3.2.1\core\library\jogl-all-natives-windows-amd64.jar;C:\processing-3.2.1-windows64\processing-3.2.1\core\library\jogl-all-natives-windows-i586.jar;C:\processing-3.2.1-windows64\processing-3.2.1\core\library\jogl-all.jar;C:\Users\SADAYOSHI!\Documents\Processing\libraries\KinectPV2\library\KinectPV2.jar;C:\Users\SADAYOSHI!\Documents\Processing\libraries\sound\library\sound.jar;lib;lib\pde.jar;core\library\core.jar;lib\jna.jar;lib\jna-platform.jar;lib\antlr.jar;lib\ant.jar;lib\ant-launcher.jar
Launcher Type: SUN_STANDARD

Environment Variables:
CLASSPATH=.;C:\Program Files (x86)\Java\jre7\lib\ext\QTJava.zip
PATH=C:\ProgramData\Oracle\Java\javapath;C:\Program Files (x86)\Intel\iCLS Client\;C:\Program Files\Intel\iCLS Client\;C:\windows\system32;C:\windows;C:\windows\System32\Wbem;C:\windows\System32\WindowsPowerShell\v1.0\;C:\Program Files\Intel\Intel(R) Management Engine Components\DAL;C:\Program Files\Intel\Intel(R) Management Engine Components\IPT;C:\Program Files (x86)\Intel\Intel(R) Management Engine Components\DAL;C:\Program Files (x86)\Intel\Intel(R) Management Engine Components\IPT;C:\Program Files (x86)\Intel\OpenCL SDK\2.0\bin\x86;C:\Program Files (x86)\Intel\OpenCL SDK\2.0\bin\x64;C:\Program Files\Java\jre6\bin;C:\borland\bcc55\Bin;C:\Program Files (x86)\QuickTime\QTSystem\;C:\apache-ant-1.9.4\bin;C:\Users\by_sK\AppData\Local\Android\sdk\platform-tools;C:\Program Files (x86)\Skype\Phone\;C:\MinGW\bin;;C:\processing-3.2.1-windows64\processing-3.2.1\java\bin
USERNAME=SADAYOSHI!
OS=Windows_NT
PROCESSOR_IDENTIFIER=Intel64 Family 6 Model 58 Stepping 9, GenuineIntel



---------------  S Y S T E M  ---------------

OS: Windows 8 , 64 bit Build 9200 (6.2.9200.16384)

CPU:total 4 (2 cores per cpu, 2 threads per core) family 6 model 58 stepping 9, cmov, cx8, fxsr, mmx, sse, sse2, sse3, ssse3, sse4.1, sse4.2, popcnt, avx, clmul, erms, ht, tsc, tscinvbit, tscinv

Memory: 4k page, physical 8280212k(2983292k free), swap 11163796k(3833624k free)

vm_info: Java HotSpot(TM) 64-Bit Server VM (25.102-b14) for windows-amd64 JRE (1.8.0_102-b14), built on Jun 22 2016 13:15:21 by "java_re" with MS VC++ 10.0 (VS2010)

time: Tue Oct 18 16:09:09 2016
elapsed time: 35 seconds (0d 0h 0m 35s)

