#
# A fatal error has been detected by the Java Runtime Environment:
#
#  EXCEPTION_ACCESS_VIOLATION (0xc0000005) at pc=0x000007fafcfc5520, pid=10008, tid=0x000000000000a638
#
# JRE version: Java(TM) SE Runtime Environment (8.0_102-b14) (build 1.8.0_102-b14)
# Java VM: Java HotSpot(TM) 64-Bit Server VM (25.102-b14 mixed mode windows-amd64 compressed oops)
# Problematic frame:
# C  [KinectPV2.dll+0x5520]
#
# Failed to write core dump. Minidumps are not enabled by default on client versions of Windows
#
# If you would like to submit a bug report, please visit:
#   http://bugreport.java.com/bugreport/crash.jsp
# The crash happened outside the Java Virtual Machine in native code.
# See problematic frame for where to report the bug.
#

---------------  T H R E A D  ---------------

Current thread (0x000000001a24d800):  JavaThread "Animation Thread" [_thread_in_native, id=42552, stack(0x000000001b680000,0x000000001b780000)]

siginfo: ExceptionCode=0xc0000005, reading address 0xffffffffffffffff

Registers:
RAX=0x0000000000000001, RBX=0x000000000119fad0, RCX=0xa87a7a7a9e616161, RDX=0x0000000000000000
RSP=0x000000001b77e7a0, RBP=0x0000000000000000, RSI=0x0000000000000006, RDI=0x000000000119fd00
R8 =0x000000001b77e468, R9 =0x0000000000000000, R10=0x0000000000000000, R11=0x0000000000000286
R12=0x0000000000000000, R13=0x000000001b33c800, R14=0x000000001b77e890, R15=0x000000001a24d800
RIP=0x000007fafcfc5520, EFLAGS=0x0000000000010282

Top of Stack: (sp=0x000000001b77e7a0)
0x000000001b77e7a0:   000000000119fad0 000000001b33c800
0x000000001b77e7b0:   0000000000000000 000000001a28f230
0x000000001b77e7c0:   000000001a28f230 000007fafcfc177a
0x000000001b77e7d0:   000000001b77e890 000000001b77e870
0x000000001b77e7e0:   000000001a24d9f8 000000001a24d800
0x000000001b77e7f0:   00000000030283fd 0000000003040fec
0x000000001b77e800:   000000001b33c800 000000001a24d800
0x000000001b77e810:   000000001a24d800 000000001a24d800
0x000000001b77e820:   000000001b77e8e8 0000000003040a02
0x000000001b77e830:   000000001b77e830 000000001b33c800
0x000000001b77e840:   000000001b77e890 000000001b33e650
0x000000001b77e850:   0000000000000000 000000001b33c800
0x000000001b77e860:   0000000000000000 000000001b77e890
0x000000001b77e870:   000000001b77e8d8 0000000003027bd0
0x000000001b77e880:   0000000000000000 00000000030371a0
0x000000001b77e890:   0000000084e0b610 000000001b77e898 

Instructions: (pc=0x000007fafcfc5520)
0x000007fafcfc5500:   89 6f d0 48 8b 0f 48 85 c9 74 09 48 8b 01 ff 50
0x000007fafcfc5510:   10 48 89 2f 48 8b 8f 90 00 00 00 48 85 c9 74 0d
0x000007fafcfc5520:   48 8b 01 ff 50 10 48 89 af 90 00 00 00 48 8b 4f
0x000007fafcfc5530:   30 48 85 c9 74 0a 48 8b 01 ff 50 10 48 89 6f 30 


Register to memory mapping:

RAX=0x0000000000000001 is an unknown value
RBX=0x000000000119fad0 is an unknown value
RCX=0xa87a7a7a9e616161 is an unknown value
RDX=0x0000000000000000 is an unknown value
RSP=0x000000001b77e7a0 is pointing into the stack for thread: 0x000000001a24d800
RBP=0x0000000000000000 is an unknown value
RSI=0x0000000000000006 is an unknown value
RDI=0x000000000119fd00 is an unknown value
R8 =0x000000001b77e468 is pointing into the stack for thread: 0x000000001a24d800
R9 =0x0000000000000000 is an unknown value
R10=0x0000000000000000 is an unknown value
R11=0x0000000000000286 is an unknown value
R12=0x0000000000000000 is an unknown value
R13={method} {0x000000001b33c808} 'jniStopSignal' '()Z' in 'KinectPV2/Device'
R14=0x000000001b77e890 is pointing into the stack for thread: 0x000000001a24d800
R15=0x000000001a24d800 is a thread


Stack: [0x000000001b680000,0x000000001b780000],  sp=0x000000001b77e7a0,  free space=1017k
Native frames: (J=compiled Java code, j=interpreted, Vv=VM code, C=native code)

Java frames: (J=compiled Java code, j=interpreted, Vv=VM code)
j  KinectPV2.Device.jniStopSignal()Z+0
j  KinectPV2.Device.cleanDevice()Z+1
j  KinectPV2.KinectPV2.dispose()V+10
v  ~StubRoutines::call_stub
j  sun.reflect.NativeMethodAccessorImpl.invoke0(Ljava/lang/reflect/Method;Ljava/lang/Object;[Ljava/lang/Object;)Ljava/lang/Object;+0
j  sun.reflect.NativeMethodAccessorImpl.invoke(Ljava/lang/Object;[Ljava/lang/Object;)Ljava/lang/Object;+100
j  sun.reflect.DelegatingMethodAccessorImpl.invoke(Ljava/lang/Object;[Ljava/lang/Object;)Ljava/lang/Object;+6
j  java.lang.reflect.Method.invoke(Ljava/lang/Object;[Ljava/lang/Object;)Ljava/lang/Object;+56
j  processing.core.PApplet$RegisteredMethods.handle([Ljava/lang/Object;)V+18
J 561 C1 processing.core.PApplet.handleMethods(Ljava/lang/String;)V (21 bytes) @ 0x000000000325c0f4 [0x000000000325be20+0x2d4]
j  processing.core.PApplet.dispose()V+35
j  processing.core.PSurfaceNone$AnimationThread.run()V+156
v  ~StubRoutines::call_stub

---------------  P R O C E S S  ---------------

Java Threads: ( => current thread )
  0x0000000002f24000 JavaThread "DestroyJavaVM" [_thread_blocked, id=7052, stack(0x0000000002d90000,0x0000000002e90000)]
=>0x000000001a24d800 JavaThread "Animation Thread" [_thread_in_native, id=42552, stack(0x000000001b680000,0x000000001b780000)]
  0x000000001a19a000 JavaThread "AWT-EventQueue-0" [_thread_blocked, id=43448, stack(0x000000001b180000,0x000000001b280000)]
  0x000000001a135000 JavaThread "AWT-Windows" daemon [_thread_in_native, id=43712, stack(0x000000001aa30000,0x000000001ab30000)]
  0x000000001a134800 JavaThread "AWT-Shutdown" [_thread_blocked, id=43444, stack(0x000000001a930000,0x000000001aa30000)]
  0x000000001a133800 JavaThread "Java2D Disposer" daemon [_thread_blocked, id=41112, stack(0x000000001a830000,0x000000001a930000)]
  0x0000000019161000 JavaThread "Service Thread" daemon [_thread_blocked, id=43668, stack(0x0000000019ac0000,0x0000000019bc0000)]
  0x00000000190e0800 JavaThread "C1 CompilerThread2" daemon [_thread_blocked, id=38764, stack(0x00000000199c0000,0x0000000019ac0000)]
  0x00000000190dd000 JavaThread "C2 CompilerThread1" daemon [_thread_blocked, id=43892, stack(0x00000000198c0000,0x00000000199c0000)]
  0x00000000190db000 JavaThread "C2 CompilerThread0" daemon [_thread_blocked, id=43372, stack(0x00000000197c0000,0x00000000198c0000)]
  0x00000000190cf000 JavaThread "JDWP Command Reader" daemon [_thread_in_native, id=40812, stack(0x00000000196c0000,0x00000000197c0000)]
  0x00000000190cb800 JavaThread "JDWP Event Helper Thread" daemon [_thread_blocked, id=43228, stack(0x00000000195c0000,0x00000000196c0000)]
  0x0000000017bba000 JavaThread "JDWP Transport Listener: dt_socket" daemon [_thread_blocked, id=43404, stack(0x00000000194c0000,0x00000000195c0000)]
  0x0000000017bb5800 JavaThread "Attach Listener" daemon [_thread_blocked, id=43216, stack(0x0000000018fc0000,0x00000000190c0000)]
  0x0000000017b70800 JavaThread "Signal Dispatcher" daemon [_thread_blocked, id=43120, stack(0x0000000018ec0000,0x0000000018fc0000)]
  0x0000000003018000 JavaThread "Finalizer" daemon [_thread_blocked, id=43232, stack(0x0000000018dc0000,0x0000000018ec0000)]
  0x0000000003012000 JavaThread "Reference Handler" daemon [_thread_blocked, id=28952, stack(0x0000000018cc0000,0x0000000018dc0000)]

Other Threads:
  0x0000000017b27800 VMThread [stack: 0x0000000018bc0000,0x0000000018cc0000] [id=5100]
  0x00000000191af000 WatcherThread [stack: 0x0000000019bc0000,0x0000000019cc0000] [id=43884]

VM state:not at safepoint (normal execution)

VM Mutex/Monitor currently owned by a thread: None

Heap:
 PSYoungGen      total 71680K, used 46695K [0x00000000d5e00000, 0x00000000da900000, 0x0000000100000000)
  eden space 66560K, 70% used [0x00000000d5e00000,0x00000000d8b99f40,0x00000000d9f00000)
  from space 5120K, 0% used [0x00000000da400000,0x00000000da400000,0x00000000da900000)
  to   space 5120K, 0% used [0x00000000d9f00000,0x00000000d9f00000,0x00000000da400000)
 ParOldGen       total 133632K, used 53850K [0x0000000081a00000, 0x0000000089c80000, 0x00000000d5e00000)
  object space 133632K, 40% used [0x0000000081a00000,0x0000000084e969f0,0x0000000089c80000)
 Metaspace       used 10597K, capacity 10742K, committed 11008K, reserved 1058816K
  class space    used 1122K, capacity 1189K, committed 1280K, reserved 1048576K

Card table byte_map: [0x00000000123e0000,0x00000000127e0000] byte_map_base: 0x0000000011fd3000

Marking Bits: (ParMarkBitMap*) 0x0000000065d9a6c0
 Begin Bits: [0x0000000012e90000, 0x0000000014e28000)
 End Bits:   [0x0000000014e28000, 0x0000000016dc0000)

Polling page: 0x00000000029d0000

CodeCache: size=245760Kb used=3120Kb max_used=3128Kb free=242639Kb
 bounds [0x0000000003020000, 0x0000000003340000, 0x0000000012020000]
 total_blobs=1306 nmethods=821 adapters=406
 compilation: enabled

Compilation events (10 events):
Event: 22.791 Thread 0x00000000190e0800  817       1       java.beans.PropertyChangeEvent::getOldValue (5 bytes)
Event: 22.791 Thread 0x00000000190e0800 nmethod 817 0x0000000003322210 code [0x0000000003322360, 0x0000000003322470]
Event: 22.791 Thread 0x00000000190e0800  818       3       sun.util.locale.LocaleUtils::toLower (17 bytes)
Event: 22.791 Thread 0x00000000190e0800 nmethod 818 0x0000000003321d90 code [0x0000000003321f00, 0x0000000003322170]
Event: 22.793 Thread 0x00000000190e0800  819       1       java.awt.AWTEvent::isConsumed (5 bytes)
Event: 22.793 Thread 0x00000000190e0800 nmethod 819 0x0000000003321ad0 code [0x0000000003321c20, 0x0000000003321d30]
Event: 22.810 Thread 0x00000000190e0800  820       3       sun.reflect.ClassFileAssembler::emitByte (11 bytes)
Event: 22.810 Thread 0x00000000190e0800 nmethod 820 0x0000000003321450 code [0x00000000033215c0, 0x00000000033217a8]
Event: 22.810 Thread 0x00000000190e0800  821       3       sun.reflect.ByteVectorImpl::add (38 bytes)
Event: 22.810 Thread 0x00000000190e0800 nmethod 821 0x0000000003320f90 code [0x0000000003321100, 0x0000000003321328]

GC Heap History (6 events):
Event: 1.038 GC heap before
{Heap before GC invocations=1 (full 0):
 PSYoungGen      total 38400K, used 31615K [0x00000000d5e00000, 0x00000000d8880000, 0x0000000100000000)
  eden space 33280K, 94% used [0x00000000d5e00000,0x00000000d7cdfc58,0x00000000d7e80000)
  from space 5120K, 0% used [0x00000000d8380000,0x00000000d8380000,0x00000000d8880000)
  to   space 5120K, 0% used [0x00000000d7e80000,0x00000000d7e80000,0x00000000d8380000)
 ParOldGen       total 87552K, used 0K [0x0000000081a00000, 0x0000000086f80000, 0x00000000d5e00000)
  object space 87552K, 0% used [0x0000000081a00000,0x0000000081a00000,0x0000000086f80000)
 Metaspace       used 10061K, capacity 10280K, committed 10496K, reserved 1058816K
  class space    used 1090K, capacity 1188K, committed 1280K, reserved 1048576K
Event: 1.060 GC heap after
Heap after GC invocations=1 (full 0):
 PSYoungGen      total 38400K, used 5100K [0x00000000d5e00000, 0x00000000da900000, 0x0000000100000000)
  eden space 33280K, 0% used [0x00000000d5e00000,0x00000000d5e00000,0x00000000d7e80000)
  from space 5120K, 99% used [0x00000000d7e80000,0x00000000d837b358,0x00000000d8380000)
  to   space 5120K, 0% used [0x00000000da400000,0x00000000da400000,0x00000000da900000)
 ParOldGen       total 87552K, used 41805K [0x0000000081a00000, 0x0000000086f80000, 0x00000000d5e00000)
  object space 87552K, 47% used [0x0000000081a00000,0x00000000842d3600,0x0000000086f80000)
 Metaspace       used 10061K, capacity 10280K, committed 10496K, reserved 1058816K
  class space    used 1090K, capacity 1188K, committed 1280K, reserved 1048576K
}
Event: 1.068 GC heap before
{Heap before GC invocations=2 (full 0):
 PSYoungGen      total 38400K, used 37809K [0x00000000d5e00000, 0x00000000da900000, 0x0000000100000000)
  eden space 33280K, 98% used [0x00000000d5e00000,0x00000000d7df1388,0x00000000d7e80000)
  from space 5120K, 99% used [0x00000000d7e80000,0x00000000d837b358,0x00000000d8380000)
  to   space 5120K, 0% used [0x00000000da400000,0x00000000da400000,0x00000000da900000)
 ParOldGen       total 87552K, used 41805K [0x0000000081a00000, 0x0000000086f80000, 0x00000000d5e00000)
  object space 87552K, 47% used [0x0000000081a00000,0x00000000842d3600,0x0000000086f80000)
 Metaspace       used 10062K, capacity 10280K, committed 10496K, reserved 1058816K
  class space    used 1090K, capacity 1188K, committed 1280K, reserved 1048576K
Event: 1.088 GC heap after
Heap after GC invocations=2 (full 0):
 PSYoungGen      total 71680K, used 5116K [0x00000000d5e00000, 0x00000000da900000, 0x0000000100000000)
  eden space 66560K, 0% used [0x00000000d5e00000,0x00000000d5e00000,0x00000000d9f00000)
  from space 5120K, 99% used [0x00000000da400000,0x00000000da8ff348,0x00000000da900000)
  to   space 5120K, 0% used [0x00000000d9f00000,0x00000000d9f00000,0x00000000da400000)
 ParOldGen       total 87552K, used 73650K [0x0000000081a00000, 0x0000000086f80000, 0x00000000d5e00000)
  object space 87552K, 84% used [0x0000000081a00000,0x00000000861ecac0,0x0000000086f80000)
 Metaspace       used 10062K, capacity 10280K, committed 10496K, reserved 1058816K
  class space    used 1090K, capacity 1188K, committed 1280K, reserved 1048576K
}
Event: 1.088 GC heap before
{Heap before GC invocations=3 (full 1):
 PSYoungGen      total 71680K, used 5116K [0x00000000d5e00000, 0x00000000da900000, 0x0000000100000000)
  eden space 66560K, 0% used [0x00000000d5e00000,0x00000000d5e00000,0x00000000d9f00000)
  from space 5120K, 99% used [0x00000000da400000,0x00000000da8ff348,0x00000000da900000)
  to   space 5120K, 0% used [0x00000000d9f00000,0x00000000d9f00000,0x00000000da400000)
 ParOldGen       total 87552K, used 73650K [0x0000000081a00000, 0x0000000086f80000, 0x00000000d5e00000)
  object space 87552K, 84% used [0x0000000081a00000,0x00000000861ecac0,0x0000000086f80000)
 Metaspace       used 10062K, capacity 10280K, committed 10496K, reserved 1058816K
  class space    used 1090K, capacity 1188K, committed 1280K, reserved 1048576K
Event: 1.111 GC heap after
Heap after GC invocations=3 (full 1):
 PSYoungGen      total 71680K, used 0K [0x00000000d5e00000, 0x00000000da900000, 0x0000000100000000)
  eden space 66560K, 0% used [0x00000000d5e00000,0x00000000d5e00000,0x00000000d9f00000)
  from space 5120K, 0% used [0x00000000da400000,0x00000000da400000,0x00000000da900000)
  to   space 5120K, 0% used [0x00000000d9f00000,0x00000000d9f00000,0x00000000da400000)
 ParOldGen       total 133632K, used 53850K [0x0000000081a00000, 0x0000000089c80000, 0x00000000d5e00000)
  object space 133632K, 40% used [0x0000000081a00000,0x0000000084e969f0,0x0000000089c80000)
 Metaspace       used 10062K, capacity 10280K, committed 10496K, reserved 1058816K
  class space    used 1090K, capacity 1188K, committed 1280K, reserved 1048576K
}

Deoptimization events (0 events):
No events

Internal exceptions (10 events):
Event: 0.529 Thread 0x0000000002f24000 Exception <a 'java/security/PrivilegedActionException'> (0x00000000d622bc70) thrown at [C:\re\workspace\8-2-build-windows-amd64-cygwin\jdk8u102\7268\hotspot\src\share\vm\prims\jvm.cpp, line 1386]
Event: 0.530 Thread 0x0000000002f24000 Exception <a 'java/security/PrivilegedActionException'> (0x00000000d622be80) thrown at [C:\re\workspace\8-2-build-windows-amd64-cygwin\jdk8u102\7268\hotspot\src\share\vm\prims\jvm.cpp, line 1386]
Event: 0.535 Thread 0x0000000002f24000 Exception <a 'java/io/FileNotFoundException'> (0x00000000d622ef08) thrown at [C:\re\workspace\8-2-build-windows-amd64-cygwin\jdk8u102\7268\hotspot\src\share\vm\prims\jni.cpp, line 709]
Event: 0.595 Thread 0x0000000002f24000 Exception <a 'java/lang/NoSuchFieldError': method resolution failed> (0x00000000d62fc3b8) thrown at [C:\re\workspace\8-2-build-windows-amd64-cygwin\jdk8u102\7268\hotspot\src\share\vm\prims\methodHandles.cpp, line 1146]
Event: 0.599 Thread 0x0000000002f24000 Exception <a 'java/lang/NoSuchFieldError': method resolution failed> (0x00000000d6309708) thrown at [C:\re\workspace\8-2-build-windows-amd64-cygwin\jdk8u102\7268\hotspot\src\share\vm\prims\methodHandles.cpp, line 1146]
Event: 0.684 Thread 0x0000000002f24000 Exception <a 'java/io/FileNotFoundException'> (0x00000000d63a82c8) thrown at [C:\re\workspace\8-2-build-windows-amd64-cygwin\jdk8u102\7268\hotspot\src\share\vm\prims\jni.cpp, line 709]
Event: 0.828 Thread 0x0000000002f24000 Exception <a 'java/io/FileNotFoundException'> (0x00000000d65a09f8) thrown at [C:\re\workspace\8-2-build-windows-amd64-cygwin\jdk8u102\7268\hotspot\src\share\vm\prims\jni.cpp, line 709]
Event: 0.828 Thread 0x0000000002f24000 Exception <a 'java/lang/NullPointerException'> (0x00000000d65a10a8) thrown at [C:\re\workspace\8-2-build-windows-amd64-cygwin\jdk8u102\7268\hotspot\src\share\vm\interpreter\linkResolver.cpp, line 1178]
Event: 0.856 Thread 0x0000000002f24000 Exception <a 'java/security/PrivilegedActionException'> (0x00000000d6692b98) thrown at [C:\re\workspace\8-2-build-windows-amd64-cygwin\jdk8u102\7268\hotspot\src\share\vm\prims\jvm.cpp, line 1386]
Event: 0.856 Thread 0x0000000002f24000 Exception <a 'java/security/PrivilegedActionException'> (0x00000000d6692f90) thrown at [C:\re\workspace\8-2-build-windows-amd64-cygwin\jdk8u102\7268\hotspot\src\share\vm\prims\jvm.cpp, line 1386]

Events (10 events):
Event: 22.811 loading class sun/reflect/Label done
Event: 22.811 loading class sun/reflect/Label$PatchInfo
Event: 22.812 loading class sun/reflect/Label$PatchInfo done
Event: 22.812 loading class sun/reflect/MethodAccessorGenerator$1
Event: 22.812 loading class sun/reflect/MethodAccessorGenerator$1 done
Event: 22.812 loading class sun/reflect/ClassDefiner
Event: 22.812 loading class sun/reflect/ClassDefiner done
Event: 22.812 loading class sun/reflect/ClassDefiner$1
Event: 22.812 loading class sun/reflect/ClassDefiner$1 done
Event: 22.813 Thread 0x000000001a28d800 Thread exited: 0x000000001a28d800


Dynamic libraries:
0x000007f75e630000 - 0x000007f75e667000 	C:\processing-3.2.1-windows64\processing-3.2.1\java\bin\java.exe
0x000007fb0a2f0000 - 0x000007fb0a4b0000 	C:\windows\SYSTEM32\ntdll.dll
0x000007fb081f0000 - 0x000007fb08326000 	C:\windows\system32\KERNEL32.DLL
0x000007faf5790000 - 0x000007faf57c2000 	C:\Program Files (x86)\AVG\AVG2015\avghooka.dll
0x000007fb06080000 - 0x000007fb06173000 	C:\windows\system32\KERNELBASE.dll
0x000007fb07c70000 - 0x000007fb07d4e000 	C:\windows\system32\ADVAPI32.dll
0x000007fb07740000 - 0x000007fb0788c000 	C:\windows\system32\USER32.dll
0x000007fb03b30000 - 0x000007fb03d9a000 	C:\windows\WinSxS\amd64_microsoft.windows.common-controls_6595b64144ccf1df_6.0.9200.16579_none_418ab7ef718b27ef\COMCTL32.dll
0x000007fb08d90000 - 0x000007fb08e35000 	C:\windows\system32\msvcrt.dll
0x000007fb07c20000 - 0x000007fb07c68000 	C:\windows\SYSTEM32\sechost.dll
0x000007fb08760000 - 0x000007fb088a0000 	C:\windows\system32\RPCRT4.dll
0x000007fb07890000 - 0x000007fb079d0000 	C:\windows\system32\GDI32.dll
0x000007fb08720000 - 0x000007fb08759000 	C:\windows\system32\IMM32.DLL
0x000007fb07f30000 - 0x000007fb08045000 	C:\windows\system32\MSCTF.dll
0x0000000065e20000 - 0x0000000065ef1000 	C:\processing-3.2.1-windows64\processing-3.2.1\java\bin\msvcr100.dll
0x0000000065580000 - 0x0000000065e1a000 	C:\processing-3.2.1-windows64\processing-3.2.1\java\bin\server\jvm.dll
0x000007fb03e80000 - 0x000007fb03e89000 	C:\windows\SYSTEM32\WSOCK32.dll
0x000007fb02b20000 - 0x000007fb02b40000 	C:\windows\SYSTEM32\WINMM.dll
0x000007fb00280000 - 0x000007fb00289000 	C:\windows\SYSTEM32\VERSION.dll
0x000007fb08d80000 - 0x000007fb08d87000 	C:\windows\system32\PSAPI.DLL
0x000007fb08fa0000 - 0x000007fb08ff8000 	C:\windows\system32\WS2_32.dll
0x000007fb02ae0000 - 0x000007fb02b12000 	C:\windows\SYSTEM32\WINMMBASE.dll
0x000007fb07d50000 - 0x000007fb07d59000 	C:\windows\system32\NSI.dll
0x0000000065fd0000 - 0x0000000065fdf000 	C:\processing-3.2.1-windows64\processing-3.2.1\java\bin\verify.dll
0x0000000065fa0000 - 0x0000000065fc9000 	C:\processing-3.2.1-windows64\processing-3.2.1\java\bin\java.dll
0x0000000065210000 - 0x0000000065245000 	C:\processing-3.2.1-windows64\processing-3.2.1\java\bin\jdwp.dll
0x0000000065200000 - 0x0000000065208000 	C:\processing-3.2.1-windows64\processing-3.2.1\java\bin\npt.dll
0x0000000065560000 - 0x0000000065576000 	C:\processing-3.2.1-windows64\processing-3.2.1\java\bin\zip.dll
0x000007fb06460000 - 0x000007fb07740000 	C:\windows\system32\SHELL32.dll
0x000007fb079d0000 - 0x000007fb07b80000 	C:\windows\SYSTEM32\combase.dll
0x000007fb06410000 - 0x000007fb06460000 	C:\windows\system32\SHLWAPI.dll
0x000007fb03f90000 - 0x000007fb04026000 	C:\windows\SYSTEM32\SHCORE.dll
0x000007fb05ed0000 - 0x000007fb05ee5000 	C:\windows\SYSTEM32\profapi.dll
0x00000000651f0000 - 0x00000000651f9000 	C:\processing-3.2.1-windows64\processing-3.2.1\java\bin\dt_socket.dll
0x000007fb05720000 - 0x000007fb0577c000 	C:\windows\system32\mswsock.dll
0x00000000653c0000 - 0x0000000065558000 	C:\processing-3.2.1-windows64\processing-3.2.1\java\bin\awt.dll
0x000007fb085f0000 - 0x000007fb086b3000 	C:\windows\system32\OLEAUT32.dll
0x000007fb00440000 - 0x000007fb004df000 	C:\windows\system32\apphelp.dll
0x000007fb04d60000 - 0x000007fb04e46000 	C:\windows\system32\uxtheme.dll
0x000007fb03da0000 - 0x000007fb03dc1000 	C:\windows\SYSTEM32\dwmapi.dll
0x000007fb088a0000 - 0x000007fb08a1e000 	C:\windows\system32\ole32.dll
0x000007fb05d10000 - 0x000007fb05d1a000 	C:\windows\SYSTEM32\CRYPTBASE.dll
0x000007fb05cb0000 - 0x000007fb05d0c000 	C:\windows\SYSTEM32\bcryptPrimitives.dll
0x0000000065330000 - 0x0000000065377000 	C:\processing-3.2.1-windows64\processing-3.2.1\java\bin\fontmanager.dll
0x0000000064940000 - 0x0000000064955000 	C:\Users\SADAYOSHI!\Documents\Processing\libraries\sound\library\windows64\libwinpthread-1.dll
0x0000000070440000 - 0x00000000705c1000 	C:\Users\SADAYOSHI!\Documents\Processing\libraries\sound\library\windows64\libsndfile-1.dll
0x0000000063c80000 - 0x0000000063e0e000 	C:\Users\SADAYOSHI!\Documents\Processing\libraries\sound\library\windows64\libmpg123-0.dll
0x000000001b780000 - 0x000000001be32000 	C:\Users\SADAYOSHI!\Documents\Processing\libraries\sound\library\windows64\libmethcla.dll
0x000000006b980000 - 0x000000006bb8e000 	C:\Users\SADAYOSHI!\Documents\Processing\libraries\sound\library\windows64\libMethClaInterface.dll
0x000007fb07b80000 - 0x000007fb07c16000 	C:\windows\SYSTEM32\clbcatq.dll
0x000007fb042b0000 - 0x000007fb04312000 	C:\windows\System32\MMDevApi.dll
0x000007fb06000000 - 0x000007fb06022000 	C:\windows\system32\DEVOBJ.dll
0x000007fb06030000 - 0x000007fb0607f000 	C:\windows\SYSTEM32\cfgmgr32.dll
0x000007fb01920000 - 0x000007fb01992000 	C:\windows\SYSTEM32\AUDIOSES.DLL
0x000007fb05e70000 - 0x000007fb05eb3000 	C:\windows\SYSTEM32\powrprof.dll
0x000007fae2480000 - 0x000007fae261c000 	C:\Users\SADAYOSHI!\Documents\Processing\libraries\KinectPV2\library\Kinect20.Face.dll
0x000007fafe680000 - 0x000007fafe727000 	C:\windows\SYSTEM32\MSVCP110.dll
0x000007fafe5a0000 - 0x000007fafe674000 	C:\windows\SYSTEM32\MSVCR110.dll
0x000007fafcfc0000 - 0x000007fafcfd1000 	C:\Users\SADAYOSHI!\Documents\Processing\libraries\KinectPV2\library\KinectPV2.dll
0x000007faeb2e0000 - 0x000007faeb39a000 	C:\windows\SYSTEM32\Kinect20.dll
0x000007fafd140000 - 0x000007fafd201000 	C:\windows\SYSTEM32\MFPlat.DLL
0x000007fb04280000 - 0x000007fb04289000 	C:\windows\SYSTEM32\AVRT.dll
0x000007faf2b90000 - 0x000007faf2db7000 	C:\Windows\System32\IME\IMEJP\imjptip.dll
0x000007fafede0000 - 0x000007fafee49000 	C:\windows\SYSTEM32\OLEACC.dll
0x000007fb01d20000 - 0x000007fb01e7a000 	C:\windows\SYSTEM32\PROPSYS.dll
0x000007fb00ca0000 - 0x000007fb00cce000 	C:\windows\SYSTEM32\ntmarta.dll
0x000007faf29e0000 - 0x000007faf2b8d000 	C:\Windows\System32\IME\IMEJP\imjpapi.dll
0x000007fafe920000 - 0x000007fafe94f000 	C:\Windows\System32\IME\shared\imjkapi.dll
0x000007faf26d0000 - 0x000007faf2780000 	C:\Windows\System32\IME\IMEJP\imjppred.dll
0x000007faf2600000 - 0x000007faf26c6000 	C:\Windows\System32\IME\shared\imetip.dll
0x000007faf2440000 - 0x000007faf25f9000 	C:\windows\SYSTEM32\DUI70.dll
0x000007fb03e50000 - 0x000007fb03e6b000 	C:\Windows\System32\IME\shared\imecfm.dll
0x000007faf3ee0000 - 0x000007faf3f4e000 	C:\windows\SYSTEM32\wer.dll
0x000007fb01bf0000 - 0x000007fb01c0e000 	C:\Windows\System32\IME\SHARED\imesearchdll.dll
0x00000000652b0000 - 0x00000000652da000 	C:\processing-3.2.1-windows64\processing-3.2.1\java\bin\dcpr.dll
0x000007fafe190000 - 0x000007fafe2f3000 	C:\windows\SYSTEM32\dbghelp.dll

VM Arguments:
jvm_args: -agentlib:jdwp=transport=dt_socket,address=8835,server=y,suspend=y,quiet=y -Djna.nosys=true -Djava.ext.dirs=C:\processing-3.2.1-windows64\processing-3.2.1\java\lib\ext -Djava.library.path=;C:\processing-3.2.1-windows64\processing-3.2.1\core\library;C:\Users\SADAYOSHI!\Documents\Processing\libraries\KinectPV2\library;C:\Users\SADAYOSHI!\Documents\Processing\libraries\sound\library\windows64;C:\processing-3.2.1-windows64\processing-3.2.1\java\bin;C:\windows\system32;C:\windows;C:\ProgramData\Oracle\Java\javapath;C:\Program Files (x86)\Intel\iCLS Client;C:\Program Files\Intel\iCLS Client;C:\windows\system32;C:\windows;C:\windows\System32\Wbem;C:\windows\System32\WindowsPowerShell\v1.0;C:\Program Files\Intel\Intel(R) Management Engine Components\DAL;C:\Program Files\Intel\Intel(R) Management Engine Components\IPT;C:\Program Files (x86)\Intel\Intel(R) Management Engine Components\DAL;C:\Program Files (x86)\Intel\Intel(R) Management Engine Components\IPT;C:\Program Files (x86)\Intel\OpenCL SDK\2.0\bin\x86;C:\Program Files (x86)\Intel\OpenCL SDK\2.0\bin\x64;C:\Program Files\Java\jre6\bin;C:\borland\bcc55\Bin;C:\Program Files (x86)\QuickTime\QTSystem;C:\apache-ant-1.9.4\bin;C:\Program Files (x86)\Skype\Phone;C:\MinGW\bin;C:\processing-3.2.1-windows64\processing-3.2.1\java\bin;. -ea 
java_command: processing.core.PApplet --location=-22,0 --external --display=1 --sketch-path=C:\Users\SADAYOSHI!\Documents\GitHub\Sound-Motion_Mod\SoundMotion_v5a SoundMotion_v5a
java_class_path (initial): C:\Users\SADAYO~1\AppData\Local\Temp\SoundMotion_v5a2551526525990573631temp;C:\processing-3.2.1-windows64\processing-3.2.1\core\library\core.jar;C:\processing-3.2.1-windows64\processing-3.2.1\core\library\gluegen-rt-natives-linux-amd64.jar;C:\processing-3.2.1-windows64\processing-3.2.1\core\library\gluegen-rt-natives-linux-armv6hf.jar;C:\processing-3.2.1-windows64\processing-3.2.1\core\library\gluegen-rt-natives-linux-i586.jar;C:\processing-3.2.1-windows64\processing-3.2.1\core\library\gluegen-rt-natives-macosx-universal.jar;C:\processing-3.2.1-windows64\processing-3.2.1\core\library\gluegen-rt-natives-windows-amd64.jar;C:\processing-3.2.1-windows64\processing-3.2.1\core\library\gluegen-rt-natives-windows-i586.jar;C:\processing-3.2.1-windows64\processing-3.2.1\core\library\gluegen-rt.jar;C:\processing-3.2.1-windows64\processing-3.2.1\core\library\jogl-all-natives-linux-amd64.jar;C:\processing-3.2.1-windows64\processing-3.2.1\core\library\jogl-all-natives-linux-armv6hf.jar;C:\processing-3.2.1-windows64\processing-3.2.1\core\library\jogl-all-natives-linux-i586.jar;C:\processing-3.2.1-windows64\processing-3.2.1\core\library\jogl-all-natives-macosx-universal.jar;C:\processing-3.2.1-windows64\processing-3.2.1\core\library\jogl-all-natives-windows-amd64.jar;C:\processing-3.2.1-windows64\processing-3.2.1\core\library\jogl-all-natives-windows-i586.jar;C:\processing-3.2.1-windows64\processing-3.2.1\core\library\jogl-all.jar;C:\Users\SADAYOSHI!\Documents\Processing\libraries\KinectPV2\library\KinectPV2.jar;C:\Users\SADAYOSHI!\Documents\Processing\libraries\sound\library\sound.jar;lib;lib\pde.jar;core\library\core.jar;lib\jna.jar;lib\jna-platform.jar;lib\antlr.jar;lib\ant.jar;lib\ant-launcher.jar
Launcher Type: SUN_STANDARD

Environment Variables:
CLASSPATH=.;C:\Program Files (x86)\Java\jre7\lib\ext\QTJava.zip
PATH=C:\ProgramData\Oracle\Java\javapath;C:\Program Files (x86)\Intel\iCLS Client\;C:\Program Files\Intel\iCLS Client\;C:\windows\system32;C:\windows;C:\windows\System32\Wbem;C:\windows\System32\WindowsPowerShell\v1.0\;C:\Program Files\Intel\Intel(R) Management Engine Components\DAL;C:\Program Files\Intel\Intel(R) Management Engine Components\IPT;C:\Program Files (x86)\Intel\Intel(R) Management Engine Components\DAL;C:\Program Files (x86)\Intel\Intel(R) Management Engine Components\IPT;C:\Program Files (x86)\Intel\OpenCL SDK\2.0\bin\x86;C:\Program Files (x86)\Intel\OpenCL SDK\2.0\bin\x64;C:\Program Files\Java\jre6\bin;C:\borland\bcc55\Bin;C:\Program Files (x86)\QuickTime\QTSystem\;C:\apache-ant-1.9.4\bin;C:\Users\by_sK\AppData\Local\Android\sdk\platform-tools;C:\Program Files (x86)\Skype\Phone\;C:\MinGW\bin;;C:\processing-3.2.1-windows64\processing-3.2.1\java\bin
USERNAME=SADAYOSHI!
OS=Windows_NT
PROCESSOR_IDENTIFIER=Intel64 Family 6 Model 58 Stepping 9, GenuineIntel



---------------  S Y S T E M  ---------------

OS: Windows 8 , 64 bit Build 9200 (6.2.9200.16384)

CPU:total 4 (2 cores per cpu, 2 threads per core) family 6 model 58 stepping 9, cmov, cx8, fxsr, mmx, sse, sse2, sse3, ssse3, sse4.1, sse4.2, popcnt, avx, clmul, erms, ht, tsc, tscinvbit, tscinv

Memory: 4k page, physical 8280212k(3090380k free), swap 11163796k(3920188k free)

vm_info: Java HotSpot(TM) 64-Bit Server VM (25.102-b14) for windows-amd64 JRE (1.8.0_102-b14), built on Jun 22 2016 13:15:21 by "java_re" with MS VC++ 10.0 (VS2010)

time: Tue Oct 18 16:08:30 2016
elapsed time: 22 seconds (0d 0h 0m 22s)

