#
# A fatal error has been detected by the Java Runtime Environment:
#
#  EXCEPTION_ACCESS_VIOLATION (0xc0000005) at pc=0x000007fb96435520, pid=6576, tid=0x0000000000002170
#
# JRE version: Java(TM) SE Runtime Environment (8.0_102-b14) (build 1.8.0_102-b14)
# Java VM: Java HotSpot(TM) 64-Bit Server VM (25.102-b14 mixed mode windows-amd64 compressed oops)
# Problematic frame:
# C  [KinectPV2.dll+0x5520]
#
# Failed to write core dump. Minidumps are not enabled by default on client versions of Windows
#
# If you would like to submit a bug report, please visit:
#   http://bugreport.java.com/bugreport/crash.jsp
# The crash happened outside the Java Virtual Machine in native code.
# See problematic frame for where to report the bug.
#

---------------  T H R E A D  ---------------

Current thread (0x0000000019151800):  JavaThread "Animation Thread" [_thread_in_native, id=8560, stack(0x000000001a5c0000,0x000000001a6c0000)]

siginfo: ExceptionCode=0xc0000005, reading address 0xffffffffffffffff

Registers:
RAX=0x0000000000000001, RBX=0x0000000000401ee0, RCX=0x7475706e4909616e, RDX=0x0000000000000000
RSP=0x000000001a6be320, RBP=0x0000000000000000, RSI=0x0000000000000006, RDI=0x0000000000402110
R8 =0x000000001a6bdfe8, R9 =0x0000000000000000, R10=0x0000000000000000, R11=0x0000000000000286
R12=0x0000000000000000, R13=0x000000001a19bd18, R14=0x000000001a6be410, R15=0x0000000019151800
RIP=0x000007fb96435520, EFLAGS=0x0000000000010202

Top of Stack: (sp=0x000000001a6be320)
0x000000001a6be320:   0000000000401ee0 000000001a19bd18
0x000000001a6be330:   0000000000000000 00000000191af000
0x000000001a6be340:   00000000191af000 000007fb9643177a
0x000000001a6be350:   000000001a6be410 000000001a6be3f0
0x000000001a6be360:   00000000191519f8 0000000019151800
0x000000001a6be370:   00000000021883fd 00000000021a0fec
0x000000001a6be380:   000000001a19bd18 0000000019151800
0x000000001a6be390:   0000000019151800 0000000019151800
0x000000001a6be3a0:   000000001a6be468 00000000021a0a02
0x000000001a6be3b0:   000000001a6be3b0 000000001a19bd18
0x000000001a6be3c0:   000000001a6be410 000000001a19db68
0x000000001a6be3d0:   0000000000000000 000000001a19bd18
0x000000001a6be3e0:   0000000000000000 000000001a6be410
0x000000001a6be3f0:   000000001a6be458 0000000002187bd0
0x000000001a6be400:   0000000000000000 00000000021971a0
0x000000001a6be410:   0000000084502c08 000000001a6be418 

Instructions: (pc=0x000007fb96435520)
0x000007fb96435500:   89 6f d0 48 8b 0f 48 85 c9 74 09 48 8b 01 ff 50
0x000007fb96435510:   10 48 89 2f 48 8b 8f 90 00 00 00 48 85 c9 74 0d
0x000007fb96435520:   48 8b 01 ff 50 10 48 89 af 90 00 00 00 48 8b 4f
0x000007fb96435530:   30 48 85 c9 74 0a 48 8b 01 ff 50 10 48 89 6f 30 


Register to memory mapping:

RAX=0x0000000000000001 is an unknown value
RBX=0x0000000000401ee0 is an unknown value
RCX=0x7475706e4909616e is an unknown value
RDX=0x0000000000000000 is an unknown value
RSP=0x000000001a6be320 is pointing into the stack for thread: 0x0000000019151800
RBP=0x0000000000000000 is an unknown value
RSI=0x0000000000000006 is an unknown value
RDI=0x0000000000402110 is an unknown value
R8 =0x000000001a6bdfe8 is pointing into the stack for thread: 0x0000000019151800
R9 =0x0000000000000000 is an unknown value
R10=0x0000000000000000 is an unknown value
R11=0x0000000000000286 is an unknown value
R12=0x0000000000000000 is an unknown value
R13={method} {0x000000001a19bd20} 'jniStopSignal' '()Z' in 'KinectPV2/Device'
R14=0x000000001a6be410 is pointing into the stack for thread: 0x0000000019151800
R15=0x0000000019151800 is a thread


Stack: [0x000000001a5c0000,0x000000001a6c0000],  sp=0x000000001a6be320,  free space=1016k
Native frames: (J=compiled Java code, j=interpreted, Vv=VM code, C=native code)

Java frames: (J=compiled Java code, j=interpreted, Vv=VM code)
j  KinectPV2.Device.jniStopSignal()Z+0
j  KinectPV2.Device.cleanDevice()Z+1
j  KinectPV2.KinectPV2.dispose()V+10
v  ~StubRoutines::call_stub
j  sun.reflect.NativeMethodAccessorImpl.invoke0(Ljava/lang/reflect/Method;Ljava/lang/Object;[Ljava/lang/Object;)Ljava/lang/Object;+0
j  sun.reflect.NativeMethodAccessorImpl.invoke(Ljava/lang/Object;[Ljava/lang/Object;)Ljava/lang/Object;+100
j  sun.reflect.DelegatingMethodAccessorImpl.invoke(Ljava/lang/Object;[Ljava/lang/Object;)Ljava/lang/Object;+6
j  java.lang.reflect.Method.invoke(Ljava/lang/Object;[Ljava/lang/Object;)Ljava/lang/Object;+56
j  processing.core.PApplet$RegisteredMethods.handle([Ljava/lang/Object;)V+18
J 568 C1 processing.core.PApplet.handleMethods(Ljava/lang/String;)V (21 bytes) @ 0x00000000023c0574 [0x00000000023c02a0+0x2d4]
j  processing.core.PApplet.dispose()V+35
j  processing.core.PSurfaceNone$AnimationThread.run()V+156
v  ~StubRoutines::call_stub

---------------  P R O C E S S  ---------------

Java Threads: ( => current thread )
  0x0000000019153000 JavaThread "Thread-2" [_thread_blocked, id=7436, stack(0x0000000064b60000,0x0000000064c60000)]
  0x0000000002083800 JavaThread "DestroyJavaVM" [_thread_blocked, id=8836, stack(0x0000000001c80000,0x0000000001d80000)]
=>0x0000000019151800 JavaThread "Animation Thread" [_thread_in_native, id=8560, stack(0x000000001a5c0000,0x000000001a6c0000)]
  0x0000000019150800 JavaThread "AWT-EventQueue-0" [_thread_blocked, id=8212, stack(0x000000001a3c0000,0x000000001a4c0000)]
  0x0000000018fa1000 JavaThread "AWT-Windows" daemon [_thread_in_native, id=8556, stack(0x0000000019950000,0x0000000019a50000)]
  0x0000000018fa0800 JavaThread "AWT-Shutdown" [_thread_blocked, id=8564, stack(0x0000000019850000,0x0000000019950000)]
  0x0000000018fcc800 JavaThread "Java2D Disposer" daemon [_thread_blocked, id=7516, stack(0x0000000019750000,0x0000000019850000)]
  0x000000001836e800 JavaThread "Service Thread" daemon [_thread_blocked, id=7680, stack(0x0000000018cd0000,0x0000000018dd0000)]
  0x00000000182f1800 JavaThread "C1 CompilerThread2" daemon [_thread_blocked, id=2952, stack(0x0000000018bd0000,0x0000000018cd0000)]
  0x00000000182ec000 JavaThread "C2 CompilerThread1" daemon [_thread_blocked, id=7208, stack(0x0000000018ad0000,0x0000000018bd0000)]
  0x00000000182ea000 JavaThread "C2 CompilerThread0" daemon [_thread_blocked, id=7432, stack(0x00000000189d0000,0x0000000018ad0000)]
  0x00000000182df000 JavaThread "JDWP Command Reader" daemon [_thread_in_native, id=8612, stack(0x00000000188d0000,0x00000000189d0000)]
  0x00000000182db800 JavaThread "JDWP Event Helper Thread" daemon [_thread_blocked, id=9012, stack(0x00000000187d0000,0x00000000188d0000)]
  0x0000000016d4e800 JavaThread "JDWP Transport Listener: dt_socket" daemon [_thread_blocked, id=8632, stack(0x00000000186d0000,0x00000000187d0000)]
  0x0000000016d44800 JavaThread "Attach Listener" daemon [_thread_blocked, id=6496, stack(0x00000000181d0000,0x00000000182d0000)]
  0x0000000016cff800 JavaThread "Signal Dispatcher" daemon [_thread_blocked, id=8628, stack(0x00000000180d0000,0x00000000181d0000)]
  0x000000000217d800 JavaThread "Finalizer" daemon [_thread_blocked, id=8624, stack(0x0000000017f50000,0x0000000018050000)]
  0x0000000002172000 JavaThread "Reference Handler" daemon [_thread_blocked, id=7648, stack(0x0000000017e50000,0x0000000017f50000)]

Other Threads:
  0x0000000016cb6800 VMThread [stack: 0x0000000017d50000,0x0000000017e50000] [id=7132]
  0x00000000183bb000 WatcherThread [stack: 0x0000000018dd0000,0x0000000018ed0000] [id=8520]

VM state:not at safepoint (normal execution)

VM Mutex/Monitor currently owned by a thread: None

Heap:
 PSYoungGen      total 71680K, used 44462K [0x00000000d5e00000, 0x00000000da900000, 0x0000000100000000)
  eden space 66560K, 66% used [0x00000000d5e00000,0x00000000d896b868,0x00000000d9f00000)
  from space 5120K, 0% used [0x00000000da400000,0x00000000da400000,0x00000000da900000)
  to   space 5120K, 0% used [0x00000000d9f00000,0x00000000d9f00000,0x00000000da400000)
 ParOldGen       total 118784K, used 48997K [0x0000000081a00000, 0x0000000088e00000, 0x00000000d5e00000)
  object space 118784K, 41% used [0x0000000081a00000,0x00000000849d9448,0x0000000088e00000)
 Metaspace       used 10713K, capacity 10902K, committed 11264K, reserved 1058816K
  class space    used 1156K, capacity 1221K, committed 1280K, reserved 1048576K

Card table byte_map: [0x0000000011540000,0x0000000011940000] byte_map_base: 0x0000000011133000

Marking Bits: (ParMarkBitMap*) 0x000000006cc8a6c0
 Begin Bits: [0x0000000011ff0000, 0x0000000013f88000)
 End Bits:   [0x0000000013f88000, 0x0000000015f20000)

Polling page: 0x00000000004d0000

CodeCache: size=245760Kb used=3345Kb max_used=3368Kb free=242414Kb
 bounds [0x0000000002180000, 0x00000000024e0000, 0x0000000011180000]
 total_blobs=1359 nmethods=871 adapters=409
 compilation: enabled

Compilation events (10 events):
Event: 19.132 Thread 0x00000000182f1800  867       3       java.util.concurrent.locks.ReentrantLock::unlock (10 bytes)
Event: 19.133 Thread 0x00000000182f1800 nmethod 867 0x00000000024b5f10 code [0x00000000024b60a0, 0x00000000024b64b8]
Event: 19.133 Thread 0x00000000182f1800  868       3       java.util.concurrent.locks.ReentrantLock::lock (8 bytes)
Event: 19.133 Thread 0x00000000182f1800 nmethod 868 0x00000000024b0350 code [0x00000000024b04c0, 0x00000000024b06e8]
Event: 19.133 Thread 0x00000000182f1800  869       3       java.util.concurrent.locks.ReentrantLock$NonfairSync::lock (25 bytes)
Event: 19.134 Thread 0x00000000182f1800 nmethod 869 0x00000000024b5250 code [0x00000000024b5420, 0x00000000024b5c78]
Event: 19.160 Thread 0x00000000182f1800  870       3       sun.reflect.ClassFileAssembler::emitByte (11 bytes)
Event: 19.161 Thread 0x00000000182f1800 nmethod 870 0x00000000024b4e10 code [0x00000000024b4f80, 0x00000000024b5168]
Event: 19.161 Thread 0x00000000182f1800  871       3       sun.reflect.ByteVectorImpl::add (38 bytes)
Event: 19.161 Thread 0x00000000182f1800 nmethod 871 0x00000000024b4950 code [0x00000000024b4ac0, 0x00000000024b4ce8]

GC Heap History (6 events):
Event: 1.081 GC heap before
{Heap before GC invocations=1 (full 0):
 PSYoungGen      total 38400K, used 27536K [0x00000000d5e00000, 0x00000000d8880000, 0x0000000100000000)
  eden space 33280K, 82% used [0x00000000d5e00000,0x00000000d78e4108,0x00000000d7e80000)
  from space 5120K, 0% used [0x00000000d8380000,0x00000000d8380000,0x00000000d8880000)
  to   space 5120K, 0% used [0x00000000d7e80000,0x00000000d7e80000,0x00000000d8380000)
 ParOldGen       total 87552K, used 0K [0x0000000081a00000, 0x0000000086f80000, 0x00000000d5e00000)
  object space 87552K, 0% used [0x0000000081a00000,0x0000000081a00000,0x0000000086f80000)
 Metaspace       used 10078K, capacity 10280K, committed 10496K, reserved 1058816K
  class space    used 1096K, capacity 1188K, committed 1280K, reserved 1048576K
Event: 1.096 GC heap after
Heap after GC invocations=1 (full 0):
 PSYoungGen      total 38400K, used 2406K [0x00000000d5e00000, 0x00000000da900000, 0x0000000100000000)
  eden space 33280K, 0% used [0x00000000d5e00000,0x00000000d5e00000,0x00000000d7e80000)
  from space 5120K, 46% used [0x00000000d7e80000,0x00000000d80d9830,0x00000000d8380000)
  to   space 5120K, 0% used [0x00000000da400000,0x00000000da400000,0x00000000da900000)
 ParOldGen       total 87552K, used 32408K [0x0000000081a00000, 0x0000000086f80000, 0x00000000d5e00000)
  object space 87552K, 37% used [0x0000000081a00000,0x00000000839a6040,0x0000000086f80000)
 Metaspace       used 10078K, capacity 10280K, committed 10496K, reserved 1058816K
  class space    used 1096K, capacity 1188K, committed 1280K, reserved 1048576K
}
Event: 1.101 GC heap before
{Heap before GC invocations=2 (full 0):
 PSYoungGen      total 38400K, used 35163K [0x00000000d5e00000, 0x00000000da900000, 0x0000000100000000)
  eden space 33280K, 98% used [0x00000000d5e00000,0x00000000d7dfd720,0x00000000d7e80000)
  from space 5120K, 46% used [0x00000000d7e80000,0x00000000d80d9830,0x00000000d8380000)
  to   space 5120K, 0% used [0x00000000da400000,0x00000000da400000,0x00000000da900000)
 ParOldGen       total 87552K, used 32408K [0x0000000081a00000, 0x0000000086f80000, 0x00000000d5e00000)
  object space 87552K, 37% used [0x0000000081a00000,0x00000000839a6040,0x0000000086f80000)
 Metaspace       used 10079K, capacity 10280K, committed 10496K, reserved 1058816K
  class space    used 1096K, capacity 1188K, committed 1280K, reserved 1048576K
Event: 1.113 GC heap after
Heap after GC invocations=2 (full 0):
 PSYoungGen      total 71680K, used 5113K [0x00000000d5e00000, 0x00000000da900000, 0x0000000100000000)
  eden space 66560K, 0% used [0x00000000d5e00000,0x00000000d5e00000,0x00000000d9f00000)
  from space 5120K, 99% used [0x00000000da400000,0x00000000da8fe670,0x00000000da900000)
  to   space 5120K, 0% used [0x00000000d9f00000,0x00000000d9f00000,0x00000000da400000)
 ParOldGen       total 87552K, used 60161K [0x0000000081a00000, 0x0000000086f80000, 0x00000000d5e00000)
  object space 87552K, 68% used [0x0000000081a00000,0x00000000854c04a0,0x0000000086f80000)
 Metaspace       used 10079K, capacity 10280K, committed 10496K, reserved 1058816K
  class space    used 1096K, capacity 1188K, committed 1280K, reserved 1048576K
}
Event: 1.113 GC heap before
{Heap before GC invocations=3 (full 1):
 PSYoungGen      total 71680K, used 5113K [0x00000000d5e00000, 0x00000000da900000, 0x0000000100000000)
  eden space 66560K, 0% used [0x00000000d5e00000,0x00000000d5e00000,0x00000000d9f00000)
  from space 5120K, 99% used [0x00000000da400000,0x00000000da8fe670,0x00000000da900000)
  to   space 5120K, 0% used [0x00000000d9f00000,0x00000000d9f00000,0x00000000da400000)
 ParOldGen       total 87552K, used 60161K [0x0000000081a00000, 0x0000000086f80000, 0x00000000d5e00000)
  object space 87552K, 68% used [0x0000000081a00000,0x00000000854c04a0,0x0000000086f80000)
 Metaspace       used 10079K, capacity 10280K, committed 10496K, reserved 1058816K
  class space    used 1096K, capacity 1188K, committed 1280K, reserved 1048576K
Event: 1.140 GC heap after
Heap after GC invocations=3 (full 1):
 PSYoungGen      total 71680K, used 0K [0x00000000d5e00000, 0x00000000da900000, 0x0000000100000000)
  eden space 66560K, 0% used [0x00000000d5e00000,0x00000000d5e00000,0x00000000d9f00000)
  from space 5120K, 0% used [0x00000000da400000,0x00000000da400000,0x00000000da900000)
  to   space 5120K, 0% used [0x00000000d9f00000,0x00000000d9f00000,0x00000000da400000)
 ParOldGen       total 118784K, used 48997K [0x0000000081a00000, 0x0000000088e00000, 0x00000000d5e00000)
  object space 118784K, 41% used [0x0000000081a00000,0x00000000849d9448,0x0000000088e00000)
 Metaspace       used 10079K, capacity 10280K, committed 10496K, reserved 1058816K
  class space    used 1096K, capacity 1188K, committed 1280K, reserved 1048576K
}

Deoptimization events (5 events):
Event: 5.749 Thread 0x0000000019151800 Uncommon trap: reason=unstable_if action=reinterpret pc=0x00000000024351b4 method=java.lang.StrictMath.floorOrCeil(DDDD)D @ 90
Event: 7.814 Thread 0x0000000019151800 Uncommon trap: reason=unstable_if action=reinterpret pc=0x00000000023ed6e0 method=sun.java2d.pipe.AAShapePipe.renderTiles(Lsun/java2d/SunGraphics2D;Ljava/awt/Shape;Lsun/java2d/pipe/AATileGenerator;[I)V @ 148
Event: 9.630 Thread 0x0000000019151800 Uncommon trap: reason=unstable_if action=reinterpret pc=0x000000000249b8dc method=sun.dc.DuctusRenderingEngine.getAATileGenerator(Ljava/awt/Shape;Ljava/awt/geom/AffineTransform;Lsun/java2d/pipe/Region;Ljava/awt/BasicStroke;ZZ[I)Lsun/java2d/pipe/AATileGener@LªÍ#@
Event: 9.901 Thread 0x0000000019151800 Uncommon trap: reason=unstable_if action=reinterpret pc=0x0000000002454554 method=java.lang.StrictMath.floorOrCeil(DDDD)D @ 14
Event: 10.425 Thread 0x0000000019151800 Uncommon trap: reason=unstable_if action=reinterpret pc=0x00000000024ac1f8 method=sun.dc.pr.Rasterizer.endPath()V @ 5

Internal exceptions (10 events):
Event: 0.533 Thread 0x0000000002083800 Exception <a 'java/security/PrivilegedActionException'> (0x00000000d622b800) thrown at [C:\re\workspace\8-2-build-windows-amd64-cygwin\jdk8u102\7268\hotspot\src\share\vm\prims\jvm.cpp, line 1386]
Event: 0.533 Thread 0x0000000002083800 Exception <a 'java/security/PrivilegedActionException'> (0x00000000d622ba10) thrown at [C:\re\workspace\8-2-build-windows-amd64-cygwin\jdk8u102\7268\hotspot\src\share\vm\prims\jvm.cpp, line 1386]
Event: 0.540 Thread 0x0000000002083800 Exception <a 'java/io/FileNotFoundException'> (0x00000000d622ea98) thrown at [C:\re\workspace\8-2-build-windows-amd64-cygwin\jdk8u102\7268\hotspot\src\share\vm\prims\jni.cpp, line 709]
Event: 0.621 Thread 0x0000000002083800 Exception <a 'java/lang/NoSuchFieldError': method resolution failed> (0x00000000d62fbd30) thrown at [C:\re\workspace\8-2-build-windows-amd64-cygwin\jdk8u102\7268\hotspot\src\share\vm\prims\methodHandles.cpp, line 1146]
Event: 0.624 Thread 0x0000000002083800 Exception <a 'java/lang/NoSuchFieldError': method resolution failed> (0x00000000d6309080) thrown at [C:\re\workspace\8-2-build-windows-amd64-cygwin\jdk8u102\7268\hotspot\src\share\vm\prims\methodHandles.cpp, line 1146]
Event: 0.709 Thread 0x0000000002083800 Exception <a 'java/io/FileNotFoundException'> (0x00000000d63a7d48) thrown at [C:\re\workspace\8-2-build-windows-amd64-cygwin\jdk8u102\7268\hotspot\src\share\vm\prims\jni.cpp, line 709]
Event: 0.870 Thread 0x0000000002083800 Exception <a 'java/io/FileNotFoundException'> (0x00000000d65a38a8) thrown at [C:\re\workspace\8-2-build-windows-amd64-cygwin\jdk8u102\7268\hotspot\src\share\vm\prims\jni.cpp, line 709]
Event: 0.870 Thread 0x0000000002083800 Exception <a 'java/lang/NullPointerException'> (0x00000000d65a3f58) thrown at [C:\re\workspace\8-2-build-windows-amd64-cygwin\jdk8u102\7268\hotspot\src\share\vm\interpreter\linkResolver.cpp, line 1178]
Event: 0.898 Thread 0x0000000002083800 Exception <a 'java/security/PrivilegedActionException'> (0x00000000d65ef3d0) thrown at [C:\re\workspace\8-2-build-windows-amd64-cygwin\jdk8u102\7268\hotspot\src\share\vm\prims\jvm.cpp, line 1386]
Event: 0.898 Thread 0x0000000002083800 Exception <a 'java/security/PrivilegedActionException'> (0x00000000d65ef7c8) thrown at [C:\re\workspace\8-2-build-windows-amd64-cygwin\jdk8u102\7268\hotspot\src\share\vm\prims\jvm.cpp, line 1386]

Events (10 events):
Event: 19.161 loading class sun/reflect/Label
Event: 19.161 loading class sun/reflect/Label done
Event: 19.161 loading class sun/reflect/Label$PatchInfo
Event: 19.161 loading class sun/reflect/Label$PatchInfo done
Event: 19.162 loading class sun/reflect/MethodAccessorGenerator$1
Event: 19.162 loading class sun/reflect/MethodAccessorGenerator$1 done
Event: 19.162 loading class sun/reflect/ClassDefiner
Event: 19.162 loading class sun/reflect/ClassDefiner done
Event: 19.162 loading class sun/reflect/ClassDefiner$1
Event: 19.162 loading class sun/reflect/ClassDefiner$1 done


Dynamic libraries:
0x000007f6cc160000 - 0x000007f6cc197000 	C:\processing-3.2.1-windows64\processing-3.2.1\java\bin\java.exe
0x000007fba3640000 - 0x000007fba3800000 	C:\windows\SYSTEM32\ntdll.dll
0x000007fb9fea0000 - 0x000007fb9ffd6000 	C:\windows\system32\KERNEL32.DLL
0x000007fb92540000 - 0x000007fb92572000 	C:\Program Files (x86)\AVG\AVG2015\avghooka.dll
0x000007fb9f550000 - 0x000007fb9f643000 	C:\windows\system32\KERNELBASE.dll
0x000007fba02d0000 - 0x000007fba03ae000 	C:\windows\system32\ADVAPI32.dll
0x000007fba0180000 - 0x000007fba02cc000 	C:\windows\system32\USER32.dll
0x000007fb9ba10000 - 0x000007fb9bc7a000 	C:\windows\WinSxS\amd64_microsoft.windows.common-controls_6595b64144ccf1df_6.0.9200.16579_none_418ab7ef718b27ef\COMCTL32.dll
0x000007fba07d0000 - 0x000007fba0875000 	C:\windows\system32\msvcrt.dll
0x000007fba06f0000 - 0x000007fba0738000 	C:\windows\SYSTEM32\sechost.dll
0x000007fba0880000 - 0x000007fba09c0000 	C:\windows\system32\RPCRT4.dll
0x000007fba0db0000 - 0x000007fba0ef0000 	C:\windows\system32\GDI32.dll
0x000007fba0cc0000 - 0x000007fba0cf9000 	C:\windows\system32\IMM32.DLL
0x000007fb9f930000 - 0x000007fb9fa45000 	C:\windows\system32\MSCTF.dll
0x000000006cd10000 - 0x000000006cde1000 	C:\processing-3.2.1-windows64\processing-3.2.1\java\bin\msvcr100.dll
0x000000006c470000 - 0x000000006cd0a000 	C:\processing-3.2.1-windows64\processing-3.2.1\java\bin\server\jvm.dll
0x000007fb8c9a0000 - 0x000007fb8c9a9000 	C:\windows\SYSTEM32\WSOCK32.dll
0x000007fb9d4d0000 - 0x000007fb9d4f0000 	C:\windows\SYSTEM32\WINMM.dll
0x000007fb995d0000 - 0x000007fb995d9000 	C:\windows\SYSTEM32\VERSION.dll
0x000007fba09c0000 - 0x000007fba09c7000 	C:\windows\system32\PSAPI.DLL
0x000007fba0a30000 - 0x000007fba0a88000 	C:\windows\system32\WS2_32.dll
0x000007fb9d490000 - 0x000007fb9d4c2000 	C:\windows\SYSTEM32\WINMMBASE.dll
0x000007fba2340000 - 0x000007fba2349000 	C:\windows\system32\NSI.dll
0x000000006c460000 - 0x000000006c46f000 	C:\processing-3.2.1-windows64\processing-3.2.1\java\bin\verify.dll
0x000000006c430000 - 0x000000006c459000 	C:\processing-3.2.1-windows64\processing-3.2.1\java\bin\java.dll
0x000000006d650000 - 0x000000006d685000 	C:\processing-3.2.1-windows64\processing-3.2.1\java\bin\jdwp.dll
0x000000006d640000 - 0x000000006d648000 	C:\processing-3.2.1-windows64\processing-3.2.1\java\bin\npt.dll
0x000000006c410000 - 0x000000006c426000 	C:\processing-3.2.1-windows64\processing-3.2.1\java\bin\zip.dll
0x000007fba0ef0000 - 0x000007fba21d0000 	C:\windows\system32\SHELL32.dll
0x000007fba0540000 - 0x000007fba06f0000 	C:\windows\SYSTEM32\combase.dll
0x000007fb9fa50000 - 0x000007fb9faa0000 	C:\windows\system32\SHLWAPI.dll
0x000007fb9d3f0000 - 0x000007fb9d486000 	C:\windows\SYSTEM32\SHCORE.dll
0x000007fb9f220000 - 0x000007fb9f235000 	C:\windows\SYSTEM32\profapi.dll
0x000000006d630000 - 0x000000006d639000 	C:\processing-3.2.1-windows64\processing-3.2.1\java\bin\dt_socket.dll
0x000007fb9ea70000 - 0x000007fb9eacc000 	C:\windows\system32\mswsock.dll
0x000000006c270000 - 0x000000006c408000 	C:\processing-3.2.1-windows64\processing-3.2.1\java\bin\awt.dll
0x000007fb9fd30000 - 0x000007fb9fdf3000 	C:\windows\system32\OLEAUT32.dll
0x000007fb997a0000 - 0x000007fb9983f000 	C:\windows\system32\apphelp.dll
0x000007fb9e0b0000 - 0x000007fb9e196000 	C:\windows\system32\uxtheme.dll
0x000007fb9cbc0000 - 0x000007fb9cbe1000 	C:\windows\SYSTEM32\dwmapi.dll
0x000007fba03b0000 - 0x000007fba052e000 	C:\windows\system32\ole32.dll
0x000007fb9f060000 - 0x000007fb9f06a000 	C:\windows\SYSTEM32\CRYPTBASE.dll
0x000007fb9f000000 - 0x000007fb9f05c000 	C:\windows\SYSTEM32\bcryptPrimitives.dll
0x000000006c1e0000 - 0x000000006c227000 	C:\processing-3.2.1-windows64\processing-3.2.1\java\bin\fontmanager.dll
0x0000000064940000 - 0x0000000064955000 	C:\Users\SADAYOSHI!\Documents\Processing\libraries\sound\library\windows64\libwinpthread-1.dll
0x0000000070440000 - 0x00000000705c1000 	C:\Users\SADAYOSHI!\Documents\Processing\libraries\sound\library\windows64\libsndfile-1.dll
0x0000000063c80000 - 0x0000000063e0e000 	C:\Users\SADAYOSHI!\Documents\Processing\libraries\sound\library\windows64\libmpg123-0.dll
0x0000000065880000 - 0x0000000065f32000 	C:\Users\SADAYOSHI!\Documents\Processing\libraries\sound\library\windows64\libmethcla.dll
0x000000006b980000 - 0x000000006bb8e000 	C:\Users\SADAYOSHI!\Documents\Processing\libraries\sound\library\windows64\libMethClaInterface.dll
0x000007fb9fe00000 - 0x000007fb9fe96000 	C:\windows\SYSTEM32\clbcatq.dll
0x000007fb9d5f0000 - 0x000007fb9d652000 	C:\windows\System32\MMDevApi.dll
0x000007fb9f340000 - 0x000007fb9f362000 	C:\windows\system32\DEVOBJ.dll
0x000007fb9f2f0000 - 0x000007fb9f33f000 	C:\windows\SYSTEM32\cfgmgr32.dll
0x000007fb99f20000 - 0x000007fb99f92000 	C:\windows\SYSTEM32\AUDIOSES.DLL
0x000007fb9f1c0000 - 0x000007fb9f203000 	C:\windows\SYSTEM32\powrprof.dll
0x000007fb881a0000 - 0x000007fb8833c000 	C:\Users\SADAYOSHI!\Documents\Processing\libraries\KinectPV2\library\Kinect20.Face.dll
0x000007fb978f0000 - 0x000007fb97997000 	C:\windows\SYSTEM32\MSVCP110.dll
0x000007fb98eb0000 - 0x000007fb98f84000 	C:\windows\SYSTEM32\MSVCR110.dll
0x000007fb96430000 - 0x000007fb96441000 	C:\Users\SADAYOSHI!\Documents\Processing\libraries\KinectPV2\library\KinectPV2.dll
0x000007fb8b8c0000 - 0x000007fb8b97a000 	C:\windows\SYSTEM32\Kinect20.dll
0x000007fb8daf0000 - 0x000007fb8dbb1000 	C:\windows\SYSTEM32\MFPlat.DLL
0x000007fb9d5c0000 - 0x000007fb9d5c9000 	C:\windows\SYSTEM32\AVRT.dll
0x000000006be90000 - 0x000000006c119000 	C:\Program Files (x86)\Google\Google Japanese Input\GoogleIMEJaTIP64.dll
0x000007fb967c0000 - 0x000007fb96802000 	C:\windows\SYSTEM32\input.dll
0x000007fb8af80000 - 0x000007fb8b0e3000 	C:\windows\SYSTEM32\dbghelp.dll
0x000007fb99a10000 - 0x000007fb99dbf000 	C:\windows\SYSTEM32\d2d1.dll
0x000007fb9c1c0000 - 0x000007fb9c385000 	C:\windows\SYSTEM32\DWrite.dll
0x000007fb9e850000 - 0x000007fb9e86f000 	C:\windows\SYSTEM32\USERENV.dll
0x000000006c160000 - 0x000000006c18a000 	C:\processing-3.2.1-windows64\processing-3.2.1\java\bin\dcpr.dll

VM Arguments:
jvm_args: -agentlib:jdwp=transport=dt_socket,address=8563,server=y,suspend=y,quiet=y -Djna.nosys=true -Djava.ext.dirs=C:\processing-3.2.1-windows64\processing-3.2.1\java\lib\ext -Djava.library.path=;C:\processing-3.2.1-windows64\processing-3.2.1\core\library;C:\Users\SADAYOSHI!\Documents\Processing\libraries\KinectPV2\library;C:\Users\SADAYOSHI!\Documents\Processing\libraries\sound\library\windows64;C:\processing-3.2.1-windows64\processing-3.2.1\java\bin;C:\windows\system32;C:\windows;C:\ProgramData\Oracle\Java\javapath;C:\Program Files (x86)\Intel\iCLS Client;C:\Program Files\Intel\iCLS Client;C:\windows\system32;C:\windows;C:\windows\System32\Wbem;C:\windows\System32\WindowsPowerShell\v1.0;C:\Program Files\Intel\Intel(R) Management Engine Components\DAL;C:\Program Files\Intel\Intel(R) Management Engine Components\IPT;C:\Program Files (x86)\Intel\Intel(R) Management Engine Components\DAL;C:\Program Files (x86)\Intel\Intel(R) Management Engine Components\IPT;C:\Program Files (x86)\Intel\OpenCL SDK\2.0\bin\x86;C:\Program Files (x86)\Intel\OpenCL SDK\2.0\bin\x64;C:\Program Files\Java\jre6\bin;C:\borland\bcc55\Bin;C:\Program Files (x86)\QuickTime\QTSystem;C:\apache-ant-1.9.4\bin;C:\Program Files (x86)\Skype\Phone;C:\MinGW\bin;C:\processing-3.2.1-windows64\processing-3.2.1\java\bin;. -ea 
java_command: processing.core.PApplet --location=0,0 --external --display=1 --present --stop-color=#cccccc --window-color=#666666 --sketch-path=C:\Users\SADAYOSHI!\Documents\GitHub\Sound-Motion_Mod\SoundMotion_v5a SoundMotion_v5a
java_class_path (initial): C:\Users\SADAYO~1\AppData\Local\Temp\SoundMotion_v5a5699627431224894721temp;C:\processing-3.2.1-windows64\processing-3.2.1\core\library\core.jar;C:\processing-3.2.1-windows64\processing-3.2.1\core\library\gluegen-rt-natives-linux-amd64.jar;C:\processing-3.2.1-windows64\processing-3.2.1\core\library\gluegen-rt-natives-linux-armv6hf.jar;C:\processing-3.2.1-windows64\processing-3.2.1\core\library\gluegen-rt-natives-linux-i586.jar;C:\processing-3.2.1-windows64\processing-3.2.1\core\library\gluegen-rt-natives-macosx-universal.jar;C:\processing-3.2.1-windows64\processing-3.2.1\core\library\gluegen-rt-natives-windows-amd64.jar;C:\processing-3.2.1-windows64\processing-3.2.1\core\library\gluegen-rt-natives-windows-i586.jar;C:\processing-3.2.1-windows64\processing-3.2.1\core\library\gluegen-rt.jar;C:\processing-3.2.1-windows64\processing-3.2.1\core\library\jogl-all-natives-linux-amd64.jar;C:\processing-3.2.1-windows64\processing-3.2.1\core\library\jogl-all-natives-linux-armv6hf.jar;C:\processing-3.2.1-windows64\processing-3.2.1\core\library\jogl-all-natives-linux-i586.jar;C:\processing-3.2.1-windows64\processing-3.2.1\core\library\jogl-all-natives-macosx-universal.jar;C:\processing-3.2.1-windows64\processing-3.2.1\core\library\jogl-all-natives-windows-amd64.jar;C:\processing-3.2.1-windows64\processing-3.2.1\core\library\jogl-all-natives-windows-i586.jar;C:\processing-3.2.1-windows64\processing-3.2.1\core\library\jogl-all.jar;C:\Users\SADAYOSHI!\Documents\Processing\libraries\KinectPV2\library\KinectPV2.jar;C:\Users\SADAYOSHI!\Documents\Processing\libraries\sound\library\sound.jar;lib;lib\pde.jar;core\library\core.jar;lib\jna.jar;lib\jna-platform.jar;lib\antlr.jar;lib\ant.jar;lib\ant-launcher.jar
Launcher Type: SUN_STANDARD

Environment Variables:
CLASSPATH=.;C:\Program Files (x86)\Java\jre7\lib\ext\QTJava.zip
PATH=C:\ProgramData\Oracle\Java\javapath;C:\Program Files (x86)\Intel\iCLS Client\;C:\Program Files\Intel\iCLS Client\;C:\windows\system32;C:\windows;C:\windows\System32\Wbem;C:\windows\System32\WindowsPowerShell\v1.0\;C:\Program Files\Intel\Intel(R) Management Engine Components\DAL;C:\Program Files\Intel\Intel(R) Management Engine Components\IPT;C:\Program Files (x86)\Intel\Intel(R) Management Engine Components\DAL;C:\Program Files (x86)\Intel\Intel(R) Management Engine Components\IPT;C:\Program Files (x86)\Intel\OpenCL SDK\2.0\bin\x86;C:\Program Files (x86)\Intel\OpenCL SDK\2.0\bin\x64;C:\Program Files\Java\jre6\bin;C:\borland\bcc55\Bin;C:\Program Files (x86)\QuickTime\QTSystem\;C:\apache-ant-1.9.4\bin;C:\Users\by_sK\AppData\Local\Android\sdk\platform-tools;C:\Program Files (x86)\Skype\Phone\;C:\MinGW\bin;;C:\processing-3.2.1-windows64\processing-3.2.1\java\bin
USERNAME=SADAYOSHI!
OS=Windows_NT
PROCESSOR_IDENTIFIER=Intel64 Family 6 Model 58 Stepping 9, GenuineIntel



---------------  S Y S T E M  ---------------

OS: Windows 8 , 64 bit Build 9200 (6.2.9200.16384)

CPU:total 4 (2 cores per cpu, 2 threads per core) family 6 model 58 stepping 9, cmov, cx8, fxsr, mmx, sse, sse2, sse3, ssse3, sse4.1, sse4.2, popcnt, avx, clmul, erms, ht, tsc, tscinvbit, tscinv

Memory: 4k page, physical 8280212k(4576680k free), swap 11163796k(5608136k free)

vm_info: Java HotSpot(TM) 64-Bit Server VM (25.102-b14) for windows-amd64 JRE (1.8.0_102-b14), built on Jun 22 2016 13:15:21 by "java_re" with MS VC++ 10.0 (VS2010)

time: Mon Nov 21 17:50:46 2016
elapsed time: 19 seconds (0d 0h 0m 19s)

