#
# A fatal error has been detected by the Java Runtime Environment:
#
#  EXCEPTION_ACCESS_VIOLATION (0xc0000005) at pc=0x000007fb97535536, pid=2884, tid=0x0000000000001a58
#
# JRE version: Java(TM) SE Runtime Environment (8.0_102-b14) (build 1.8.0_102-b14)
# Java VM: Java HotSpot(TM) 64-Bit Server VM (25.102-b14 mixed mode windows-amd64 compressed oops)
# Problematic frame:
# C  [KinectPV2.dll+0x5536]
#
# Failed to write core dump. Minidumps are not enabled by default on client versions of Windows
#
# If you would like to submit a bug report, please visit:
#   http://bugreport.java.com/bugreport/crash.jsp
# The crash happened outside the Java Virtual Machine in native code.
# See problematic frame for where to report the bug.
#

---------------  T H R E A D  ---------------

Current thread (0x000000001a326000):  JavaThread "Animation Thread" [_thread_in_native, id=6744, stack(0x000000001b730000,0x000000001b830000)]

siginfo: ExceptionCode=0xc0000005, reading address 0x00006a7ed20000d2

Registers:
RAX=0x0000000000000001, RBX=0x00000000011b2030, RCX=0x00006a7ed20000d2, RDX=0x0000000000000000
RSP=0x000000001b82e840, RBP=0x0000000000000000, RSI=0x0000000000000003, RDI=0x00000000011b2278
R8 =0x000000001b82e508, R9 =0x0000000000000000, R10=0x0000000000000000, R11=0x0000000000000286
R12=0x0000000000000000, R13=0x000000001b3ec7c0, R14=0x000000001b82e930, R15=0x000000001a326000
RIP=0x000007fb97535536, EFLAGS=0x0000000000010206

Top of Stack: (sp=0x000000001b82e840)
0x000000001b82e840:   00000000011b2030 000000001b3ec7c0
0x000000001b82e850:   0000000000000000 000000001a324d30
0x000000001b82e860:   000000001a324d30 000007fb9753177a
0x000000001b82e870:   000000001b82e930 000000001b82e910
0x000000001b82e880:   000000001a3261f8 000000001a326000
0x000000001b82e890:   00000000030583fd 0000000003070fec
0x000000001b82e8a0:   000000001b3ec7c0 000000001a326000
0x000000001b82e8b0:   000000001a326000 000000001a326000
0x000000001b82e8c0:   000000001b82e988 0000000003070a02
0x000000001b82e8d0:   000000001b82e8d0 000000001b3ec7c0
0x000000001b82e8e0:   000000001b82e930 000000001b3ee610
0x000000001b82e8f0:   0000000000000000 000000001b3ec7c0
0x000000001b82e900:   0000000000000000 000000001b82e930
0x000000001b82e910:   000000001b82e978 0000000003057bd0
0x000000001b82e920:   0000000000000000 00000000030671a0
0x000000001b82e930:   0000000084d79df0 000000001b82e938 

Instructions: (pc=0x000007fb97535536)
0x000007fb97535516:   8f 90 00 00 00 48 85 c9 74 0d 48 8b 01 ff 50 10
0x000007fb97535526:   48 89 af 90 00 00 00 48 8b 4f 30 48 85 c9 74 0a
0x000007fb97535536:   48 8b 01 ff 50 10 48 89 6f 30 48 8b 4f 60 48 85
0x000007fb97535546:   c9 74 0a 48 8b 01 ff 50 10 48 89 6f 60 48 8b 8f 


Register to memory mapping:

RAX=0x0000000000000001 is an unknown value
RBX=0x00000000011b2030 is an unknown value
RCX=0x00006a7ed20000d2 is an unknown value
RDX=0x0000000000000000 is an unknown value
RSP=0x000000001b82e840 is pointing into the stack for thread: 0x000000001a326000
RBP=0x0000000000000000 is an unknown value
RSI=0x0000000000000003 is an unknown value
RDI=0x00000000011b2278 is an unknown value
R8 =0x000000001b82e508 is pointing into the stack for thread: 0x000000001a326000
R9 =0x0000000000000000 is an unknown value
R10=0x0000000000000000 is an unknown value
R11=0x0000000000000286 is an unknown value
R12=0x0000000000000000 is an unknown value
R13={method} {0x000000001b3ec7c8} 'jniStopSignal' '()Z' in 'KinectPV2/Device'
R14=0x000000001b82e930 is pointing into the stack for thread: 0x000000001a326000
R15=0x000000001a326000 is a thread


Stack: [0x000000001b730000,0x000000001b830000],  sp=0x000000001b82e840,  free space=1018k
Native frames: (J=compiled Java code, j=interpreted, Vv=VM code, C=native code)

Java frames: (J=compiled Java code, j=interpreted, Vv=VM code)
j  KinectPV2.Device.jniStopSignal()Z+0
j  KinectPV2.Device.cleanDevice()Z+1
j  KinectPV2.KinectPV2.dispose()V+10
v  ~StubRoutines::call_stub
j  sun.reflect.NativeMethodAccessorImpl.invoke0(Ljava/lang/reflect/Method;Ljava/lang/Object;[Ljava/lang/Object;)Ljava/lang/Object;+0
j  sun.reflect.NativeMethodAccessorImpl.invoke(Ljava/lang/Object;[Ljava/lang/Object;)Ljava/lang/Object;+100
j  sun.reflect.DelegatingMethodAccessorImpl.invoke(Ljava/lang/Object;[Ljava/lang/Object;)Ljava/lang/Object;+6
j  java.lang.reflect.Method.invoke(Ljava/lang/Object;[Ljava/lang/Object;)Ljava/lang/Object;+56
j  processing.core.PApplet$RegisteredMethods.handle([Ljava/lang/Object;)V+18
J 561 C1 processing.core.PApplet.handleMethods(Ljava/lang/String;)V (21 bytes) @ 0x0000000003291d34 [0x0000000003291a60+0x2d4]
j  processing.core.PApplet.dispose()V+35
j  processing.core.PSurfaceNone$AnimationThread.run()V+156
v  ~StubRoutines::call_stub

---------------  P R O C E S S  ---------------

Java Threads: ( => current thread )
  0x0000000002f53800 JavaThread "DestroyJavaVM" [_thread_blocked, id=6496, stack(0x0000000002b50000,0x0000000002c50000)]
=>0x000000001a326000 JavaThread "Animation Thread" [_thread_in_native, id=6744, stack(0x000000001b730000,0x000000001b830000)]
  0x000000001a218800 JavaThread "AWT-EventQueue-0" [_thread_blocked, id=6168, stack(0x000000001b230000,0x000000001b330000)]
  0x000000001a191000 JavaThread "AWT-Windows" daemon [_thread_in_native, id=4676, stack(0x000000001aaf0000,0x000000001abf0000)]
  0x000000001a18e000 JavaThread "AWT-Shutdown" [_thread_blocked, id=6576, stack(0x000000001a9f0000,0x000000001aaf0000)]
  0x000000001a18d000 JavaThread "Java2D Disposer" daemon [_thread_blocked, id=4244, stack(0x000000001a8f0000,0x000000001a9f0000)]
  0x0000000019225800 JavaThread "Service Thread" daemon [_thread_blocked, id=7064, stack(0x0000000019b80000,0x0000000019c80000)]
  0x000000001919f000 JavaThread "C1 CompilerThread2" daemon [_thread_blocked, id=5392, stack(0x0000000019a80000,0x0000000019b80000)]
  0x000000001919d000 JavaThread "C2 CompilerThread1" daemon [_thread_blocked, id=3292, stack(0x0000000019980000,0x0000000019a80000)]
  0x000000001919b000 JavaThread "C2 CompilerThread0" daemon [_thread_blocked, id=3208, stack(0x0000000019880000,0x0000000019980000)]
  0x0000000019190800 JavaThread "JDWP Command Reader" daemon [_thread_in_native, id=6536, stack(0x0000000019780000,0x0000000019880000)]
  0x000000001918d000 JavaThread "JDWP Event Helper Thread" daemon [_thread_blocked, id=6444, stack(0x0000000019680000,0x0000000019780000)]
  0x0000000019189000 JavaThread "JDWP Transport Listener: dt_socket" daemon [_thread_blocked, id=5180, stack(0x0000000019580000,0x0000000019680000)]
  0x0000000017be6800 JavaThread "Attach Listener" daemon [_thread_blocked, id=5464, stack(0x0000000019080000,0x0000000019180000)]
  0x0000000017b9f800 JavaThread "Signal Dispatcher" daemon [_thread_blocked, id=6480, stack(0x0000000018f80000,0x0000000019080000)]
  0x000000000304d800 JavaThread "Finalizer" daemon [_thread_blocked, id=1808, stack(0x0000000018e00000,0x0000000018f00000)]
  0x0000000003042000 JavaThread "Reference Handler" daemon [_thread_blocked, id=6972, stack(0x0000000018d00000,0x0000000018e00000)]

Other Threads:
  0x0000000017b56800 VMThread [stack: 0x0000000018c00000,0x0000000018d00000] [id=6616]
  0x0000000019288800 WatcherThread [stack: 0x0000000019c80000,0x0000000019d80000] [id=5980]

VM state:not at safepoint (normal execution)

VM Mutex/Monitor currently owned by a thread: None

Heap:
 PSYoungGen      total 71680K, used 37382K [0x00000000d5e00000, 0x00000000da900000, 0x0000000100000000)
  eden space 66560K, 56% used [0x00000000d5e00000,0x00000000d8281890,0x00000000d9f00000)
  from space 5120K, 0% used [0x00000000da400000,0x00000000da400000,0x00000000da900000)
  to   space 5120K, 0% used [0x00000000d9f00000,0x00000000d9f00000,0x00000000da400000)
 ParOldGen       total 133632K, used 53001K [0x0000000081a00000, 0x0000000089c80000, 0x00000000d5e00000)
  object space 133632K, 39% used [0x0000000081a00000,0x0000000084dc2730,0x0000000089c80000)
 Metaspace       used 10544K, capacity 10742K, committed 11008K, reserved 1058816K
  class space    used 1122K, capacity 1189K, committed 1280K, reserved 1048576K

Card table byte_map: [0x0000000012410000,0x0000000012810000] byte_map_base: 0x0000000012003000

Marking Bits: (ParMarkBitMap*) 0x000000006cc8a6c0
 Begin Bits: [0x0000000012ec0000, 0x0000000014e58000)
 End Bits:   [0x0000000014e58000, 0x0000000016df0000)

Polling page: 0x0000000001340000

CodeCache: size=245760Kb used=2774Kb max_used=2774Kb free=242985Kb
 bounds [0x0000000003050000, 0x0000000003310000, 0x0000000012050000]
 total_blobs=1196 nmethods=711 adapters=406
 compilation: enabled

Compilation events (10 events):
Event: 5.945 Thread 0x000000001919f000  707       3       java.util.concurrent.locks.ReentrantLock::unlock (10 bytes)
Event: 5.946 Thread 0x000000001919f000 nmethod 707 0x0000000003305390 code [0x0000000003305520, 0x0000000003305938]
Event: 5.946 Thread 0x000000001919f000  708       1       java.beans.PropertyChangeEvent::getNewValue (5 bytes)
Event: 5.946 Thread 0x000000001919f000 nmethod 708 0x0000000003303590 code [0x00000000033036e0, 0x00000000033037f0]
Event: 5.946 Thread 0x000000001919f000  709       1       java.beans.PropertyChangeEvent::getOldValue (5 bytes)
Event: 5.946 Thread 0x000000001919f000 nmethod 709 0x0000000003305a90 code [0x0000000003305be0, 0x0000000003305cf0]
Event: 5.960 Thread 0x000000001919f000  710       3       sun.reflect.ClassFileAssembler::emitByte (11 bytes)
Event: 5.961 Thread 0x000000001919f000 nmethod 710 0x0000000003305f90 code [0x0000000003306100, 0x00000000033062e8]
Event: 5.961 Thread 0x000000001919f000  711       3       sun.reflect.ByteVectorImpl::add (38 bytes)
Event: 5.961 Thread 0x000000001919f000 nmethod 711 0x00000000033063d0 code [0x0000000003306540, 0x0000000003306768]

GC Heap History (6 events):
Event: 0.947 GC heap before
{Heap before GC invocations=1 (full 0):
 PSYoungGen      total 38400K, used 31620K [0x00000000d5e00000, 0x00000000d8880000, 0x0000000100000000)
  eden space 33280K, 95% used [0x00000000d5e00000,0x00000000d7ce13f8,0x00000000d7e80000)
  from space 5120K, 0% used [0x00000000d8380000,0x00000000d8380000,0x00000000d8880000)
  to   space 5120K, 0% used [0x00000000d7e80000,0x00000000d7e80000,0x00000000d8380000)
 ParOldGen       total 87552K, used 0K [0x0000000081a00000, 0x0000000086f80000, 0x00000000d5e00000)
  object space 87552K, 0% used [0x0000000081a00000,0x0000000081a00000,0x0000000086f80000)
 Metaspace       used 10058K, capacity 10280K, committed 10496K, reserved 1058816K
  class space    used 1090K, capacity 1188K, committed 1280K, reserved 1048576K
Event: 0.963 GC heap after
Heap after GC invocations=1 (full 0):
 PSYoungGen      total 38400K, used 5116K [0x00000000d5e00000, 0x00000000da900000, 0x0000000100000000)
  eden space 33280K, 0% used [0x00000000d5e00000,0x00000000d5e00000,0x00000000d7e80000)
  from space 5120K, 99% used [0x00000000d7e80000,0x00000000d837f368,0x00000000d8380000)
  to   space 5120K, 0% used [0x00000000da400000,0x00000000da400000,0x00000000da900000)
 ParOldGen       total 87552K, used 41785K [0x0000000081a00000, 0x0000000086f80000, 0x00000000d5e00000)
  object space 87552K, 47% used [0x0000000081a00000,0x00000000842ce610,0x0000000086f80000)
 Metaspace       used 10058K, capacity 10280K, committed 10496K, reserved 1058816K
  class space    used 1090K, capacity 1188K, committed 1280K, reserved 1048576K
}
Event: 0.969 GC heap before
{Heap before GC invocations=2 (full 0):
 PSYoungGen      total 38400K, used 37643K [0x00000000d5e00000, 0x00000000da900000, 0x0000000100000000)
  eden space 33280K, 97% used [0x00000000d5e00000,0x00000000d7dc39d8,0x00000000d7e80000)
  from space 5120K, 99% used [0x00000000d7e80000,0x00000000d837f368,0x00000000d8380000)
  to   space 5120K, 0% used [0x00000000da400000,0x00000000da400000,0x00000000da900000)
 ParOldGen       total 87552K, used 41785K [0x0000000081a00000, 0x0000000086f80000, 0x00000000d5e00000)
  object space 87552K, 47% used [0x0000000081a00000,0x00000000842ce610,0x0000000086f80000)
 Metaspace       used 10060K, capacity 10280K, committed 10496K, reserved 1058816K
  class space    used 1090K, capacity 1188K, committed 1280K, reserved 1048576K
Event: 0.985 GC heap after
Heap after GC invocations=2 (full 0):
 PSYoungGen      total 71680K, used 5116K [0x00000000d5e00000, 0x00000000da900000, 0x0000000100000000)
  eden space 66560K, 0% used [0x00000000d5e00000,0x00000000d5e00000,0x00000000d9f00000)
  from space 5120K, 99% used [0x00000000da400000,0x00000000da8ff368,0x00000000da900000)
  to   space 5120K, 0% used [0x00000000d9f00000,0x00000000d9f00000,0x00000000da400000)
 ParOldGen       total 87552K, used 72830K [0x0000000081a00000, 0x0000000086f80000, 0x00000000d5e00000)
  object space 87552K, 83% used [0x0000000081a00000,0x000000008611fac0,0x0000000086f80000)
 Metaspace       used 10060K, capacity 10280K, committed 10496K, reserved 1058816K
  class space    used 1090K, capacity 1188K, committed 1280K, reserved 1048576K
}
Event: 0.985 GC heap before
{Heap before GC invocations=3 (full 1):
 PSYoungGen      total 71680K, used 5116K [0x00000000d5e00000, 0x00000000da900000, 0x0000000100000000)
  eden space 66560K, 0% used [0x00000000d5e00000,0x00000000d5e00000,0x00000000d9f00000)
  from space 5120K, 99% used [0x00000000da400000,0x00000000da8ff368,0x00000000da900000)
  to   space 5120K, 0% used [0x00000000d9f00000,0x00000000d9f00000,0x00000000da400000)
 ParOldGen       total 87552K, used 72830K [0x0000000081a00000, 0x0000000086f80000, 0x00000000d5e00000)
  object space 87552K, 83% used [0x0000000081a00000,0x000000008611fac0,0x0000000086f80000)
 Metaspace       used 10060K, capacity 10280K, committed 10496K, reserved 1058816K
  class space    used 1090K, capacity 1188K, committed 1280K, reserved 1048576K
Event: 1.012 GC heap after
Heap after GC invocations=3 (full 1):
 PSYoungGen      total 71680K, used 0K [0x00000000d5e00000, 0x00000000da900000, 0x0000000100000000)
  eden space 66560K, 0% used [0x00000000d5e00000,0x00000000d5e00000,0x00000000d9f00000)
  from space 5120K, 0% used [0x00000000da400000,0x00000000da400000,0x00000000da900000)
  to   space 5120K, 0% used [0x00000000d9f00000,0x00000000d9f00000,0x00000000da400000)
 ParOldGen       total 133632K, used 53001K [0x0000000081a00000, 0x0000000089c80000, 0x00000000d5e00000)
  object space 133632K, 39% used [0x0000000081a00000,0x0000000084dc2730,0x0000000089c80000)
 Metaspace       used 10060K, capacity 10280K, committed 10496K, reserved 1058816K
  class space    used 1090K, capacity 1188K, committed 1280K, reserved 1048576K
}

Deoptimization events (0 events):
No events

Internal exceptions (10 events):
Event: 0.505 Thread 0x0000000002f53800 Exception <a 'java/security/PrivilegedActionException'> (0x00000000d622be18) thrown at [C:\re\workspace\8-2-build-windows-amd64-cygwin\jdk8u102\7268\hotspot\src\share\vm\prims\jvm.cpp, line 1386]
Event: 0.505 Thread 0x0000000002f53800 Exception <a 'java/security/PrivilegedActionException'> (0x00000000d622c028) thrown at [C:\re\workspace\8-2-build-windows-amd64-cygwin\jdk8u102\7268\hotspot\src\share\vm\prims\jvm.cpp, line 1386]
Event: 0.510 Thread 0x0000000002f53800 Exception <a 'java/io/FileNotFoundException'> (0x00000000d622f0b0) thrown at [C:\re\workspace\8-2-build-windows-amd64-cygwin\jdk8u102\7268\hotspot\src\share\vm\prims\jni.cpp, line 709]
Event: 0.563 Thread 0x0000000002f53800 Exception <a 'java/lang/NoSuchFieldError': method resolution failed> (0x00000000d62fc450) thrown at [C:\re\workspace\8-2-build-windows-amd64-cygwin\jdk8u102\7268\hotspot\src\share\vm\prims\methodHandles.cpp, line 1146]
Event: 0.566 Thread 0x0000000002f53800 Exception <a 'java/lang/NoSuchFieldError': method resolution failed> (0x00000000d63097a0) thrown at [C:\re\workspace\8-2-build-windows-amd64-cygwin\jdk8u102\7268\hotspot\src\share\vm\prims\methodHandles.cpp, line 1146]
Event: 0.647 Thread 0x0000000002f53800 Exception <a 'java/io/FileNotFoundException'> (0x00000000d63a82d8) thrown at [C:\re\workspace\8-2-build-windows-amd64-cygwin\jdk8u102\7268\hotspot\src\share\vm\prims\jni.cpp, line 709]
Event: 0.779 Thread 0x0000000002f53800 Exception <a 'java/io/FileNotFoundException'> (0x00000000d65a09f8) thrown at [C:\re\workspace\8-2-build-windows-amd64-cygwin\jdk8u102\7268\hotspot\src\share\vm\prims\jni.cpp, line 709]
Event: 0.779 Thread 0x0000000002f53800 Exception <a 'java/lang/NullPointerException'> (0x00000000d65a10a8) thrown at [C:\re\workspace\8-2-build-windows-amd64-cygwin\jdk8u102\7268\hotspot\src\share\vm\interpreter\linkResolver.cpp, line 1178]
Event: 0.802 Thread 0x0000000002f53800 Exception <a 'java/security/PrivilegedActionException'> (0x00000000d6692b98) thrown at [C:\re\workspace\8-2-build-windows-amd64-cygwin\jdk8u102\7268\hotspot\src\share\vm\prims\jvm.cpp, line 1386]
Event: 0.802 Thread 0x0000000002f53800 Exception <a 'java/security/PrivilegedActionException'> (0x00000000d6692f90) thrown at [C:\re\workspace\8-2-build-windows-amd64-cygwin\jdk8u102\7268\hotspot\src\share\vm\prims\jvm.cpp, line 1386]

Events (10 events):
Event: 5.961 loading class sun/reflect/Label
Event: 5.961 loading class sun/reflect/Label done
Event: 5.961 loading class sun/reflect/Label$PatchInfo
Event: 5.961 loading class sun/reflect/Label$PatchInfo done
Event: 5.962 loading class sun/reflect/MethodAccessorGenerator$1
Event: 5.962 loading class sun/reflect/MethodAccessorGenerator$1 done
Event: 5.962 loading class sun/reflect/ClassDefiner
Event: 5.962 loading class sun/reflect/ClassDefiner done
Event: 5.962 loading class sun/reflect/ClassDefiner$1
Event: 5.962 loading class sun/reflect/ClassDefiner$1 done


Dynamic libraries:
0x000007f65d6a0000 - 0x000007f65d6d7000 	C:\processing-3.2.1-windows64\processing-3.2.1\java\bin\java.exe
0x000007fba3640000 - 0x000007fba3800000 	C:\windows\SYSTEM32\ntdll.dll
0x000007fb9fea0000 - 0x000007fb9ffd6000 	C:\windows\system32\KERNEL32.DLL
0x000007fb92540000 - 0x000007fb92572000 	C:\Program Files (x86)\AVG\AVG2015\avghooka.dll
0x000007fb9f550000 - 0x000007fb9f643000 	C:\windows\system32\KERNELBASE.dll
0x000007fba02d0000 - 0x000007fba03ae000 	C:\windows\system32\ADVAPI32.dll
0x000007fba0180000 - 0x000007fba02cc000 	C:\windows\system32\USER32.dll
0x000007fb9ba10000 - 0x000007fb9bc7a000 	C:\windows\WinSxS\amd64_microsoft.windows.common-controls_6595b64144ccf1df_6.0.9200.16579_none_418ab7ef718b27ef\COMCTL32.dll
0x000007fba07d0000 - 0x000007fba0875000 	C:\windows\system32\msvcrt.dll
0x000007fba06f0000 - 0x000007fba0738000 	C:\windows\SYSTEM32\sechost.dll
0x000007fba0880000 - 0x000007fba09c0000 	C:\windows\system32\RPCRT4.dll
0x000007fba0db0000 - 0x000007fba0ef0000 	C:\windows\system32\GDI32.dll
0x000007fba0cc0000 - 0x000007fba0cf9000 	C:\windows\system32\IMM32.DLL
0x000007fb9f930000 - 0x000007fb9fa45000 	C:\windows\system32\MSCTF.dll
0x000000006cd10000 - 0x000000006cde1000 	C:\processing-3.2.1-windows64\processing-3.2.1\java\bin\msvcr100.dll
0x000000006c470000 - 0x000000006cd0a000 	C:\processing-3.2.1-windows64\processing-3.2.1\java\bin\server\jvm.dll
0x000007fb8c9a0000 - 0x000007fb8c9a9000 	C:\windows\SYSTEM32\WSOCK32.dll
0x000007fb9d4d0000 - 0x000007fb9d4f0000 	C:\windows\SYSTEM32\WINMM.dll
0x000007fb995d0000 - 0x000007fb995d9000 	C:\windows\SYSTEM32\VERSION.dll
0x000007fba09c0000 - 0x000007fba09c7000 	C:\windows\system32\PSAPI.DLL
0x000007fba0a30000 - 0x000007fba0a88000 	C:\windows\system32\WS2_32.dll
0x000007fb9d490000 - 0x000007fb9d4c2000 	C:\windows\SYSTEM32\WINMMBASE.dll
0x000007fba2340000 - 0x000007fba2349000 	C:\windows\system32\NSI.dll
0x000000006c460000 - 0x000000006c46f000 	C:\processing-3.2.1-windows64\processing-3.2.1\java\bin\verify.dll
0x000000006c430000 - 0x000000006c459000 	C:\processing-3.2.1-windows64\processing-3.2.1\java\bin\java.dll
0x000000006c120000 - 0x000000006c155000 	C:\processing-3.2.1-windows64\processing-3.2.1\java\bin\jdwp.dll
0x000000006c110000 - 0x000000006c118000 	C:\processing-3.2.1-windows64\processing-3.2.1\java\bin\npt.dll
0x000000006c410000 - 0x000000006c426000 	C:\processing-3.2.1-windows64\processing-3.2.1\java\bin\zip.dll
0x000007fba0ef0000 - 0x000007fba21d0000 	C:\windows\system32\SHELL32.dll
0x000007fba0540000 - 0x000007fba06f0000 	C:\windows\SYSTEM32\combase.dll
0x000007fb9fa50000 - 0x000007fb9faa0000 	C:\windows\system32\SHLWAPI.dll
0x000007fb9d3f0000 - 0x000007fb9d486000 	C:\windows\SYSTEM32\SHCORE.dll
0x000007fb9f220000 - 0x000007fb9f235000 	C:\windows\SYSTEM32\profapi.dll
0x000000006c100000 - 0x000000006c109000 	C:\processing-3.2.1-windows64\processing-3.2.1\java\bin\dt_socket.dll
0x000007fb9ea70000 - 0x000007fb9eacc000 	C:\windows\system32\mswsock.dll
0x000000006c270000 - 0x000000006c408000 	C:\processing-3.2.1-windows64\processing-3.2.1\java\bin\awt.dll
0x000007fb9fd30000 - 0x000007fb9fdf3000 	C:\windows\system32\OLEAUT32.dll
0x000007fb997a0000 - 0x000007fb9983f000 	C:\windows\system32\apphelp.dll
0x000007fb9e0b0000 - 0x000007fb9e196000 	C:\windows\system32\uxtheme.dll
0x000007fb9cbc0000 - 0x000007fb9cbe1000 	C:\windows\SYSTEM32\dwmapi.dll
0x000007fba03b0000 - 0x000007fba052e000 	C:\windows\system32\ole32.dll
0x000007fb9f060000 - 0x000007fb9f06a000 	C:\windows\SYSTEM32\CRYPTBASE.dll
0x000007fb9f000000 - 0x000007fb9f05c000 	C:\windows\SYSTEM32\bcryptPrimitives.dll
0x000000006c1e0000 - 0x000000006c227000 	C:\processing-3.2.1-windows64\processing-3.2.1\java\bin\fontmanager.dll
0x0000000064940000 - 0x0000000064955000 	C:\Users\SADAYOSHI!\Documents\Processing\libraries\sound\library\windows64\libwinpthread-1.dll
0x0000000070440000 - 0x00000000705c1000 	C:\Users\SADAYOSHI!\Documents\Processing\libraries\sound\library\windows64\libsndfile-1.dll
0x0000000063c80000 - 0x0000000063e0e000 	C:\Users\SADAYOSHI!\Documents\Processing\libraries\sound\library\windows64\libmpg123-0.dll
0x0000000065880000 - 0x0000000065f32000 	C:\Users\SADAYOSHI!\Documents\Processing\libraries\sound\library\windows64\libmethcla.dll
0x000000006b980000 - 0x000000006bb8e000 	C:\Users\SADAYOSHI!\Documents\Processing\libraries\sound\library\windows64\libMethClaInterface.dll
0x000007fb9fe00000 - 0x000007fb9fe96000 	C:\windows\SYSTEM32\clbcatq.dll
0x000007fb9d5f0000 - 0x000007fb9d652000 	C:\windows\System32\MMDevApi.dll
0x000007fb9f340000 - 0x000007fb9f362000 	C:\windows\system32\DEVOBJ.dll
0x000007fb9f2f0000 - 0x000007fb9f33f000 	C:\windows\SYSTEM32\cfgmgr32.dll
0x000007fb99f20000 - 0x000007fb99f92000 	C:\windows\SYSTEM32\AUDIOSES.DLL
0x000007fb9f1c0000 - 0x000007fb9f203000 	C:\windows\SYSTEM32\powrprof.dll
0x000007fb95ac0000 - 0x000007fb95c5c000 	C:\Users\SADAYOSHI!\Documents\Processing\libraries\KinectPV2\library\Kinect20.Face.dll
0x000007fb978f0000 - 0x000007fb97997000 	C:\windows\SYSTEM32\MSVCP110.dll
0x000007fb98eb0000 - 0x000007fb98f84000 	C:\windows\SYSTEM32\MSVCR110.dll
0x000007fb97530000 - 0x000007fb97541000 	C:\Users\SADAYOSHI!\Documents\Processing\libraries\KinectPV2\library\KinectPV2.dll
0x000007fb96390000 - 0x000007fb9644a000 	C:\windows\SYSTEM32\Kinect20.dll
0x000007fb8daf0000 - 0x000007fb8dbb1000 	C:\windows\SYSTEM32\MFPlat.DLL
0x000007fb9d5c0000 - 0x000007fb9d5c9000 	C:\windows\SYSTEM32\AVRT.dll
0x000007fb8f120000 - 0x000007fb8f347000 	C:\Windows\System32\IME\IMEJP\imjptip.dll
0x000007fb9c0d0000 - 0x000007fb9c139000 	C:\windows\SYSTEM32\OLEACC.dll
0x000007fb9d000000 - 0x000007fb9d15a000 	C:\windows\SYSTEM32\PROPSYS.dll
0x000007fb9a220000 - 0x000007fb9a24e000 	C:\windows\SYSTEM32\ntmarta.dll
0x000007fb8ef60000 - 0x000007fb8f10d000 	C:\Windows\System32\IME\IMEJP\imjpapi.dll
0x000007fb8ef30000 - 0x000007fb8ef5f000 	C:\Windows\System32\IME\shared\imjkapi.dll
0x000007fb8ee80000 - 0x000007fb8ef30000 	C:\Windows\System32\IME\IMEJP\imjppred.dll
0x000007fb8edb0000 - 0x000007fb8ee76000 	C:\Windows\System32\IME\shared\imetip.dll
0x000007fb9cbf0000 - 0x000007fb9cda9000 	C:\windows\SYSTEM32\DUI70.dll
0x000007fb8ed90000 - 0x000007fb8edab000 	C:\Windows\System32\IME\shared\imecfm.dll
0x000007fb8ed20000 - 0x000007fb8ed8e000 	C:\windows\SYSTEM32\wer.dll
0x000007fb9bfd0000 - 0x000007fb9c0c6000 	C:\Windows\System32\IME\IMEJP\imjplmp.dll
0x000007fb8ea60000 - 0x000007fb8eaa6000 	C:\Windows\System32\IME\SHARED\imelm.dll
0x000007fb9ead0000 - 0x000007fb9eaea000 	C:\windows\SYSTEM32\CRYPTSP.dll
0x000007fb9e750000 - 0x000007fb9e79b000 	C:\windows\system32\rsaenh.dll
0x000007fb9c630000 - 0x000007fb9c63e000 	C:\Windows\System32\IME\SHARED\imebrokerps.dll
0x000000006c160000 - 0x000000006c18a000 	C:\processing-3.2.1-windows64\processing-3.2.1\java\bin\dcpr.dll
0x000007fb8e6c0000 - 0x000007fb8e6de000 	C:\Windows\System32\IME\SHARED\imesearchdll.dll
0x000007fb8af80000 - 0x000007fb8b0e3000 	C:\windows\SYSTEM32\dbghelp.dll

VM Arguments:
jvm_args: -agentlib:jdwp=transport=dt_socket,address=8673,server=y,suspend=y,quiet=y -Djna.nosys=true -Djava.ext.dirs=C:\processing-3.2.1-windows64\processing-3.2.1\java\lib\ext -Djava.library.path=;C:\processing-3.2.1-windows64\processing-3.2.1\core\library;C:\Users\SADAYOSHI!\Documents\Processing\libraries\KinectPV2\library;C:\Users\SADAYOSHI!\Documents\Processing\libraries\sound\library\windows64;C:\processing-3.2.1-windows64\processing-3.2.1\java\bin;C:\windows\system32;C:\windows;C:\ProgramData\Oracle\Java\javapath;C:\Program Files (x86)\Intel\iCLS Client;C:\Program Files\Intel\iCLS Client;C:\windows\system32;C:\windows;C:\windows\System32\Wbem;C:\windows\System32\WindowsPowerShell\v1.0;C:\Program Files\Intel\Intel(R) Management Engine Components\DAL;C:\Program Files\Intel\Intel(R) Management Engine Components\IPT;C:\Program Files (x86)\Intel\Intel(R) Management Engine Components\DAL;C:\Program Files (x86)\Intel\Intel(R) Management Engine Components\IPT;C:\Program Files (x86)\Intel\OpenCL SDK\2.0\bin\x86;C:\Program Files (x86)\Intel\OpenCL SDK\2.0\bin\x64;C:\Program Files\Java\jre6\bin;C:\borland\bcc55\Bin;C:\Program Files (x86)\QuickTime\QTSystem;C:\apache-ant-1.9.4\bin;C:\Program Files (x86)\Skype\Phone;C:\MinGW\bin;C:\processing-3.2.1-windows64\processing-3.2.1\java\bin;. -ea 
java_command: processing.core.PApplet --editor-location=361,112 --external --display=1 --sketch-path=C:\Users\SADAYOSHI!\Documents\GitHub\Sound-Motion_Mod\SoundMotion_v5a SoundMotion_v5a
java_class_path (initial): C:\Users\SADAYO~1\AppData\Local\Temp\SoundMotion_v5a2402595240768986498temp;C:\processing-3.2.1-windows64\processing-3.2.1\core\library\core.jar;C:\processing-3.2.1-windows64\processing-3.2.1\core\library\gluegen-rt-natives-linux-amd64.jar;C:\processing-3.2.1-windows64\processing-3.2.1\core\library\gluegen-rt-natives-linux-armv6hf.jar;C:\processing-3.2.1-windows64\processing-3.2.1\core\library\gluegen-rt-natives-linux-i586.jar;C:\processing-3.2.1-windows64\processing-3.2.1\core\library\gluegen-rt-natives-macosx-universal.jar;C:\processing-3.2.1-windows64\processing-3.2.1\core\library\gluegen-rt-natives-windows-amd64.jar;C:\processing-3.2.1-windows64\processing-3.2.1\core\library\gluegen-rt-natives-windows-i586.jar;C:\processing-3.2.1-windows64\processing-3.2.1\core\library\gluegen-rt.jar;C:\processing-3.2.1-windows64\processing-3.2.1\core\library\jogl-all-natives-linux-amd64.jar;C:\processing-3.2.1-windows64\processing-3.2.1\core\library\jogl-all-natives-linux-armv6hf.jar;C:\processing-3.2.1-windows64\processing-3.2.1\core\library\jogl-all-natives-linux-i586.jar;C:\processing-3.2.1-windows64\processing-3.2.1\core\library\jogl-all-natives-macosx-universal.jar;C:\processing-3.2.1-windows64\processing-3.2.1\core\library\jogl-all-natives-windows-amd64.jar;C:\processing-3.2.1-windows64\processing-3.2.1\core\library\jogl-all-natives-windows-i586.jar;C:\processing-3.2.1-windows64\processing-3.2.1\core\library\jogl-all.jar;C:\Users\SADAYOSHI!\Documents\Processing\libraries\KinectPV2\library\KinectPV2.jar;C:\Users\SADAYOSHI!\Documents\Processing\libraries\sound\library\sound.jar;lib;lib\pde.jar;core\library\core.jar;lib\jna.jar;lib\jna-platform.jar;lib\antlr.jar;lib\ant.jar;lib\ant-launcher.jar
Launcher Type: SUN_STANDARD

Environment Variables:
CLASSPATH=.;C:\Program Files (x86)\Java\jre7\lib\ext\QTJava.zip
PATH=C:\ProgramData\Oracle\Java\javapath;C:\Program Files (x86)\Intel\iCLS Client\;C:\Program Files\Intel\iCLS Client\;C:\windows\system32;C:\windows;C:\windows\System32\Wbem;C:\windows\System32\WindowsPowerShell\v1.0\;C:\Program Files\Intel\Intel(R) Management Engine Components\DAL;C:\Program Files\Intel\Intel(R) Management Engine Components\IPT;C:\Program Files (x86)\Intel\Intel(R) Management Engine Components\DAL;C:\Program Files (x86)\Intel\Intel(R) Management Engine Components\IPT;C:\Program Files (x86)\Intel\OpenCL SDK\2.0\bin\x86;C:\Program Files (x86)\Intel\OpenCL SDK\2.0\bin\x64;C:\Program Files\Java\jre6\bin;C:\borland\bcc55\Bin;C:\Program Files (x86)\QuickTime\QTSystem\;C:\apache-ant-1.9.4\bin;C:\Users\by_sK\AppData\Local\Android\sdk\platform-tools;C:\Program Files (x86)\Skype\Phone\;C:\MinGW\bin;;C:\processing-3.2.1-windows64\processing-3.2.1\java\bin
USERNAME=SADAYOSHI!
OS=Windows_NT
PROCESSOR_IDENTIFIER=Intel64 Family 6 Model 58 Stepping 9, GenuineIntel



---------------  S Y S T E M  ---------------

OS: Windows 8 , 64 bit Build 9200 (6.2.9200.16384)

CPU:total 4 (2 cores per cpu, 2 threads per core) family 6 model 58 stepping 9, cmov, cx8, fxsr, mmx, sse, sse2, sse3, ssse3, sse4.1, sse4.2, popcnt, avx, clmul, erms, ht, tsc, tscinvbit, tscinv

Memory: 4k page, physical 8280212k(5196740k free), swap 11163796k(6643172k free)

vm_info: Java HotSpot(TM) 64-Bit Server VM (25.102-b14) for windows-amd64 JRE (1.8.0_102-b14), built on Jun 22 2016 13:15:21 by "java_re" with MS VC++ 10.0 (VS2010)

time: Sun Oct 30 13:02:07 2016
elapsed time: 6 seconds (0d 0h 0m 6s)

